{"/Users/adityakumar/Desktop/projects/rn-heroui/src/index.tsx": {"path":"/Users/adityakumar/Desktop/projects/rn-heroui/src/index.tsx","statementMap":{},"fnMap":{},"branchMap":{},"s":{},"f":{},"b":{}}
,"/Users/adityakumar/Desktop/projects/rn-heroui/src/components/Accordion/Accordion.tsx": {"path":"/Users/adityakumar/Desktop/projects/rn-heroui/src/components/Accordion/Accordion.tsx","statementMap":{"0":{"start":{"line":34,"column":25},"end":{"line":34,"column":73}},"1":{"start":{"line":36,"column":35},"end":{"line":42,"column":1}},"2":{"start":{"line":37,"column":18},"end":{"line":37,"column":46}},"3":{"start":{"line":38,"column":2},"end":{"line":40,"column":3}},"4":{"start":{"line":39,"column":4},"end":{"line":39,"column":80}},"5":{"start":{"line":41,"column":2},"end":{"line":41,"column":17}},"6":{"start":{"line":77,"column":25},"end":{"line":163,"column":1}},"7":{"start":{"line":99,"column":22},"end":{"line":99,"column":32}},"8":{"start":{"line":100,"column":60},"end":{"line":102,"column":35}},"9":{"start":{"line":104,"column":25},"end":{"line":104,"column":61}},"10":{"start":{"line":105,"column":25},"end":{"line":107,"column":28}},"11":{"start":{"line":109,"column":23},"end":{"line":134,"column":5}},"12":{"start":{"line":110,"column":30},"end":{"line":110,"column":51}},"13":{"start":{"line":112,"column":6},"end":{"line":127,"column":7}},"14":{"start":{"line":114,"column":8},"end":{"line":119,"column":9}},"15":{"start":{"line":115,"column":10},"end":{"line":115,"column":38}},"16":{"start":{"line":117,"column":10},"end":{"line":117,"column":34}},"17":{"start":{"line":118,"column":10},"end":{"line":118,"column":35}},"18":{"start":{"line":120,"column":13},"end":{"line":127,"column":7}},"19":{"start":{"line":122,"column":8},"end":{"line":126,"column":9}},"20":{"start":{"line":123,"column":10},"end":{"line":123,"column":38}},"21":{"start":{"line":125,"column":10},"end":{"line":125,"column":35}},"22":{"start":{"line":129,"column":6},"end":{"line":131,"column":7}},"23":{"start":{"line":130,"column":8},"end":{"line":130,"column":49}},"24":{"start":{"line":133,"column":6},"end":{"line":133,"column":43}},"25":{"start":{"line":136,"column":19},"end":{"line":143,"column":6}},"26":{"start":{"line":145,"column":4},"end":{"line":161,"column":6}},"27":{"start":{"line":165,"column":0},"end":{"line":165,"column":36}},"28":{"start":{"line":203,"column":29},"end":{"line":459,"column":1}},"29":{"start":{"line":219,"column":22},"end":{"line":219,"column":32}},"30":{"start":{"line":220,"column":20},"end":{"line":220,"column":41}},"31":{"start":{"line":221,"column":21},"end":{"line":221,"column":38}},"32":{"start":{"line":222,"column":26},"end":{"line":222,"column":43}},"33":{"start":{"line":223,"column":27},"end":{"line":223,"column":44}},"34":{"start":{"line":225,"column":23},"end":{"line":225,"column":56}},"35":{"start":{"line":226,"column":23},"end":{"line":226,"column":77}},"36":{"start":{"line":228,"column":4},"end":{"line":253,"column":7}},"37":{"start":{"line":229,"column":6},"end":{"line":246,"column":7}},"38":{"start":{"line":230,"column":8},"end":{"line":230,"column":44}},"39":{"start":{"line":231,"column":8},"end":{"line":231,"column":49}},"40":{"start":{"line":232,"column":8},"end":{"line":232,"column":50}},"41":{"start":{"line":234,"column":8},"end":{"line":237,"column":11}},"42":{"start":{"line":238,"column":8},"end":{"line":241,"column":11}},"43":{"start":{"line":242,"column":8},"end":{"line":245,"column":11}},"44":{"start":{"line":255,"column":35},"end":{"line":261,"column":7}},"45":{"start":{"line":255,"column":59},"end":{"line":261,"column":5}},"46":{"start":{"line":263,"column":33},"end":{"line":270,"column":7}},"47":{"start":{"line":263,"column":57},"end":{"line":270,"column":5}},"48":{"start":{"line":272,"column":24},"end":{"line":276,"column":5}},"49":{"start":{"line":273,"column":6},"end":{"line":275,"column":7}},"50":{"start":{"line":274,"column":8},"end":{"line":274,"column":36}},"51":{"start":{"line":278,"column":29},"end":{"line":314,"column":5}},"52":{"start":{"line":279,"column":35},"end":{"line":282,"column":7}},"53":{"start":{"line":284,"column":6},"end":{"line":313,"column":7}},"54":{"start":{"line":286,"column":10},"end":{"line":291,"column":12}},"55":{"start":{"line":293,"column":10},"end":{"line":299,"column":12}},"56":{"start":{"line":301,"column":10},"end":{"line":305,"column":12}},"57":{"start":{"line":308,"column":10},"end":{"line":312,"column":12}},"58":{"start":{"line":316,"column":19},"end":{"line":364,"column":6}},"59":{"start":{"line":366,"column":28},"end":{"line":405,"column":5}},"60":{"start":{"line":367,"column":6},"end":{"line":369,"column":7}},"61":{"start":{"line":368,"column":8},"end":{"line":368,"column":20}},"62":{"start":{"line":371,"column":6},"end":{"line":377,"column":7}},"63":{"start":{"line":372,"column":8},"end":{"line":376,"column":10}},"64":{"start":{"line":379,"column":6},"end":{"line":391,"column":7}},"65":{"start":{"line":380,"column":8},"end":{"line":390,"column":10}},"66":{"start":{"line":394,"column":6},"end":{"line":404,"column":8}},"67":{"start":{"line":407,"column":4},"end":{"line":457,"column":6}},"68":{"start":{"line":416,"column":34},"end":{"line":420,"column":11}},"69":{"start":{"line":461,"column":0},"end":{"line":461,"column":44}}},"fnMap":{"0":{"name":"(anonymous_0)","decl":{"start":{"line":36,"column":35},"end":{"line":36,"column":36}},"loc":{"start":{"line":36,"column":41},"end":{"line":42,"column":1}},"line":36},"1":{"name":"(anonymous_1)","decl":{"start":{"line":78,"column":2},"end":{"line":78,"column":3}},"loc":{"start":{"line":98,"column":7},"end":{"line":162,"column":3}},"line":98},"2":{"name":"(anonymous_2)","decl":{"start":{"line":109,"column":23},"end":{"line":109,"column":24}},"loc":{"start":{"line":109,"column":40},"end":{"line":134,"column":5}},"line":109},"3":{"name":"(anonymous_3)","decl":{"start":{"line":204,"column":2},"end":{"line":204,"column":3}},"loc":{"start":{"line":218,"column":7},"end":{"line":458,"column":3}},"line":218},"4":{"name":"(anonymous_4)","decl":{"start":{"line":228,"column":20},"end":{"line":228,"column":21}},"loc":{"start":{"line":228,"column":26},"end":{"line":247,"column":5}},"line":228},"5":{"name":"(anonymous_5)","decl":{"start":{"line":255,"column":52},"end":{"line":255,"column":53}},"loc":{"start":{"line":255,"column":59},"end":{"line":261,"column":5}},"line":255},"6":{"name":"(anonymous_6)","decl":{"start":{"line":263,"column":50},"end":{"line":263,"column":51}},"loc":{"start":{"line":263,"column":57},"end":{"line":270,"column":5}},"line":263},"7":{"name":"(anonymous_7)","decl":{"start":{"line":272,"column":24},"end":{"line":272,"column":25}},"loc":{"start":{"line":272,"column":30},"end":{"line":276,"column":5}},"line":272},"8":{"name":"(anonymous_8)","decl":{"start":{"line":278,"column":29},"end":{"line":278,"column":30}},"loc":{"start":{"line":278,"column":35},"end":{"line":314,"column":5}},"line":278},"9":{"name":"(anonymous_9)","decl":{"start":{"line":366,"column":28},"end":{"line":366,"column":29}},"loc":{"start":{"line":366,"column":34},"end":{"line":405,"column":5}},"line":366},"10":{"name":"(anonymous_10)","decl":{"start":{"line":416,"column":17},"end":{"line":416,"column":18}},"loc":{"start":{"line":416,"column":34},"end":{"line":420,"column":11}},"line":416}},"branchMap":{"0":{"loc":{"start":{"line":38,"column":2},"end":{"line":40,"column":3}},"type":"if","locations":[{"start":{"line":38,"column":2},"end":{"line":40,"column":3}},{"start":{},"end":{}}],"line":38},"1":{"loc":{"start":{"line":81,"column":6},"end":{"line":81,"column":23}},"type":"default-arg","locations":[{"start":{"line":81,"column":16},"end":{"line":81,"column":23}}],"line":81},"2":{"loc":{"start":{"line":82,"column":6},"end":{"line":82,"column":30}},"type":"default-arg","locations":[{"start":{"line":82,"column":22},"end":{"line":82,"column":30}}],"line":82},"3":{"loc":{"start":{"line":83,"column":6},"end":{"line":83,"column":23}},"type":"default-arg","locations":[{"start":{"line":83,"column":18},"end":{"line":83,"column":23}}],"line":83},"4":{"loc":{"start":{"line":86,"column":6},"end":{"line":86,"column":27}},"type":"default-arg","locations":[{"start":{"line":86,"column":22},"end":{"line":86,"column":27}}],"line":86},"5":{"loc":{"start":{"line":87,"column":6},"end":{"line":87,"column":30}},"type":"default-arg","locations":[{"start":{"line":87,"column":25},"end":{"line":87,"column":30}}],"line":87},"6":{"loc":{"start":{"line":89,"column":6},"end":{"line":89,"column":30}},"type":"default-arg","locations":[{"start":{"line":89,"column":28},"end":{"line":89,"column":30}}],"line":89},"7":{"loc":{"start":{"line":91,"column":6},"end":{"line":91,"column":23}},"type":"default-arg","locations":[{"start":{"line":91,"column":21},"end":{"line":91,"column":23}}],"line":91},"8":{"loc":{"start":{"line":92,"column":6},"end":{"line":92,"column":22}},"type":"default-arg","locations":[{"start":{"line":92,"column":18},"end":{"line":92,"column":22}}],"line":92},"9":{"loc":{"start":{"line":105,"column":25},"end":{"line":107,"column":28}},"type":"cond-expr","locations":[{"start":{"line":106,"column":8},"end":{"line":106,"column":39}},{"start":{"line":107,"column":8},"end":{"line":107,"column":28}}],"line":105},"10":{"loc":{"start":{"line":112,"column":6},"end":{"line":127,"column":7}},"type":"if","locations":[{"start":{"line":112,"column":6},"end":{"line":127,"column":7}},{"start":{"line":120,"column":13},"end":{"line":127,"column":7}}],"line":112},"11":{"loc":{"start":{"line":114,"column":8},"end":{"line":119,"column":9}},"type":"if","locations":[{"start":{"line":114,"column":8},"end":{"line":119,"column":9}},{"start":{"line":116,"column":15},"end":{"line":119,"column":9}}],"line":114},"12":{"loc":{"start":{"line":120,"column":13},"end":{"line":127,"column":7}},"type":"if","locations":[{"start":{"line":120,"column":13},"end":{"line":127,"column":7}},{"start":{},"end":{}}],"line":120},"13":{"loc":{"start":{"line":122,"column":8},"end":{"line":126,"column":9}},"type":"if","locations":[{"start":{"line":122,"column":8},"end":{"line":126,"column":9}},{"start":{"line":124,"column":15},"end":{"line":126,"column":9}}],"line":122},"14":{"loc":{"start":{"line":129,"column":6},"end":{"line":131,"column":7}},"type":"if","locations":[{"start":{"line":129,"column":6},"end":{"line":131,"column":7}},{"start":{},"end":{}}],"line":129},"15":{"loc":{"start":{"line":138,"column":15},"end":{"line":138,"column":42}},"type":"cond-expr","locations":[{"start":{"line":138,"column":27},"end":{"line":138,"column":33}},{"start":{"line":138,"column":36},"end":{"line":138,"column":42}}],"line":138},"16":{"loc":{"start":{"line":139,"column":12},"end":{"line":141,"column":9}},"type":"binary-expr","locations":[{"start":{"line":139,"column":12},"end":{"line":139,"column":34}},{"start":{"line":139,"column":38},"end":{"line":141,"column":9}}],"line":139},"17":{"loc":{"start":{"line":212,"column":18},"end":{"line":212,"column":38}},"type":"default-arg","locations":[{"start":{"line":212,"column":33},"end":{"line":212,"column":38}}],"line":212},"18":{"loc":{"start":{"line":226,"column":23},"end":{"line":226,"column":77}},"type":"binary-expr","locations":[{"start":{"line":226,"column":23},"end":{"line":226,"column":35}},{"start":{"line":226,"column":39},"end":{"line":226,"column":77}}],"line":226},"19":{"loc":{"start":{"line":229,"column":6},"end":{"line":246,"column":7}},"type":"if","locations":[{"start":{"line":229,"column":6},"end":{"line":246,"column":7}},{"start":{"line":233,"column":13},"end":{"line":246,"column":7}}],"line":229},"20":{"loc":{"start":{"line":230,"column":25},"end":{"line":230,"column":43}},"type":"cond-expr","locations":[{"start":{"line":230,"column":38},"end":{"line":230,"column":39}},{"start":{"line":230,"column":42},"end":{"line":230,"column":43}}],"line":230},"21":{"loc":{"start":{"line":231,"column":30},"end":{"line":231,"column":48}},"type":"cond-expr","locations":[{"start":{"line":231,"column":43},"end":{"line":231,"column":44}},{"start":{"line":231,"column":47},"end":{"line":231,"column":48}}],"line":231},"22":{"loc":{"start":{"line":232,"column":31},"end":{"line":232,"column":49}},"type":"cond-expr","locations":[{"start":{"line":232,"column":44},"end":{"line":232,"column":45}},{"start":{"line":232,"column":48},"end":{"line":232,"column":49}}],"line":232},"23":{"loc":{"start":{"line":234,"column":36},"end":{"line":234,"column":54}},"type":"cond-expr","locations":[{"start":{"line":234,"column":49},"end":{"line":234,"column":50}},{"start":{"line":234,"column":53},"end":{"line":234,"column":54}}],"line":234},"24":{"loc":{"start":{"line":238,"column":41},"end":{"line":238,"column":59}},"type":"cond-expr","locations":[{"start":{"line":238,"column":54},"end":{"line":238,"column":55}},{"start":{"line":238,"column":58},"end":{"line":238,"column":59}}],"line":238},"25":{"loc":{"start":{"line":242,"column":42},"end":{"line":242,"column":60}},"type":"cond-expr","locations":[{"start":{"line":242,"column":55},"end":{"line":242,"column":56}},{"start":{"line":242,"column":59},"end":{"line":242,"column":60}}],"line":242},"26":{"loc":{"start":{"line":273,"column":6},"end":{"line":275,"column":7}},"type":"if","locations":[{"start":{"line":273,"column":6},"end":{"line":275,"column":7}},{"start":{},"end":{}}],"line":273},"27":{"loc":{"start":{"line":284,"column":6},"end":{"line":313,"column":7}},"type":"switch","locations":[{"start":{"line":285,"column":8},"end":{"line":291,"column":12}},{"start":{"line":292,"column":8},"end":{"line":299,"column":12}},{"start":{"line":300,"column":8},"end":{"line":305,"column":12}},{"start":{"line":306,"column":8},"end":{"line":306,"column":21}},{"start":{"line":307,"column":8},"end":{"line":312,"column":12}}],"line":284},"28":{"loc":{"start":{"line":310,"column":31},"end":{"line":310,"column":49}},"type":"cond-expr","locations":[{"start":{"line":310,"column":44},"end":{"line":310,"column":45}},{"start":{"line":310,"column":48},"end":{"line":310,"column":49}}],"line":310},"29":{"loc":{"start":{"line":323,"column":17},"end":{"line":325,"column":35}},"type":"cond-expr","locations":[{"start":{"line":324,"column":12},"end":{"line":324,"column":35}},{"start":{"line":325,"column":12},"end":{"line":325,"column":35}}],"line":323},"30":{"loc":{"start":{"line":327,"column":10},"end":{"line":327,"column":77}},"type":"cond-expr","locations":[{"start":{"line":327,"column":40},"end":{"line":327,"column":53}},{"start":{"line":327,"column":56},"end":{"line":327,"column":77}}],"line":327},"31":{"loc":{"start":{"line":328,"column":17},"end":{"line":328,"column":37}},"type":"cond-expr","locations":[{"start":{"line":328,"column":30},"end":{"line":328,"column":33}},{"start":{"line":328,"column":36},"end":{"line":328,"column":37}}],"line":328},"32":{"loc":{"start":{"line":353,"column":17},"end":{"line":355,"column":35}},"type":"cond-expr","locations":[{"start":{"line":354,"column":12},"end":{"line":354,"column":35}},{"start":{"line":355,"column":12},"end":{"line":355,"column":35}}],"line":353},"33":{"loc":{"start":{"line":358,"column":10},"end":{"line":358,"column":77}},"type":"cond-expr","locations":[{"start":{"line":358,"column":40},"end":{"line":358,"column":53}},{"start":{"line":358,"column":56},"end":{"line":358,"column":77}}],"line":358},"34":{"loc":{"start":{"line":367,"column":6},"end":{"line":369,"column":7}},"type":"if","locations":[{"start":{"line":367,"column":6},"end":{"line":369,"column":7}},{"start":{},"end":{}}],"line":367},"35":{"loc":{"start":{"line":371,"column":6},"end":{"line":377,"column":7}},"type":"if","locations":[{"start":{"line":371,"column":6},"end":{"line":377,"column":7}},{"start":{},"end":{}}],"line":371},"36":{"loc":{"start":{"line":379,"column":6},"end":{"line":391,"column":7}},"type":"if","locations":[{"start":{"line":379,"column":6},"end":{"line":391,"column":7}},{"start":{},"end":{}}],"line":379},"37":{"loc":{"start":{"line":419,"column":12},"end":{"line":419,"column":44}},"type":"binary-expr","locations":[{"start":{"line":419,"column":12},"end":{"line":419,"column":19}},{"start":{"line":419,"column":23},"end":{"line":419,"column":44}}],"line":419},"38":{"loc":{"start":{"line":427,"column":11},"end":{"line":431,"column":11}},"type":"binary-expr","locations":[{"start":{"line":427,"column":11},"end":{"line":427,"column":23}},{"start":{"line":428,"column":12},"end":{"line":430,"column":19}}],"line":427},"39":{"loc":{"start":{"line":433,"column":13},"end":{"line":437,"column":13}},"type":"cond-expr","locations":[{"start":{"line":434,"column":14},"end":{"line":434,"column":76}},{"start":{"line":436,"column":14},"end":{"line":436,"column":19}}],"line":433},"40":{"loc":{"start":{"line":438,"column":13},"end":{"line":445,"column":16}},"type":"binary-expr","locations":[{"start":{"line":438,"column":13},"end":{"line":438,"column":21}},{"start":{"line":439,"column":15},"end":{"line":445,"column":15}}],"line":438},"41":{"loc":{"start":{"line":439,"column":15},"end":{"line":445,"column":15}},"type":"cond-expr","locations":[{"start":{"line":440,"column":16},"end":{"line":442,"column":23}},{"start":{"line":444,"column":16},"end":{"line":444,"column":24}}],"line":439},"42":{"loc":{"start":{"line":449,"column":9},"end":{"line":455,"column":9}},"type":"binary-expr","locations":[{"start":{"line":449,"column":9},"end":{"line":449,"column":19}},{"start":{"line":450,"column":10},"end":{"line":454,"column":26}}],"line":449}},"s":{"0":0,"1":0,"2":0,"3":0,"4":0,"5":0,"6":0,"7":0,"8":0,"9":0,"10":0,"11":0,"12":0,"13":0,"14":0,"15":0,"16":0,"17":0,"18":0,"19":0,"20":0,"21":0,"22":0,"23":0,"24":0,"25":0,"26":0,"27":0,"28":0,"29":0,"30":0,"31":0,"32":0,"33":0,"34":0,"35":0,"36":0,"37":0,"38":0,"39":0,"40":0,"41":0,"42":0,"43":0,"44":0,"45":0,"46":0,"47":0,"48":0,"49":0,"50":0,"51":0,"52":0,"53":0,"54":0,"55":0,"56":0,"57":0,"58":0,"59":0,"60":0,"61":0,"62":0,"63":0,"64":0,"65":0,"66":0,"67":0,"68":0,"69":0},"f":{"0":0,"1":0,"2":0,"3":0,"4":0,"5":0,"6":0,"7":0,"8":0,"9":0,"10":0},"b":{"0":[0,0],"1":[0],"2":[0],"3":[0],"4":[0],"5":[0],"6":[0],"7":[0],"8":[0],"9":[0,0],"10":[0,0],"11":[0,0],"12":[0,0],"13":[0,0],"14":[0,0],"15":[0,0],"16":[0,0],"17":[0],"18":[0,0],"19":[0,0],"20":[0,0],"21":[0,0],"22":[0,0],"23":[0,0],"24":[0,0],"25":[0,0],"26":[0,0],"27":[0,0,0,0,0],"28":[0,0],"29":[0,0],"30":[0,0],"31":[0,0],"32":[0,0],"33":[0,0],"34":[0,0],"35":[0,0],"36":[0,0],"37":[0,0],"38":[0,0],"39":[0,0],"40":[0,0],"41":[0,0],"42":[0,0]}}
,"/Users/adityakumar/Desktop/projects/rn-heroui/src/components/Alert/Alert.tsx": {"path":"/Users/adityakumar/Desktop/projects/rn-heroui/src/components/Alert/Alert.tsx","statementMap":{"0":{"start":{"line":80,"column":23},"end":{"line":95,"column":1}},"1":{"start":{"line":81,"column":2},"end":{"line":94,"column":3}},"2":{"start":{"line":83,"column":6},"end":{"line":83,"column":17}},"3":{"start":{"line":85,"column":6},"end":{"line":85,"column":17}},"4":{"start":{"line":87,"column":6},"end":{"line":87,"column":17}},"5":{"start":{"line":89,"column":6},"end":{"line":89,"column":17}},"6":{"start":{"line":91,"column":6},"end":{"line":91,"column":17}},"7":{"start":{"line":93,"column":6},"end":{"line":93,"column":17}},"8":{"start":{"line":97,"column":21},"end":{"line":369,"column":1}},"9":{"start":{"line":121,"column":22},"end":{"line":121,"column":32}},"10":{"start":{"line":122,"column":50},"end":{"line":122,"column":64}},"11":{"start":{"line":123,"column":20},"end":{"line":123,"column":37}},"12":{"start":{"line":124,"column":23},"end":{"line":124,"column":42}},"13":{"start":{"line":126,"column":25},"end":{"line":126,"column":56}},"14":{"start":{"line":127,"column":22},"end":{"line":127,"column":72}},"15":{"start":{"line":130,"column":4},"end":{"line":133,"column":30}},"16":{"start":{"line":131,"column":6},"end":{"line":131,"column":55}},"17":{"start":{"line":132,"column":6},"end":{"line":132,"column":58}},"18":{"start":{"line":135,"column":32},"end":{"line":141,"column":5}},"19":{"start":{"line":136,"column":6},"end":{"line":138,"column":7}},"20":{"start":{"line":137,"column":8},"end":{"line":137,"column":34}},"21":{"start":{"line":139,"column":6},"end":{"line":139,"column":31}},"22":{"start":{"line":140,"column":6},"end":{"line":140,"column":18}},"23":{"start":{"line":143,"column":24},"end":{"line":151,"column":5}},"24":{"start":{"line":144,"column":6},"end":{"line":149,"column":9}},"25":{"start":{"line":146,"column":8},"end":{"line":148,"column":9}},"26":{"start":{"line":147,"column":10},"end":{"line":147,"column":41}},"27":{"start":{"line":150,"column":6},"end":{"line":150,"column":60}},"28":{"start":{"line":153,"column":26},"end":{"line":156,"column":7}},"29":{"start":{"line":153,"column":50},"end":{"line":156,"column":5}},"30":{"start":{"line":158,"column":4},"end":{"line":160,"column":5}},"31":{"start":{"line":159,"column":6},"end":{"line":159,"column":18}},"32":{"start":{"line":162,"column":27},"end":{"line":239,"column":5}},"33":{"start":{"line":163,"column":23},"end":{"line":236,"column":7}},"34":{"start":{"line":238,"column":6},"end":{"line":238,"column":29}},"35":{"start":{"line":241,"column":27},"end":{"line":250,"column":5}},"36":{"start":{"line":242,"column":24},"end":{"line":248,"column":7}},"37":{"start":{"line":249,"column":6},"end":{"line":249,"column":31}},"38":{"start":{"line":252,"column":24},"end":{"line":252,"column":40}},"39":{"start":{"line":253,"column":24},"end":{"line":253,"column":40}},"40":{"start":{"line":255,"column":19},"end":{"line":312,"column":6}},"41":{"start":{"line":314,"column":24},"end":{"line":314,"column":53}},"42":{"start":{"line":316,"column":4},"end":{"line":367,"column":6}},"43":{"start":{"line":371,"column":0},"end":{"line":371,"column":28}}},"fnMap":{"0":{"name":"(anonymous_0)","decl":{"start":{"line":80,"column":23},"end":{"line":80,"column":24}},"loc":{"start":{"line":80,"column":54},"end":{"line":95,"column":1}},"line":80},"1":{"name":"(anonymous_1)","decl":{"start":{"line":98,"column":2},"end":{"line":98,"column":3}},"loc":{"start":{"line":120,"column":7},"end":{"line":368,"column":3}},"line":120},"2":{"name":"(anonymous_2)","decl":{"start":{"line":130,"column":20},"end":{"line":130,"column":21}},"loc":{"start":{"line":130,"column":26},"end":{"line":133,"column":5}},"line":130},"3":{"name":"(anonymous_3)","decl":{"start":{"line":135,"column":32},"end":{"line":135,"column":33}},"loc":{"start":{"line":135,"column":38},"end":{"line":141,"column":5}},"line":135},"4":{"name":"(anonymous_4)","decl":{"start":{"line":143,"column":24},"end":{"line":143,"column":25}},"loc":{"start":{"line":143,"column":30},"end":{"line":151,"column":5}},"line":143},"5":{"name":"(anonymous_5)","decl":{"start":{"line":144,"column":55},"end":{"line":144,"column":56}},"loc":{"start":{"line":144,"column":69},"end":{"line":149,"column":7}},"line":144},"6":{"name":"(anonymous_6)","decl":{"start":{"line":153,"column":43},"end":{"line":153,"column":44}},"loc":{"start":{"line":153,"column":50},"end":{"line":156,"column":5}},"line":153},"7":{"name":"(anonymous_7)","decl":{"start":{"line":162,"column":27},"end":{"line":162,"column":28}},"loc":{"start":{"line":162,"column":33},"end":{"line":239,"column":5}},"line":162},"8":{"name":"(anonymous_8)","decl":{"start":{"line":241,"column":27},"end":{"line":241,"column":28}},"loc":{"start":{"line":241,"column":33},"end":{"line":250,"column":5}},"line":241}},"branchMap":{"0":{"loc":{"start":{"line":81,"column":2},"end":{"line":94,"column":3}},"type":"switch","locations":[{"start":{"line":82,"column":4},"end":{"line":83,"column":17}},{"start":{"line":84,"column":4},"end":{"line":85,"column":17}},{"start":{"line":86,"column":4},"end":{"line":87,"column":17}},{"start":{"line":88,"column":4},"end":{"line":89,"column":17}},{"start":{"line":90,"column":4},"end":{"line":91,"column":17}},{"start":{"line":92,"column":4},"end":{"line":93,"column":17}}],"line":81},"1":{"loc":{"start":{"line":103,"column":6},"end":{"line":103,"column":23}},"type":"default-arg","locations":[{"start":{"line":103,"column":14},"end":{"line":103,"column":23}}],"line":103},"2":{"loc":{"start":{"line":104,"column":6},"end":{"line":104,"column":22}},"type":"default-arg","locations":[{"start":{"line":104,"column":16},"end":{"line":104,"column":22}}],"line":104},"3":{"loc":{"start":{"line":105,"column":6},"end":{"line":105,"column":19}},"type":"default-arg","locations":[{"start":{"line":105,"column":15},"end":{"line":105,"column":19}}],"line":105},"4":{"loc":{"start":{"line":109,"column":6},"end":{"line":109,"column":24}},"type":"default-arg","locations":[{"start":{"line":109,"column":19},"end":{"line":109,"column":24}}],"line":109},"5":{"loc":{"start":{"line":110,"column":6},"end":{"line":110,"column":22}},"type":"default-arg","locations":[{"start":{"line":110,"column":17},"end":{"line":110,"column":22}}],"line":110},"6":{"loc":{"start":{"line":111,"column":6},"end":{"line":111,"column":29}},"type":"default-arg","locations":[{"start":{"line":111,"column":24},"end":{"line":111,"column":29}}],"line":111},"7":{"loc":{"start":{"line":127,"column":22},"end":{"line":127,"column":72}},"type":"cond-expr","locations":[{"start":{"line":127,"column":37},"end":{"line":127,"column":54}},{"start":{"line":127,"column":57},"end":{"line":127,"column":72}}],"line":127},"8":{"loc":{"start":{"line":136,"column":6},"end":{"line":138,"column":7}},"type":"if","locations":[{"start":{"line":136,"column":6},"end":{"line":138,"column":7}},{"start":{},"end":{}}],"line":136},"9":{"loc":{"start":{"line":146,"column":8},"end":{"line":148,"column":9}},"type":"if","locations":[{"start":{"line":146,"column":8},"end":{"line":148,"column":9}},{"start":{},"end":{}}],"line":146},"10":{"loc":{"start":{"line":158,"column":4},"end":{"line":160,"column":5}},"type":"if","locations":[{"start":{"line":158,"column":4},"end":{"line":160,"column":5}},{"start":{},"end":{}}],"line":158},"11":{"loc":{"start":{"line":172,"column":16},"end":{"line":172,"column":77}},"type":"cond-expr","locations":[{"start":{"line":172,"column":38},"end":{"line":172,"column":47}},{"start":{"line":172,"column":50},"end":{"line":172,"column":77}}],"line":172},"12":{"loc":{"start":{"line":174,"column":12},"end":{"line":176,"column":42}},"type":"cond-expr","locations":[{"start":{"line":175,"column":16},"end":{"line":175,"column":36}},{"start":{"line":176,"column":16},"end":{"line":176,"column":42}}],"line":174},"13":{"loc":{"start":{"line":178,"column":16},"end":{"line":178,"column":70}},"type":"cond-expr","locations":[{"start":{"line":178,"column":38},"end":{"line":178,"column":47}},{"start":{"line":178,"column":50},"end":{"line":178,"column":70}}],"line":178},"14":{"loc":{"start":{"line":180,"column":12},"end":{"line":182,"column":43}},"type":"cond-expr","locations":[{"start":{"line":181,"column":16},"end":{"line":181,"column":39}},{"start":{"line":182,"column":16},"end":{"line":182,"column":43}}],"line":180},"15":{"loc":{"start":{"line":185,"column":16},"end":{"line":185,"column":79}},"type":"cond-expr","locations":[{"start":{"line":185,"column":38},"end":{"line":185,"column":47}},{"start":{"line":185,"column":50},"end":{"line":185,"column":79}}],"line":185},"16":{"loc":{"start":{"line":187,"column":12},"end":{"line":189,"column":44}},"type":"cond-expr","locations":[{"start":{"line":188,"column":16},"end":{"line":188,"column":38}},{"start":{"line":189,"column":16},"end":{"line":189,"column":44}}],"line":187},"17":{"loc":{"start":{"line":191,"column":16},"end":{"line":191,"column":72}},"type":"cond-expr","locations":[{"start":{"line":191,"column":38},"end":{"line":191,"column":47}},{"start":{"line":191,"column":50},"end":{"line":191,"column":72}}],"line":191},"18":{"loc":{"start":{"line":193,"column":12},"end":{"line":195,"column":45}},"type":"cond-expr","locations":[{"start":{"line":194,"column":16},"end":{"line":194,"column":39}},{"start":{"line":195,"column":16},"end":{"line":195,"column":45}}],"line":193},"19":{"loc":{"start":{"line":198,"column":16},"end":{"line":198,"column":77}},"type":"cond-expr","locations":[{"start":{"line":198,"column":38},"end":{"line":198,"column":47}},{"start":{"line":198,"column":50},"end":{"line":198,"column":77}}],"line":198},"20":{"loc":{"start":{"line":200,"column":12},"end":{"line":202,"column":42}},"type":"cond-expr","locations":[{"start":{"line":201,"column":16},"end":{"line":201,"column":36}},{"start":{"line":202,"column":16},"end":{"line":202,"column":42}}],"line":200},"21":{"loc":{"start":{"line":204,"column":16},"end":{"line":204,"column":70}},"type":"cond-expr","locations":[{"start":{"line":204,"column":38},"end":{"line":204,"column":47}},{"start":{"line":204,"column":50},"end":{"line":204,"column":70}}],"line":204},"22":{"loc":{"start":{"line":206,"column":12},"end":{"line":208,"column":43}},"type":"cond-expr","locations":[{"start":{"line":207,"column":16},"end":{"line":207,"column":39}},{"start":{"line":208,"column":16},"end":{"line":208,"column":43}}],"line":206},"23":{"loc":{"start":{"line":211,"column":16},"end":{"line":211,"column":77}},"type":"cond-expr","locations":[{"start":{"line":211,"column":38},"end":{"line":211,"column":47}},{"start":{"line":211,"column":50},"end":{"line":211,"column":77}}],"line":211},"24":{"loc":{"start":{"line":213,"column":12},"end":{"line":215,"column":42}},"type":"cond-expr","locations":[{"start":{"line":214,"column":16},"end":{"line":214,"column":36}},{"start":{"line":215,"column":16},"end":{"line":215,"column":42}}],"line":213},"25":{"loc":{"start":{"line":217,"column":16},"end":{"line":217,"column":70}},"type":"cond-expr","locations":[{"start":{"line":217,"column":38},"end":{"line":217,"column":47}},{"start":{"line":217,"column":50},"end":{"line":217,"column":70}}],"line":217},"26":{"loc":{"start":{"line":219,"column":12},"end":{"line":221,"column":43}},"type":"cond-expr","locations":[{"start":{"line":220,"column":16},"end":{"line":220,"column":39}},{"start":{"line":221,"column":16},"end":{"line":221,"column":43}}],"line":219},"27":{"loc":{"start":{"line":224,"column":16},"end":{"line":224,"column":76}},"type":"cond-expr","locations":[{"start":{"line":224,"column":38},"end":{"line":224,"column":47}},{"start":{"line":224,"column":50},"end":{"line":224,"column":76}}],"line":224},"28":{"loc":{"start":{"line":226,"column":12},"end":{"line":228,"column":41}},"type":"cond-expr","locations":[{"start":{"line":227,"column":16},"end":{"line":227,"column":35}},{"start":{"line":228,"column":16},"end":{"line":228,"column":41}}],"line":226},"29":{"loc":{"start":{"line":230,"column":16},"end":{"line":230,"column":69}},"type":"cond-expr","locations":[{"start":{"line":230,"column":38},"end":{"line":230,"column":47}},{"start":{"line":230,"column":50},"end":{"line":230,"column":69}}],"line":230},"30":{"loc":{"start":{"line":232,"column":12},"end":{"line":234,"column":42}},"type":"cond-expr","locations":[{"start":{"line":233,"column":16},"end":{"line":233,"column":39}},{"start":{"line":234,"column":16},"end":{"line":234,"column":42}}],"line":232},"31":{"loc":{"start":{"line":262,"column":10},"end":{"line":264,"column":28}},"type":"cond-expr","locations":[{"start":{"line":263,"column":14},"end":{"line":263,"column":27}},{"start":{"line":264,"column":14},"end":{"line":264,"column":28}}],"line":262},"32":{"loc":{"start":{"line":262,"column":10},"end":{"line":262,"column":55}},"type":"binary-expr","locations":[{"start":{"line":262,"column":10},"end":{"line":262,"column":32}},{"start":{"line":262,"column":36},"end":{"line":262,"column":55}}],"line":262},"33":{"loc":{"start":{"line":265,"column":21},"end":{"line":265,"column":51}},"type":"cond-expr","locations":[{"start":{"line":265,"column":46},"end":{"line":265,"column":47}},{"start":{"line":265,"column":50},"end":{"line":265,"column":51}}],"line":265},"34":{"loc":{"start":{"line":267,"column":17},"end":{"line":267,"column":46}},"type":"cond-expr","locations":[{"start":{"line":267,"column":39},"end":{"line":267,"column":42}},{"start":{"line":267,"column":45},"end":{"line":267,"column":46}}],"line":267},"35":{"loc":{"start":{"line":274,"column":25},"end":{"line":274,"column":77}},"type":"cond-expr","locations":[{"start":{"line":274,"column":43},"end":{"line":274,"column":56}},{"start":{"line":274,"column":59},"end":{"line":274,"column":77}}],"line":274},"36":{"loc":{"start":{"line":291,"column":22},"end":{"line":291,"column":63}},"type":"cond-expr","locations":[{"start":{"line":291,"column":36},"end":{"line":291,"column":59}},{"start":{"line":291,"column":62},"end":{"line":291,"column":63}}],"line":291},"37":{"loc":{"start":{"line":314,"column":24},"end":{"line":314,"column":53}},"type":"binary-expr","locations":[{"start":{"line":314,"column":24},"end":{"line":314,"column":28}},{"start":{"line":314,"column":32},"end":{"line":314,"column":53}}],"line":314},"38":{"loc":{"start":{"line":325,"column":9},"end":{"line":335,"column":9}},"type":"binary-expr","locations":[{"start":{"line":325,"column":9},"end":{"line":325,"column":18}},{"start":{"line":326,"column":10},"end":{"line":334,"column":17}}],"line":325},"39":{"loc":{"start":{"line":327,"column":13},"end":{"line":333,"column":13}},"type":"cond-expr","locations":[{"start":{"line":328,"column":14},"end":{"line":330,"column":21}},{"start":{"line":332,"column":14},"end":{"line":332,"column":25}}],"line":327},"40":{"loc":{"start":{"line":338,"column":11},"end":{"line":340,"column":11}},"type":"binary-expr","locations":[{"start":{"line":338,"column":11},"end":{"line":338,"column":16}},{"start":{"line":339,"column":12},"end":{"line":339,"column":74}}],"line":338},"41":{"loc":{"start":{"line":341,"column":11},"end":{"line":345,"column":11}},"type":"binary-expr","locations":[{"start":{"line":341,"column":11},"end":{"line":341,"column":22}},{"start":{"line":342,"column":12},"end":{"line":344,"column":19}}],"line":341},"42":{"loc":{"start":{"line":348,"column":9},"end":{"line":350,"column":9}},"type":"binary-expr","locations":[{"start":{"line":348,"column":9},"end":{"line":348,"column":19}},{"start":{"line":349,"column":10},"end":{"line":349,"column":68}}],"line":348},"43":{"loc":{"start":{"line":352,"column":9},"end":{"line":365,"column":9}},"type":"binary-expr","locations":[{"start":{"line":352,"column":9},"end":{"line":352,"column":19}},{"start":{"line":353,"column":10},"end":{"line":364,"column":22}}],"line":352},"44":{"loc":{"start":{"line":361,"column":32},"end":{"line":361,"column":79}},"type":"binary-expr","locations":[{"start":{"line":361,"column":32},"end":{"line":361,"column":68}},{"start":{"line":361,"column":72},"end":{"line":361,"column":79}}],"line":361}},"s":{"0":0,"1":0,"2":0,"3":0,"4":0,"5":0,"6":0,"7":0,"8":0,"9":0,"10":0,"11":0,"12":0,"13":0,"14":0,"15":0,"16":0,"17":0,"18":0,"19":0,"20":0,"21":0,"22":0,"23":0,"24":0,"25":0,"26":0,"27":0,"28":0,"29":0,"30":0,"31":0,"32":0,"33":0,"34":0,"35":0,"36":0,"37":0,"38":0,"39":0,"40":0,"41":0,"42":0,"43":0},"f":{"0":0,"1":0,"2":0,"3":0,"4":0,"5":0,"6":0,"7":0,"8":0},"b":{"0":[0,0,0,0,0,0],"1":[0],"2":[0],"3":[0],"4":[0],"5":[0],"6":[0],"7":[0,0],"8":[0,0],"9":[0,0],"10":[0,0],"11":[0,0],"12":[0,0],"13":[0,0],"14":[0,0],"15":[0,0],"16":[0,0],"17":[0,0],"18":[0,0],"19":[0,0],"20":[0,0],"21":[0,0],"22":[0,0],"23":[0,0],"24":[0,0],"25":[0,0],"26":[0,0],"27":[0,0],"28":[0,0],"29":[0,0],"30":[0,0],"31":[0,0],"32":[0,0],"33":[0,0],"34":[0,0],"35":[0,0],"36":[0,0],"37":[0,0],"38":[0,0],"39":[0,0],"40":[0,0],"41":[0,0],"42":[0,0],"43":[0,0],"44":[0,0]}}
,"/Users/adityakumar/Desktop/projects/rn-heroui/src/components/Avatar/Avatar.tsx": {"path":"/Users/adityakumar/Desktop/projects/rn-heroui/src/components/Avatar/Avatar.tsx","statementMap":{"0":{"start":{"line":38,"column":22},"end":{"line":121,"column":1}},"1":{"start":{"line":52,"column":22},"end":{"line":52,"column":32}},"2":{"start":{"line":54,"column":20},"end":{"line":59,"column":5}},"3":{"start":{"line":61,"column":24},"end":{"line":66,"column":5}},"4":{"start":{"line":68,"column":23},"end":{"line":68,"column":36}},"5":{"start":{"line":69,"column":21},"end":{"line":69,"column":38}},"6":{"start":{"line":71,"column":24},"end":{"line":77,"column":5}},"7":{"start":{"line":72,"column":20},"end":{"line":72,"column":42}},"8":{"start":{"line":73,"column":6},"end":{"line":75,"column":7}},"9":{"start":{"line":74,"column":8},"end":{"line":74,"column":76}},"10":{"start":{"line":76,"column":6},"end":{"line":76,"column":49}},"11":{"start":{"line":79,"column":19},"end":{"line":102,"column":6}},"12":{"start":{"line":105,"column":6},"end":{"line":105,"column":75}},"13":{"start":{"line":107,"column":4},"end":{"line":119,"column":6}},"14":{"start":{"line":123,"column":0},"end":{"line":123,"column":30}}},"fnMap":{"0":{"name":"(anonymous_0)","decl":{"start":{"line":39,"column":2},"end":{"line":39,"column":3}},"loc":{"start":{"line":51,"column":7},"end":{"line":120,"column":3}},"line":51},"1":{"name":"(anonymous_1)","decl":{"start":{"line":71,"column":24},"end":{"line":71,"column":25}},"loc":{"start":{"line":71,"column":42},"end":{"line":77,"column":5}},"line":71}},"branchMap":{"0":{"loc":{"start":{"line":44,"column":6},"end":{"line":44,"column":17}},"type":"default-arg","locations":[{"start":{"line":44,"column":13},"end":{"line":44,"column":17}}],"line":44},"1":{"loc":{"start":{"line":45,"column":6},"end":{"line":45,"column":23}},"type":"default-arg","locations":[{"start":{"line":45,"column":14},"end":{"line":45,"column":23}}],"line":45},"2":{"loc":{"start":{"line":46,"column":6},"end":{"line":46,"column":24}},"type":"default-arg","locations":[{"start":{"line":46,"column":19},"end":{"line":46,"column":24}}],"line":46},"3":{"loc":{"start":{"line":73,"column":6},"end":{"line":75,"column":7}},"type":"if","locations":[{"start":{"line":73,"column":6},"end":{"line":75,"column":7}},{"start":{},"end":{}}],"line":73},"4":{"loc":{"start":{"line":74,"column":18},"end":{"line":74,"column":37}},"type":"binary-expr","locations":[{"start":{"line":74,"column":18},"end":{"line":74,"column":31}},{"start":{"line":74,"column":35},"end":{"line":74,"column":37}}],"line":74},"5":{"loc":{"start":{"line":74,"column":40},"end":{"line":74,"column":59}},"type":"binary-expr","locations":[{"start":{"line":74,"column":40},"end":{"line":74,"column":53}},{"start":{"line":74,"column":57},"end":{"line":74,"column":59}}],"line":74},"6":{"loc":{"start":{"line":76,"column":14},"end":{"line":76,"column":33}},"type":"binary-expr","locations":[{"start":{"line":76,"column":14},"end":{"line":76,"column":27}},{"start":{"line":76,"column":31},"end":{"line":76,"column":33}}],"line":76},"7":{"loc":{"start":{"line":88,"column":12},"end":{"line":91,"column":9}},"type":"binary-expr","locations":[{"start":{"line":88,"column":12},"end":{"line":88,"column":22}},{"start":{"line":88,"column":26},"end":{"line":91,"column":9}}],"line":88},"8":{"loc":{"start":{"line":90,"column":23},"end":{"line":90,"column":61}},"type":"binary-expr","locations":[{"start":{"line":90,"column":23},"end":{"line":90,"column":34}},{"start":{"line":90,"column":38},"end":{"line":90,"column":61}}],"line":90},"9":{"loc":{"start":{"line":105,"column":6},"end":{"line":105,"column":75}},"type":"cond-expr","locations":[{"start":{"line":105,"column":32},"end":{"line":105,"column":44}},{"start":{"line":105,"column":48},"end":{"line":105,"column":74}}],"line":105},"10":{"loc":{"start":{"line":109,"column":9},"end":{"line":117,"column":16}},"type":"cond-expr","locations":[{"start":{"line":110,"column":10},"end":{"line":114,"column":12}},{"start":{"line":115,"column":12},"end":{"line":117,"column":16}}],"line":109},"11":{"loc":{"start":{"line":113,"column":32},"end":{"line":113,"column":43}},"type":"binary-expr","locations":[{"start":{"line":113,"column":32},"end":{"line":113,"column":35}},{"start":{"line":113,"column":39},"end":{"line":113,"column":43}}],"line":113},"12":{"loc":{"start":{"line":115,"column":12},"end":{"line":117,"column":16}},"type":"cond-expr","locations":[{"start":{"line":116,"column":10},"end":{"line":116,"column":62}},{"start":{"line":117,"column":12},"end":{"line":117,"column":16}}],"line":115}},"s":{"0":0,"1":0,"2":0,"3":0,"4":0,"5":0,"6":0,"7":0,"8":0,"9":0,"10":0,"11":0,"12":0,"13":0,"14":0},"f":{"0":0,"1":0},"b":{"0":[0],"1":[0],"2":[0],"3":[0,0],"4":[0,0],"5":[0,0],"6":[0,0],"7":[0,0],"8":[0,0],"9":[0,0],"10":[0,0],"11":[0,0],"12":[0,0]}}
,"/Users/adityakumar/Desktop/projects/rn-heroui/src/components/Badge/Badge.tsx": {"path":"/Users/adityakumar/Desktop/projects/rn-heroui/src/components/Badge/Badge.tsx","statementMap":{"0":{"start":{"line":63,"column":21},"end":{"line":259,"column":1}},"1":{"start":{"line":84,"column":22},"end":{"line":84,"column":32}},"2":{"start":{"line":87,"column":23},"end":{"line":87,"column":59}},"3":{"start":{"line":89,"column":20},"end":{"line":108,"column":5}},"4":{"start":{"line":110,"column":20},"end":{"line":110,"column":63}},"5":{"start":{"line":112,"column":26},"end":{"line":116,"column":5}},"6":{"start":{"line":113,"column":6},"end":{"line":115,"column":33}},"7":{"start":{"line":118,"column":29},"end":{"line":156,"column":5}},"8":{"start":{"line":119,"column":25},"end":{"line":119,"column":45}},"9":{"start":{"line":121,"column":6},"end":{"line":155,"column":7}},"10":{"start":{"line":123,"column":10},"end":{"line":126,"column":12}},"11":{"start":{"line":128,"column":10},"end":{"line":134,"column":12}},"12":{"start":{"line":136,"column":10},"end":{"line":146,"column":12}},"13":{"start":{"line":148,"column":10},"end":{"line":152,"column":12}},"14":{"start":{"line":154,"column":10},"end":{"line":154,"column":20}},"15":{"start":{"line":158,"column":31},"end":{"line":170,"column":5}},"16":{"start":{"line":159,"column":21},"end":{"line":159,"column":23}},"17":{"start":{"line":160,"column":6},"end":{"line":169,"column":7}},"18":{"start":{"line":162,"column":10},"end":{"line":162,"column":48}},"19":{"start":{"line":164,"column":10},"end":{"line":164,"column":47}},"20":{"start":{"line":166,"column":10},"end":{"line":166,"column":51}},"21":{"start":{"line":168,"column":10},"end":{"line":168,"column":50}},"22":{"start":{"line":172,"column":25},"end":{"line":177,"column":5}},"23":{"start":{"line":173,"column":6},"end":{"line":175,"column":7}},"24":{"start":{"line":174,"column":8},"end":{"line":174,"column":25}},"25":{"start":{"line":176,"column":6},"end":{"line":176,"column":34}},"26":{"start":{"line":179,"column":19},"end":{"line":224,"column":6}},"27":{"start":{"line":226,"column":25},"end":{"line":246,"column":5}},"28":{"start":{"line":248,"column":4},"end":{"line":255,"column":5}},"29":{"start":{"line":249,"column":6},"end":{"line":254,"column":8}},"30":{"start":{"line":257,"column":4},"end":{"line":257,"column":24}},"31":{"start":{"line":261,"column":0},"end":{"line":261,"column":28}}},"fnMap":{"0":{"name":"(anonymous_0)","decl":{"start":{"line":64,"column":2},"end":{"line":64,"column":3}},"loc":{"start":{"line":83,"column":7},"end":{"line":258,"column":3}},"line":83},"1":{"name":"(anonymous_1)","decl":{"start":{"line":112,"column":26},"end":{"line":112,"column":27}},"loc":{"start":{"line":112,"column":52},"end":{"line":116,"column":5}},"line":112},"2":{"name":"(anonymous_2)","decl":{"start":{"line":118,"column":29},"end":{"line":118,"column":30}},"loc":{"start":{"line":118,"column":35},"end":{"line":156,"column":5}},"line":118},"3":{"name":"(anonymous_3)","decl":{"start":{"line":158,"column":31},"end":{"line":158,"column":32}},"loc":{"start":{"line":158,"column":48},"end":{"line":170,"column":5}},"line":158},"4":{"name":"(anonymous_4)","decl":{"start":{"line":172,"column":25},"end":{"line":172,"column":26}},"loc":{"start":{"line":172,"column":31},"end":{"line":177,"column":5}},"line":172}},"branchMap":{"0":{"loc":{"start":{"line":67,"column":6},"end":{"line":67,"column":23}},"type":"default-arg","locations":[{"start":{"line":67,"column":14},"end":{"line":67,"column":23}}],"line":67},"1":{"loc":{"start":{"line":68,"column":6},"end":{"line":68,"column":23}},"type":"default-arg","locations":[{"start":{"line":68,"column":16},"end":{"line":68,"column":23}}],"line":68},"2":{"loc":{"start":{"line":69,"column":6},"end":{"line":69,"column":17}},"type":"default-arg","locations":[{"start":{"line":69,"column":13},"end":{"line":69,"column":17}}],"line":69},"3":{"loc":{"start":{"line":70,"column":6},"end":{"line":70,"column":25}},"type":"default-arg","locations":[{"start":{"line":70,"column":14},"end":{"line":70,"column":25}}],"line":70},"4":{"loc":{"start":{"line":71,"column":6},"end":{"line":71,"column":25}},"type":"default-arg","locations":[{"start":{"line":71,"column":20},"end":{"line":71,"column":25}}],"line":71},"5":{"loc":{"start":{"line":72,"column":6},"end":{"line":72,"column":19}},"type":"default-arg","locations":[{"start":{"line":72,"column":14},"end":{"line":72,"column":19}}],"line":72},"6":{"loc":{"start":{"line":73,"column":6},"end":{"line":73,"column":24}},"type":"default-arg","locations":[{"start":{"line":73,"column":20},"end":{"line":73,"column":24}}],"line":73},"7":{"loc":{"start":{"line":74,"column":6},"end":{"line":74,"column":28}},"type":"default-arg","locations":[{"start":{"line":74,"column":23},"end":{"line":74,"column":28}}],"line":74},"8":{"loc":{"start":{"line":75,"column":24},"end":{"line":75,"column":49}},"type":"default-arg","locations":[{"start":{"line":75,"column":44},"end":{"line":75,"column":49}}],"line":75},"9":{"loc":{"start":{"line":76,"column":6},"end":{"line":76,"column":23}},"type":"default-arg","locations":[{"start":{"line":76,"column":18},"end":{"line":76,"column":23}}],"line":76},"10":{"loc":{"start":{"line":80,"column":6},"end":{"line":80,"column":29}},"type":"default-arg","locations":[{"start":{"line":80,"column":18},"end":{"line":80,"column":29}}],"line":80},"11":{"loc":{"start":{"line":87,"column":23},"end":{"line":87,"column":59}},"type":"cond-expr","locations":[{"start":{"line":87,"column":40},"end":{"line":87,"column":45}},{"start":{"line":87,"column":48},"end":{"line":87,"column":59}}],"line":87},"12":{"loc":{"start":{"line":110,"column":20},"end":{"line":110,"column":63}},"type":"cond-expr","locations":[{"start":{"line":110,"column":36},"end":{"line":110,"column":37}},{"start":{"line":110,"column":40},"end":{"line":110,"column":63}}],"line":110},"13":{"loc":{"start":{"line":110,"column":40},"end":{"line":110,"column":63}},"type":"cond-expr","locations":[{"start":{"line":110,"column":56},"end":{"line":110,"column":58}},{"start":{"line":110,"column":61},"end":{"line":110,"column":63}}],"line":110},"14":{"loc":{"start":{"line":113,"column":13},"end":{"line":115,"column":32}},"type":"cond-expr","locations":[{"start":{"line":114,"column":10},"end":{"line":114,"column":37}},{"start":{"line":115,"column":10},"end":{"line":115,"column":32}}],"line":113},"15":{"loc":{"start":{"line":121,"column":6},"end":{"line":155,"column":7}},"type":"switch","locations":[{"start":{"line":122,"column":8},"end":{"line":126,"column":12}},{"start":{"line":127,"column":8},"end":{"line":134,"column":12}},{"start":{"line":135,"column":8},"end":{"line":146,"column":12}},{"start":{"line":147,"column":8},"end":{"line":152,"column":12}},{"start":{"line":153,"column":8},"end":{"line":154,"column":20}}],"line":121},"16":{"loc":{"start":{"line":130,"column":14},"end":{"line":132,"column":35}},"type":"cond-expr","locations":[{"start":{"line":131,"column":18},"end":{"line":131,"column":45}},{"start":{"line":132,"column":18},"end":{"line":132,"column":35}}],"line":130},"17":{"loc":{"start":{"line":138,"column":14},"end":{"line":140,"column":35}},"type":"cond-expr","locations":[{"start":{"line":139,"column":18},"end":{"line":139,"column":45}},{"start":{"line":140,"column":18},"end":{"line":140,"column":35}}],"line":138},"18":{"loc":{"start":{"line":143,"column":14},"end":{"line":145,"column":35}},"type":"cond-expr","locations":[{"start":{"line":144,"column":18},"end":{"line":144,"column":45}},{"start":{"line":145,"column":18},"end":{"line":145,"column":35}}],"line":143},"19":{"loc":{"start":{"line":160,"column":6},"end":{"line":169,"column":7}},"type":"switch","locations":[{"start":{"line":161,"column":8},"end":{"line":162,"column":48}},{"start":{"line":163,"column":8},"end":{"line":164,"column":47}},{"start":{"line":165,"column":8},"end":{"line":166,"column":51}},{"start":{"line":167,"column":8},"end":{"line":168,"column":50}}],"line":160},"20":{"loc":{"start":{"line":173,"column":6},"end":{"line":175,"column":7}},"type":"if","locations":[{"start":{"line":173,"column":6},"end":{"line":175,"column":7}},{"start":{},"end":{}}],"line":173},"21":{"loc":{"start":{"line":173,"column":10},"end":{"line":173,"column":53}},"type":"binary-expr","locations":[{"start":{"line":173,"column":10},"end":{"line":173,"column":29}},{"start":{"line":173,"column":33},"end":{"line":173,"column":53}}],"line":173},"22":{"loc":{"start":{"line":181,"column":18},"end":{"line":181,"column":51}},"type":"cond-expr","locations":[{"start":{"line":181,"column":29},"end":{"line":181,"column":39}},{"start":{"line":181,"column":42},"end":{"line":181,"column":51}}],"line":181},"23":{"loc":{"start":{"line":184,"column":12},"end":{"line":197,"column":27}},"type":"cond-expr","locations":[{"start":{"line":185,"column":12},"end":{"line":189,"column":13}},{"start":{"line":190,"column":12},"end":{"line":197,"column":27}}],"line":184},"24":{"loc":{"start":{"line":190,"column":12},"end":{"line":197,"column":27}},"type":"cond-expr","locations":[{"start":{"line":191,"column":14},"end":{"line":196,"column":15}},{"start":{"line":197,"column":14},"end":{"line":197,"column":27}}],"line":190},"25":{"loc":{"start":{"line":199,"column":10},"end":{"line":199,"column":73}},"type":"cond-expr","locations":[{"start":{"line":199,"column":31},"end":{"line":199,"column":34}},{"start":{"line":199,"column":37},"end":{"line":199,"column":73}}],"line":199},"26":{"loc":{"start":{"line":203,"column":12},"end":{"line":212,"column":11}},"type":"binary-expr","locations":[{"start":{"line":203,"column":12},"end":{"line":203,"column":22}},{"start":{"line":204,"column":10},"end":{"line":204,"column":18}},{"start":{"line":204,"column":22},"end":{"line":212,"column":11}}],"line":203},"27":{"loc":{"start":{"line":213,"column":12},"end":{"line":216,"column":9}},"type":"binary-expr","locations":[{"start":{"line":213,"column":12},"end":{"line":213,"column":20}},{"start":{"line":213,"column":24},"end":{"line":216,"column":9}}],"line":213},"28":{"loc":{"start":{"line":226,"column":25},"end":{"line":246,"column":5}},"type":"binary-expr","locations":[{"start":{"line":226,"column":25},"end":{"line":226,"column":37}},{"start":{"line":227,"column":6},"end":{"line":245,"column":13}}],"line":226},"29":{"loc":{"start":{"line":231,"column":10},"end":{"line":235,"column":25}},"type":"cond-expr","locations":[{"start":{"line":232,"column":14},"end":{"line":232,"column":38}},{"start":{"line":233,"column":14},"end":{"line":235,"column":25}}],"line":231},"30":{"loc":{"start":{"line":233,"column":14},"end":{"line":235,"column":25}},"type":"cond-expr","locations":[{"start":{"line":234,"column":16},"end":{"line":234,"column":42}},{"start":{"line":235,"column":16},"end":{"line":235,"column":25}}],"line":233},"31":{"loc":{"start":{"line":238,"column":9},"end":{"line":244,"column":9}},"type":"binary-expr","locations":[{"start":{"line":238,"column":9},"end":{"line":238,"column":15}},{"start":{"line":238,"column":19},"end":{"line":238,"column":40}},{"start":{"line":239,"column":10},"end":{"line":243,"column":17}}],"line":238},"32":{"loc":{"start":{"line":240,"column":13},"end":{"line":242,"column":23}},"type":"cond-expr","locations":[{"start":{"line":241,"column":16},"end":{"line":241,"column":23}},{"start":{"line":242,"column":16},"end":{"line":242,"column":23}}],"line":240},"33":{"loc":{"start":{"line":240,"column":13},"end":{"line":240,"column":71}},"type":"binary-expr","locations":[{"start":{"line":240,"column":13},"end":{"line":240,"column":40}},{"start":{"line":240,"column":44},"end":{"line":240,"column":71}}],"line":240},"34":{"loc":{"start":{"line":248,"column":4},"end":{"line":255,"column":5}},"type":"if","locations":[{"start":{"line":248,"column":4},"end":{"line":255,"column":5}},{"start":{},"end":{}}],"line":248}},"s":{"0":0,"1":0,"2":0,"3":0,"4":0,"5":0,"6":0,"7":0,"8":0,"9":0,"10":0,"11":0,"12":0,"13":0,"14":0,"15":0,"16":0,"17":0,"18":0,"19":0,"20":0,"21":0,"22":0,"23":0,"24":0,"25":0,"26":0,"27":0,"28":0,"29":0,"30":0,"31":0},"f":{"0":0,"1":0,"2":0,"3":0,"4":0},"b":{"0":[0],"1":[0],"2":[0],"3":[0],"4":[0],"5":[0],"6":[0],"7":[0],"8":[0],"9":[0],"10":[0],"11":[0,0],"12":[0,0],"13":[0,0],"14":[0,0],"15":[0,0,0,0,0],"16":[0,0],"17":[0,0],"18":[0,0],"19":[0,0,0,0],"20":[0,0],"21":[0,0],"22":[0,0],"23":[0,0],"24":[0,0],"25":[0,0],"26":[0,0,0],"27":[0,0],"28":[0,0],"29":[0,0],"30":[0,0],"31":[0,0,0],"32":[0,0],"33":[0,0],"34":[0,0]}}
,"/Users/adityakumar/Desktop/projects/rn-heroui/src/components/BottomSheet/BottomSheet.tsx": {"path":"/Users/adityakumar/Desktop/projects/rn-heroui/src/components/BottomSheet/BottomSheet.tsx","statementMap":{"0":{"start":{"line":35,"column":22},"end":{"line":35,"column":53}},"1":{"start":{"line":45,"column":27},"end":{"line":45,"column":77}},"2":{"start":{"line":47,"column":30},"end":{"line":53,"column":1}},"3":{"start":{"line":48,"column":18},"end":{"line":48,"column":48}},"4":{"start":{"line":49,"column":2},"end":{"line":51,"column":3}},"5":{"start":{"line":50,"column":4},"end":{"line":50,"column":78}},"6":{"start":{"line":52,"column":2},"end":{"line":52,"column":17}},"7":{"start":{"line":114,"column":26},"end":{"line":121,"column":1}},"8":{"start":{"line":115,"column":2},"end":{"line":117,"column":3}},"9":{"start":{"line":116,"column":4},"end":{"line":116,"column":21}},"10":{"start":{"line":119,"column":21},"end":{"line":119,"column":42}},"11":{"start":{"line":120,"column":2},"end":{"line":120,"column":44}},"12":{"start":{"line":124,"column":55},"end":{"line":388,"column":1}},"13":{"start":{"line":143,"column":20},"end":{"line":143,"column":30}},"14":{"start":{"line":144,"column":50},"end":{"line":144,"column":76}},"15":{"start":{"line":147,"column":29},"end":{"line":147,"column":62}},"16":{"start":{"line":148,"column":23},"end":{"line":148,"column":54}},"17":{"start":{"line":151,"column":21},"end":{"line":151,"column":50}},"18":{"start":{"line":152,"column":26},"end":{"line":152,"column":43}},"19":{"start":{"line":155,"column":23},"end":{"line":162,"column":3}},"20":{"start":{"line":156,"column":11},"end":{"line":160,"column":5}},"21":{"start":{"line":165,"column":2},"end":{"line":198,"column":5}},"22":{"start":{"line":166,"column":4},"end":{"line":188,"column":5}},"23":{"start":{"line":168,"column":8},"end":{"line":168,"column":67}},"24":{"start":{"line":169,"column":6},"end":{"line":179,"column":7}},"25":{"start":{"line":170,"column":8},"end":{"line":170,"column":35}},"26":{"start":{"line":171,"column":8},"end":{"line":171,"column":34}},"27":{"start":{"line":173,"column":8},"end":{"line":177,"column":11}},"28":{"start":{"line":174,"column":10},"end":{"line":176,"column":11}},"29":{"start":{"line":175,"column":12},"end":{"line":175,"column":38}},"30":{"start":{"line":178,"column":8},"end":{"line":178,"column":65}},"31":{"start":{"line":181,"column":6},"end":{"line":187,"column":7}},"32":{"start":{"line":182,"column":8},"end":{"line":182,"column":41}},"33":{"start":{"line":183,"column":8},"end":{"line":183,"column":34}},"34":{"start":{"line":185,"column":8},"end":{"line":185,"column":67}},"35":{"start":{"line":186,"column":8},"end":{"line":186,"column":65}},"36":{"start":{"line":201,"column":31},"end":{"line":211,"column":3}},"37":{"start":{"line":204,"column":24},"end":{"line":206,"column":7}},"38":{"start":{"line":205,"column":8},"end":{"line":205,"column":43}},"39":{"start":{"line":207,"column":26},"end":{"line":207,"column":48}},"40":{"start":{"line":208,"column":6},"end":{"line":208,"column":44}},"41":{"start":{"line":214,"column":27},"end":{"line":222,"column":3}},"42":{"start":{"line":216,"column":6},"end":{"line":216,"column":33}},"43":{"start":{"line":217,"column":6},"end":{"line":219,"column":7}},"44":{"start":{"line":218,"column":8},"end":{"line":218,"column":28}},"45":{"start":{"line":225,"column":17},"end":{"line":225,"column":34}},"46":{"start":{"line":227,"column":21},"end":{"line":269,"column":6}},"47":{"start":{"line":230,"column":6},"end":{"line":230,"column":38}},"48":{"start":{"line":234,"column":19},"end":{"line":234,"column":52}},"49":{"start":{"line":235,"column":19},"end":{"line":235,"column":47}},"50":{"start":{"line":238,"column":6},"end":{"line":242,"column":7}},"51":{"start":{"line":239,"column":8},"end":{"line":239,"column":66}},"52":{"start":{"line":241,"column":8},"end":{"line":241,"column":53}},"53":{"start":{"line":246,"column":24},"end":{"line":246,"column":39}},"54":{"start":{"line":247,"column":23},"end":{"line":247,"column":39}},"55":{"start":{"line":250,"column":6},"end":{"line":258,"column":7}},"56":{"start":{"line":254,"column":8},"end":{"line":254,"column":67}},"57":{"start":{"line":255,"column":8},"end":{"line":255,"column":65}},"58":{"start":{"line":256,"column":8},"end":{"line":256,"column":27}},"59":{"start":{"line":257,"column":8},"end":{"line":257,"column":15}},"60":{"start":{"line":261,"column":27},"end":{"line":261,"column":57}},"61":{"start":{"line":262,"column":22},"end":{"line":262,"column":77}},"62":{"start":{"line":264,"column":6},"end":{"line":264,"column":59}},"63":{"start":{"line":266,"column":6},"end":{"line":268,"column":7}},"64":{"start":{"line":267,"column":8},"end":{"line":267,"column":48}},"65":{"start":{"line":272,"column":29},"end":{"line":274,"column":5}},"66":{"start":{"line":272,"column":53},"end":{"line":274,"column":3}},"67":{"start":{"line":276,"column":32},"end":{"line":278,"column":5}},"68":{"start":{"line":276,"column":56},"end":{"line":278,"column":3}},"69":{"start":{"line":281,"column":27},"end":{"line":285,"column":3}},"70":{"start":{"line":282,"column":4},"end":{"line":282,"column":57}},"71":{"start":{"line":282,"column":36},"end":{"line":282,"column":57}},"72":{"start":{"line":283,"column":4},"end":{"line":283,"column":67}},"73":{"start":{"line":283,"column":29},"end":{"line":283,"column":67}},"74":{"start":{"line":284,"column":4},"end":{"line":284,"column":42}},"75":{"start":{"line":287,"column":17},"end":{"line":326,"column":4}},"76":{"start":{"line":328,"column":2},"end":{"line":328,"column":27}},"77":{"start":{"line":328,"column":15},"end":{"line":328,"column":27}},"78":{"start":{"line":330,"column":2},"end":{"line":387,"column":4}},"79":{"start":{"line":391,"column":67},"end":{"line":437,"column":1}},"80":{"start":{"line":397,"column":20},"end":{"line":397,"column":30}},"81":{"start":{"line":398,"column":22},"end":{"line":398,"column":45}},"82":{"start":{"line":400,"column":17},"end":{"line":420,"column":4}},"83":{"start":{"line":422,"column":2},"end":{"line":436,"column":4}},"84":{"start":{"line":440,"column":63},"end":{"line":469,"column":1}},"85":{"start":{"line":445,"column":20},"end":{"line":445,"column":30}},"86":{"start":{"line":447,"column":17},"end":{"line":453,"column":4}},"87":{"start":{"line":455,"column":2},"end":{"line":466,"column":3}},"88":{"start":{"line":456,"column":27},"end":{"line":456,"column":50}},"89":{"start":{"line":457,"column":4},"end":{"line":465,"column":6}},"90":{"start":{"line":468,"column":2},"end":{"line":468,"column":62}},"91":{"start":{"line":472,"column":67},"end":{"line":488,"column":1}},"92":{"start":{"line":476,"column":20},"end":{"line":476,"column":30}},"93":{"start":{"line":478,"column":17},"end":{"line":485,"column":4}},"94":{"start":{"line":487,"column":2},"end":{"line":487,"column":64}},"95":{"start":{"line":490,"column":0},"end":{"line":490,"column":40}},"96":{"start":{"line":491,"column":0},"end":{"line":491,"column":52}},"97":{"start":{"line":492,"column":0},"end":{"line":492,"column":48}},"98":{"start":{"line":493,"column":0},"end":{"line":493,"column":52}}},"fnMap":{"0":{"name":"(anonymous_0)","decl":{"start":{"line":47,"column":30},"end":{"line":47,"column":31}},"loc":{"start":{"line":47,"column":36},"end":{"line":53,"column":1}},"line":47},"1":{"name":"(anonymous_1)","decl":{"start":{"line":114,"column":26},"end":{"line":114,"column":27}},"loc":{"start":{"line":114,"column":71},"end":{"line":121,"column":1}},"line":114},"2":{"name":"(anonymous_2)","decl":{"start":{"line":124,"column":55},"end":{"line":124,"column":56}},"loc":{"start":{"line":142,"column":6},"end":{"line":388,"column":1}},"line":142},"3":{"name":"(anonymous_3)","decl":{"start":{"line":156,"column":4},"end":{"line":156,"column":5}},"loc":{"start":{"line":156,"column":11},"end":{"line":160,"column":5}},"line":156},"4":{"name":"(anonymous_4)","decl":{"start":{"line":165,"column":12},"end":{"line":165,"column":13}},"loc":{"start":{"line":165,"column":18},"end":{"line":189,"column":3}},"line":165},"5":{"name":"(anonymous_5)","decl":{"start":{"line":173,"column":61},"end":{"line":173,"column":62}},"loc":{"start":{"line":173,"column":67},"end":{"line":177,"column":9}},"line":173},"6":{"name":"(anonymous_6)","decl":{"start":{"line":202,"column":4},"end":{"line":202,"column":5}},"loc":{"start":{"line":202,"column":19},"end":{"line":209,"column":5}},"line":202},"7":{"name":"(anonymous_7)","decl":{"start":{"line":204,"column":47},"end":{"line":204,"column":48}},"loc":{"start":{"line":205,"column":8},"end":{"line":205,"column":43}},"line":205},"8":{"name":"(anonymous_8)","decl":{"start":{"line":215,"column":4},"end":{"line":215,"column":5}},"loc":{"start":{"line":215,"column":23},"end":{"line":220,"column":5}},"line":215},"9":{"name":"(anonymous_9)","decl":{"start":{"line":228,"column":13},"end":{"line":228,"column":14}},"loc":{"start":{"line":228,"column":19},"end":{"line":231,"column":5}},"line":228},"10":{"name":"(anonymous_10)","decl":{"start":{"line":232,"column":14},"end":{"line":232,"column":15}},"loc":{"start":{"line":232,"column":25},"end":{"line":243,"column":5}},"line":232},"11":{"name":"(anonymous_11)","decl":{"start":{"line":244,"column":11},"end":{"line":244,"column":12}},"loc":{"start":{"line":244,"column":22},"end":{"line":269,"column":5}},"line":244},"12":{"name":"(anonymous_12)","decl":{"start":{"line":272,"column":46},"end":{"line":272,"column":47}},"loc":{"start":{"line":272,"column":53},"end":{"line":274,"column":3}},"line":272},"13":{"name":"(anonymous_13)","decl":{"start":{"line":276,"column":49},"end":{"line":276,"column":50}},"loc":{"start":{"line":276,"column":56},"end":{"line":278,"column":3}},"line":276},"14":{"name":"(anonymous_14)","decl":{"start":{"line":281,"column":27},"end":{"line":281,"column":28}},"loc":{"start":{"line":281,"column":33},"end":{"line":285,"column":3}},"line":281},"15":{"name":"(anonymous_15)","decl":{"start":{"line":391,"column":67},"end":{"line":391,"column":68}},"loc":{"start":{"line":396,"column":6},"end":{"line":437,"column":1}},"line":396},"16":{"name":"(anonymous_16)","decl":{"start":{"line":440,"column":63},"end":{"line":440,"column":64}},"loc":{"start":{"line":444,"column":6},"end":{"line":469,"column":1}},"line":444},"17":{"name":"(anonymous_17)","decl":{"start":{"line":472,"column":67},"end":{"line":472,"column":68}},"loc":{"start":{"line":475,"column":6},"end":{"line":488,"column":1}},"line":475}},"branchMap":{"0":{"loc":{"start":{"line":49,"column":2},"end":{"line":51,"column":3}},"type":"if","locations":[{"start":{"line":49,"column":2},"end":{"line":51,"column":3}},{"start":{},"end":{}}],"line":49},"1":{"loc":{"start":{"line":115,"column":2},"end":{"line":117,"column":3}},"type":"if","locations":[{"start":{"line":115,"column":2},"end":{"line":117,"column":3}},{"start":{},"end":{}}],"line":115},"2":{"loc":{"start":{"line":127,"column":2},"end":{"line":127,"column":29}},"type":"default-arg","locations":[{"start":{"line":127,"column":15},"end":{"line":127,"column":29}}],"line":127},"3":{"loc":{"start":{"line":128,"column":2},"end":{"line":128,"column":22}},"type":"default-arg","locations":[{"start":{"line":128,"column":21},"end":{"line":128,"column":22}}],"line":128},"4":{"loc":{"start":{"line":129,"column":2},"end":{"line":129,"column":21}},"type":"default-arg","locations":[{"start":{"line":129,"column":17},"end":{"line":129,"column":21}}],"line":129},"5":{"loc":{"start":{"line":130,"column":2},"end":{"line":130,"column":21}},"type":"default-arg","locations":[{"start":{"line":130,"column":13},"end":{"line":130,"column":21}}],"line":130},"6":{"loc":{"start":{"line":131,"column":2},"end":{"line":131,"column":29}},"type":"default-arg","locations":[{"start":{"line":131,"column":25},"end":{"line":131,"column":29}}],"line":131},"7":{"loc":{"start":{"line":132,"column":2},"end":{"line":132,"column":25}},"type":"default-arg","locations":[{"start":{"line":132,"column":21},"end":{"line":132,"column":25}}],"line":132},"8":{"loc":{"start":{"line":133,"column":2},"end":{"line":133,"column":23}},"type":"default-arg","locations":[{"start":{"line":133,"column":19},"end":{"line":133,"column":23}}],"line":133},"9":{"loc":{"start":{"line":134,"column":2},"end":{"line":134,"column":27}},"type":"default-arg","locations":[{"start":{"line":134,"column":22},"end":{"line":134,"column":27}}],"line":134},"10":{"loc":{"start":{"line":135,"column":2},"end":{"line":135,"column":26}},"type":"default-arg","locations":[{"start":{"line":135,"column":21},"end":{"line":135,"column":26}}],"line":135},"11":{"loc":{"start":{"line":166,"column":4},"end":{"line":188,"column":5}},"type":"if","locations":[{"start":{"line":166,"column":4},"end":{"line":188,"column":5}},{"start":{"line":180,"column":11},"end":{"line":188,"column":5}}],"line":166},"12":{"loc":{"start":{"line":168,"column":25},"end":{"line":168,"column":66}},"type":"binary-expr","locations":[{"start":{"line":168,"column":25},"end":{"line":168,"column":61}},{"start":{"line":168,"column":65},"end":{"line":168,"column":66}}],"line":168},"13":{"loc":{"start":{"line":169,"column":6},"end":{"line":179,"column":7}},"type":"if","locations":[{"start":{"line":169,"column":6},"end":{"line":179,"column":7}},{"start":{"line":172,"column":13},"end":{"line":179,"column":7}}],"line":169},"14":{"loc":{"start":{"line":174,"column":10},"end":{"line":176,"column":11}},"type":"if","locations":[{"start":{"line":174,"column":10},"end":{"line":176,"column":11}},{"start":{},"end":{}}],"line":174},"15":{"loc":{"start":{"line":181,"column":6},"end":{"line":187,"column":7}},"type":"if","locations":[{"start":{"line":181,"column":6},"end":{"line":187,"column":7}},{"start":{"line":184,"column":13},"end":{"line":187,"column":7}}],"line":181},"16":{"loc":{"start":{"line":217,"column":6},"end":{"line":219,"column":7}},"type":"if","locations":[{"start":{"line":217,"column":6},"end":{"line":219,"column":7}},{"start":{},"end":{}}],"line":217},"17":{"loc":{"start":{"line":238,"column":6},"end":{"line":242,"column":7}},"type":"if","locations":[{"start":{"line":238,"column":6},"end":{"line":242,"column":7}},{"start":{"line":240,"column":13},"end":{"line":242,"column":7}}],"line":238},"18":{"loc":{"start":{"line":250,"column":6},"end":{"line":258,"column":7}},"type":"if","locations":[{"start":{"line":250,"column":6},"end":{"line":258,"column":7}},{"start":{},"end":{}}],"line":250},"19":{"loc":{"start":{"line":251,"column":8},"end":{"line":252,"column":59}},"type":"binary-expr","locations":[{"start":{"line":251,"column":8},"end":{"line":251,"column":24}},{"start":{"line":252,"column":9},"end":{"line":252,"column":24}},{"start":{"line":252,"column":28},"end":{"line":252,"column":58}}],"line":251},"20":{"loc":{"start":{"line":262,"column":39},"end":{"line":262,"column":76}},"type":"binary-expr","locations":[{"start":{"line":262,"column":39},"end":{"line":262,"column":71}},{"start":{"line":262,"column":75},"end":{"line":262,"column":76}}],"line":262},"21":{"loc":{"start":{"line":266,"column":6},"end":{"line":268,"column":7}},"type":"if","locations":[{"start":{"line":266,"column":6},"end":{"line":268,"column":7}},{"start":{},"end":{}}],"line":266},"22":{"loc":{"start":{"line":282,"column":4},"end":{"line":282,"column":57}},"type":"if","locations":[{"start":{"line":282,"column":4},"end":{"line":282,"column":57}},{"start":{},"end":{}}],"line":282},"23":{"loc":{"start":{"line":283,"column":4},"end":{"line":283,"column":67}},"type":"if","locations":[{"start":{"line":283,"column":4},"end":{"line":283,"column":67}},{"start":{},"end":{}}],"line":283},"24":{"loc":{"start":{"line":328,"column":2},"end":{"line":328,"column":27}},"type":"if","locations":[{"start":{"line":328,"column":2},"end":{"line":328,"column":27}},{"start":{},"end":{}}],"line":328},"25":{"loc":{"start":{"line":341,"column":11},"end":{"line":354,"column":11}},"type":"binary-expr","locations":[{"start":{"line":341,"column":11},"end":{"line":341,"column":23}},{"start":{"line":342,"column":12},"end":{"line":353,"column":24}}],"line":341},"26":{"loc":{"start":{"line":344,"column":23},"end":{"line":344,"column":65}},"type":"cond-expr","locations":[{"start":{"line":344,"column":46},"end":{"line":344,"column":53}},{"start":{"line":344,"column":56},"end":{"line":344,"column":65}}],"line":344},"27":{"loc":{"start":{"line":359,"column":14},"end":{"line":359,"column":75}},"type":"cond-expr","locations":[{"start":{"line":359,"column":34},"end":{"line":359,"column":62}},{"start":{"line":359,"column":65},"end":{"line":359,"column":75}}],"line":359},"28":{"loc":{"start":{"line":372,"column":15},"end":{"line":376,"column":15}},"type":"binary-expr","locations":[{"start":{"line":372,"column":15},"end":{"line":372,"column":29}},{"start":{"line":373,"column":16},"end":{"line":375,"column":23}}],"line":372},"29":{"loc":{"start":{"line":394,"column":2},"end":{"line":394,"column":25}},"type":"default-arg","locations":[{"start":{"line":394,"column":20},"end":{"line":394,"column":25}}],"line":394},"30":{"loc":{"start":{"line":395,"column":2},"end":{"line":395,"column":31}},"type":"default-arg","locations":[{"start":{"line":395,"column":24},"end":{"line":395,"column":31}}],"line":395},"31":{"loc":{"start":{"line":424,"column":7},"end":{"line":428,"column":7}},"type":"binary-expr","locations":[{"start":{"line":424,"column":7},"end":{"line":424,"column":22}},{"start":{"line":424,"column":26},"end":{"line":424,"column":56}},{"start":{"line":425,"column":8},"end":{"line":427,"column":20}}],"line":424},"32":{"loc":{"start":{"line":430,"column":7},"end":{"line":434,"column":7}},"type":"binary-expr","locations":[{"start":{"line":430,"column":7},"end":{"line":430,"column":22}},{"start":{"line":430,"column":26},"end":{"line":430,"column":57}},{"start":{"line":431,"column":8},"end":{"line":433,"column":20}}],"line":430},"33":{"loc":{"start":{"line":443,"column":2},"end":{"line":443,"column":19}},"type":"default-arg","locations":[{"start":{"line":443,"column":15},"end":{"line":443,"column":19}}],"line":443},"34":{"loc":{"start":{"line":455,"column":2},"end":{"line":466,"column":3}},"type":"if","locations":[{"start":{"line":455,"column":2},"end":{"line":466,"column":3}},{"start":{},"end":{}}],"line":455}},"s":{"0":0,"1":0,"2":0,"3":0,"4":0,"5":0,"6":0,"7":0,"8":0,"9":0,"10":0,"11":0,"12":0,"13":0,"14":0,"15":0,"16":0,"17":0,"18":0,"19":0,"20":0,"21":0,"22":0,"23":0,"24":0,"25":0,"26":0,"27":0,"28":0,"29":0,"30":0,"31":0,"32":0,"33":0,"34":0,"35":0,"36":0,"37":0,"38":0,"39":0,"40":0,"41":0,"42":0,"43":0,"44":0,"45":0,"46":0,"47":0,"48":0,"49":0,"50":0,"51":0,"52":0,"53":0,"54":0,"55":0,"56":0,"57":0,"58":0,"59":0,"60":0,"61":0,"62":0,"63":0,"64":0,"65":0,"66":0,"67":0,"68":0,"69":0,"70":0,"71":0,"72":0,"73":0,"74":0,"75":0,"76":0,"77":0,"78":0,"79":0,"80":0,"81":0,"82":0,"83":0,"84":0,"85":0,"86":0,"87":0,"88":0,"89":0,"90":0,"91":0,"92":0,"93":0,"94":0,"95":0,"96":0,"97":0,"98":0},"f":{"0":0,"1":0,"2":0,"3":0,"4":0,"5":0,"6":0,"7":0,"8":0,"9":0,"10":0,"11":0,"12":0,"13":0,"14":0,"15":0,"16":0,"17":0},"b":{"0":[0,0],"1":[0,0],"2":[0],"3":[0],"4":[0],"5":[0],"6":[0],"7":[0],"8":[0],"9":[0],"10":[0],"11":[0,0],"12":[0,0],"13":[0,0],"14":[0,0],"15":[0,0],"16":[0,0],"17":[0,0],"18":[0,0],"19":[0,0,0],"20":[0,0],"21":[0,0],"22":[0,0],"23":[0,0],"24":[0,0],"25":[0,0],"26":[0,0],"27":[0,0],"28":[0,0],"29":[0],"30":[0],"31":[0,0,0],"32":[0,0,0],"33":[0],"34":[0,0]}}
,"/Users/adityakumar/Desktop/projects/rn-heroui/src/components/Button/Button.tsx": {"path":"/Users/adityakumar/Desktop/projects/rn-heroui/src/components/Button/Button.tsx","statementMap":{"0":{"start":{"line":42,"column":22},"end":{"line":135,"column":1}},"1":{"start":{"line":61,"column":22},"end":{"line":61,"column":32}},"2":{"start":{"line":62,"column":18},"end":{"line":62,"column":35}},"3":{"start":{"line":64,"column":25},"end":{"line":64,"column":75}},"4":{"start":{"line":66,"column":19},"end":{"line":84,"column":6}},"5":{"start":{"line":86,"column":26},"end":{"line":88,"column":7}},"6":{"start":{"line":86,"column":50},"end":{"line":88,"column":5}},"7":{"start":{"line":90,"column":26},"end":{"line":95,"column":5}},"8":{"start":{"line":91,"column":6},"end":{"line":94,"column":9}},"9":{"start":{"line":97,"column":27},"end":{"line":102,"column":5}},"10":{"start":{"line":98,"column":6},"end":{"line":101,"column":9}},"11":{"start":{"line":104,"column":4},"end":{"line":133,"column":6}},"12":{"start":{"line":137,"column":0},"end":{"line":137,"column":30}}},"fnMap":{"0":{"name":"(anonymous_0)","decl":{"start":{"line":43,"column":2},"end":{"line":43,"column":3}},"loc":{"start":{"line":60,"column":7},"end":{"line":134,"column":3}},"line":60},"1":{"name":"(anonymous_1)","decl":{"start":{"line":86,"column":43},"end":{"line":86,"column":44}},"loc":{"start":{"line":86,"column":50},"end":{"line":88,"column":5}},"line":86},"2":{"name":"(anonymous_2)","decl":{"start":{"line":90,"column":26},"end":{"line":90,"column":27}},"loc":{"start":{"line":90,"column":32},"end":{"line":95,"column":5}},"line":90},"3":{"name":"(anonymous_3)","decl":{"start":{"line":97,"column":27},"end":{"line":97,"column":28}},"loc":{"start":{"line":97,"column":33},"end":{"line":102,"column":5}},"line":97}},"branchMap":{"0":{"loc":{"start":{"line":47,"column":6},"end":{"line":47,"column":24}},"type":"default-arg","locations":[{"start":{"line":47,"column":19},"end":{"line":47,"column":24}}],"line":47},"1":{"loc":{"start":{"line":48,"column":6},"end":{"line":48,"column":23}},"type":"default-arg","locations":[{"start":{"line":48,"column":18},"end":{"line":48,"column":23}}],"line":48},"2":{"loc":{"start":{"line":49,"column":6},"end":{"line":49,"column":23}},"type":"default-arg","locations":[{"start":{"line":49,"column":18},"end":{"line":49,"column":23}}],"line":49},"3":{"loc":{"start":{"line":50,"column":6},"end":{"line":50,"column":23}},"type":"default-arg","locations":[{"start":{"line":50,"column":16},"end":{"line":50,"column":23}}],"line":50},"4":{"loc":{"start":{"line":51,"column":6},"end":{"line":51,"column":17}},"type":"default-arg","locations":[{"start":{"line":51,"column":13},"end":{"line":51,"column":17}}],"line":51},"5":{"loc":{"start":{"line":52,"column":6},"end":{"line":52,"column":29}},"type":"default-arg","locations":[{"start":{"line":52,"column":20},"end":{"line":52,"column":29}}],"line":52},"6":{"loc":{"start":{"line":69,"column":17},"end":{"line":69,"column":50}},"type":"cond-expr","locations":[{"start":{"line":69,"column":43},"end":{"line":69,"column":46}},{"start":{"line":69,"column":49},"end":{"line":69,"column":50}}],"line":69},"7":{"loc":{"start":{"line":69,"column":17},"end":{"line":69,"column":40}},"type":"binary-expr","locations":[{"start":{"line":69,"column":17},"end":{"line":69,"column":27}},{"start":{"line":69,"column":31},"end":{"line":69,"column":40}}],"line":69},"8":{"loc":{"start":{"line":70,"column":15},"end":{"line":70,"column":42}},"type":"cond-expr","locations":[{"start":{"line":70,"column":27},"end":{"line":70,"column":33}},{"start":{"line":70,"column":36},"end":{"line":70,"column":42}}],"line":70},"9":{"loc":{"start":{"line":112,"column":20},"end":{"line":112,"column":43}},"type":"binary-expr","locations":[{"start":{"line":112,"column":20},"end":{"line":112,"column":30}},{"start":{"line":112,"column":34},"end":{"line":112,"column":43}}],"line":112},"10":{"loc":{"start":{"line":114,"column":30},"end":{"line":114,"column":68}},"type":"binary-expr","locations":[{"start":{"line":114,"column":30},"end":{"line":114,"column":48}},{"start":{"line":114,"column":52},"end":{"line":114,"column":68}}],"line":114},"11":{"loc":{"start":{"line":116,"column":22},"end":{"line":116,"column":45}},"type":"binary-expr","locations":[{"start":{"line":116,"column":22},"end":{"line":116,"column":32}},{"start":{"line":116,"column":36},"end":{"line":116,"column":45}}],"line":116},"12":{"loc":{"start":{"line":121,"column":11},"end":{"line":127,"column":11}},"type":"binary-expr","locations":[{"start":{"line":121,"column":11},"end":{"line":121,"column":20}},{"start":{"line":122,"column":12},"end":{"line":126,"column":14}}],"line":121},"13":{"loc":{"start":{"line":128,"column":11},"end":{"line":128,"column":37}},"type":"binary-expr","locations":[{"start":{"line":128,"column":11},"end":{"line":128,"column":21}},{"start":{"line":128,"column":25},"end":{"line":128,"column":37}}],"line":128},"14":{"loc":{"start":{"line":130,"column":11},"end":{"line":130,"column":35}},"type":"binary-expr","locations":[{"start":{"line":130,"column":11},"end":{"line":130,"column":21}},{"start":{"line":130,"column":25},"end":{"line":130,"column":35}}],"line":130}},"s":{"0":0,"1":0,"2":0,"3":0,"4":0,"5":0,"6":0,"7":0,"8":0,"9":0,"10":0,"11":0,"12":0},"f":{"0":0,"1":0,"2":0,"3":0},"b":{"0":[0],"1":[0],"2":[0],"3":[0],"4":[0],"5":[0],"6":[0,0],"7":[0,0],"8":[0,0],"9":[0,0],"10":[0,0],"11":[0,0],"12":[0,0],"13":[0,0],"14":[0,0]}}
,"/Users/adityakumar/Desktop/projects/rn-heroui/src/components/Card/Card.tsx": {"path":"/Users/adityakumar/Desktop/projects/rn-heroui/src/components/Card/Card.tsx","statementMap":{"0":{"start":{"line":27,"column":20},"end":{"line":77,"column":1}},"1":{"start":{"line":40,"column":22},"end":{"line":40,"column":32}},"2":{"start":{"line":41,"column":32},"end":{"line":41,"column":56}},"3":{"start":{"line":43,"column":19},"end":{"line":54,"column":6}},"4":{"start":{"line":56,"column":20},"end":{"line":56,"column":72}},"5":{"start":{"line":58,"column":4},"end":{"line":69,"column":5}},"6":{"start":{"line":59,"column":6},"end":{"line":68,"column":8}},"7":{"start":{"line":71,"column":4},"end":{"line":75,"column":6}},"8":{"start":{"line":79,"column":0},"end":{"line":79,"column":26}},"9":{"start":{"line":86,"column":53},"end":{"line":96,"column":1}},"10":{"start":{"line":87,"column":20},"end":{"line":87,"column":30}},"11":{"start":{"line":89,"column":17},"end":{"line":93,"column":4}},"12":{"start":{"line":95,"column":2},"end":{"line":95,"column":64}},"13":{"start":{"line":103,"column":49},"end":{"line":113,"column":1}},"14":{"start":{"line":104,"column":20},"end":{"line":104,"column":30}},"15":{"start":{"line":106,"column":17},"end":{"line":110,"column":4}},"16":{"start":{"line":112,"column":2},"end":{"line":112,"column":62}},"17":{"start":{"line":120,"column":53},"end":{"line":130,"column":1}},"18":{"start":{"line":121,"column":20},"end":{"line":121,"column":30}},"19":{"start":{"line":123,"column":17},"end":{"line":127,"column":4}},"20":{"start":{"line":129,"column":2},"end":{"line":129,"column":64}}},"fnMap":{"0":{"name":"(anonymous_0)","decl":{"start":{"line":28,"column":2},"end":{"line":28,"column":3}},"loc":{"start":{"line":39,"column":7},"end":{"line":76,"column":3}},"line":39},"1":{"name":"(anonymous_1)","decl":{"start":{"line":86,"column":53},"end":{"line":86,"column":54}},"loc":{"start":{"line":86,"column":78},"end":{"line":96,"column":1}},"line":86},"2":{"name":"(anonymous_2)","decl":{"start":{"line":103,"column":49},"end":{"line":103,"column":50}},"loc":{"start":{"line":103,"column":74},"end":{"line":113,"column":1}},"line":103},"3":{"name":"(anonymous_3)","decl":{"start":{"line":120,"column":53},"end":{"line":120,"column":54}},"loc":{"start":{"line":120,"column":78},"end":{"line":130,"column":1}},"line":120}},"branchMap":{"0":{"loc":{"start":{"line":31,"column":6},"end":{"line":31,"column":26}},"type":"default-arg","locations":[{"start":{"line":31,"co
[...]
66,"column":3}},"14":{"start":{"line":65,"column":4},"end":{"line":65,"column":66}},"15":{"start":{"line":65,"column":28},"end":{"line":65,"column":63}},"16":{"start":{"line":68,"column":19},"end":{"line":70,"column":3}},"17":{"start":{"line":69,"column":4},"end":{"line":69,"column":23}},"18":{"start":{"line":72,"column":2},"end":{"line":76,"column":4}},"19":{"start":{"line":80,"column":29},"end":{"line":80,"column":43}}},"fnMap":{"0":{"name":"(anonymous_0)","decl":{"start":{"line":30,"column":20},"end":{"line":30,"column":21}},"loc":{"start":{"line":33,"column":18},"end":{"line":40,"column":1}},"line":33},"1":{"name":"(anonymous_1)","decl":{"start":{"line":42,"column":61},"end":{"line":42,"column":62}},"loc":{"start":{"line":46,"column":6},"end":{"line":77,"column":1}},"line":46},"2":{"name":"(anonymous_2)","decl":{"start":{"line":49,"column":24},"end":{"line":49,"column":25}},"loc":{"start":{"line":49,"column":30},"end":{"line":62,"column":3}},"line":49},"3":{"name":"(anonymous_3)","decl":{"start":{"line":64,"column":22},"end":{"line":64,"column":23}},"loc":{"start":{"line":64,"column":28},"end":{"line":66,"column":3}},"line":64},"4":{"name":"(anonymous_4)","decl":{"start":{"line":65,"column":17},"end":{"line":65,"column":18}},"loc":{"start":{"line":65,"column":28},"end":{"line":65,"column":63}},"line":65},"5":{"name":"(anonymous_5)","decl":{"start":{"line":68,"column":19},"end":{"line":68,"column":20}},"loc":{"start":{"line":68,"column":40},"end":{"line":70,"column":3}},"line":68}},"branchMap":{"0":{"loc":{"start":{"line":34,"column":2},"end":{"line":34,"column":42}},"type":"if","locations":[{"start":{"line":34,"column":2},"end":{"line":34,"column":42}},{"start":{},"end":{}}],"line":34},"1":{"loc":{"start":{"line":44,"column":2},"end":{"line":44,"column":24}},"type":"default-arg","locations":[{"start":{"line":44,"column":17},"end":{"line":44,"column":24}}],"line":44},"2":{"loc":{"start":{"line":50,"column":22},"end":{"line":50,"column":68}},"type":"cond-expr","locations":[{"start":{"line":50,"column":46},"end":{"line":50,"column":56}},{"start":{"line":50,"column":59},"end":{"line":50,"column":68}}],"line":50},"3":{"loc":{"start":{"line":52,"column":6},"end":{"line":52,"column":70}},"type":"cond-expr","locations":[{"start":{"line":52,"column":30},"end":{"line":52,"column":49}},{"start":{"line":52,"column":52},"end":{"line":52,"column":70}}],"line":52},"4":{"loc":{"start":{"line":54,"column":4},"end":{"line":56,"column":5}},"type":"if","locations":[{"start":{"line":54,"column":4},"end":{"line":56,"column":5}},{"start":{},"end":{}}],"line":54},"5":{"loc":{"start":{"line":65,"column":28},"end":{"line":65,"column":63}},"type":"cond-expr","locations":[{"start":{"line":65,"column":47},"end":{"line":65,"column":53}},{"start":{"line":65,"column":56},"end":{"line":65,"column":63}}],"line":65}},"s":{"0":2,"1":2,"2":0,"3":0,"4":0,"5":2,"6":11,"7":11,"8":11,"9":11,"10":11,"11":11,"12":0,"13":11,"14":2,"15":2,"16":11,"17":2,"18":11,"19":2},"f":{"0":0,"1":11,"2":11,"3":2,"4":2,"5":2},"b":{"0":[0,0],"1":[11],"2":[9,2],"3":[9,2],"4":[11,0],"5":[1,1]},"_coverageSchema":"1a1c01bbd47fc00a2c39e90264f33305004495a9","hash":"5444e2369482dbd67900f737e136ef2d970e1df4"}
,"/Users/adityakumar/Desktop/projects/rn-heroui/src/theme/themes.ts": {"path":"/Users/adityakumar/Desktop/projects/rn-heroui/src/theme/themes.ts","statementMap":{"0":{"start":{"line":8,"column":33},"end":{"line":15,"column":1}},"1":{"start":{"line":17,"column":32},"end":{"line":24,"column":1}}},"fnMap":{},"branchMap":{},"s":{"0":2,"1":2},"f":{},"b":{},"_coverageSchema":"1a1c01bbd47fc00a2c39e90264f33305004495a9","hash":"a46c5da9cf5e4ab850514b18f82a2d0bb30ff1e9"}
,"/Users/adityakumar/Desktop/projects/rn-heroui/src/theme/types.ts": {"path":"/Users/adityakumar/Desktop/projects/rn-heroui/src/theme/types.ts","statementMap":{},"fnMap":{},"branchMap":{},"s":{},"f":{},"b":{}}
,"/Users/adityakumar/Desktop/projects/rn-heroui/src/tokens/borderRadius.ts": {"path":"/Users/adityakumar/Desktop/projects/rn-heroui/src/tokens/borderRadius.ts","statementMap":{"0":{"start":{"line":1,"column":29},"end":{"line":12,"column":10}}},"fnMap":{},"branchMap":{},"s":{"0":2},"f":{},"b":{},"_coverageSchema":"1a1c01bbd47fc00a2c39e90264f33305004495a9","hash":"46df8aaa84d780264881a22b8a7b174c89b4d31a"}
,"/Users/adityakumar/Desktop/projects/rn-heroui/src/tokens/colors.ts": {"path":"/Users/adityakumar/Desktop/projects/rn-heroui/src/tokens/colors.ts","statementMap":{"0":{"start":{"line":1,"column":28},"end":{"line":93,"column":10}},"1":{"start":{"line":96,"column":27},"end":{"line":188,"column":10}},"2":{"start":{"line":195,"column":29},"end":{"line":197,"column":1}},"3":{"start":{"line":196,"column":2},"end":{"line":196,"column":27}},"4":{"start":{"line":199,"column":28},"end":{"line":201,"column":1}},"5":{"start":{"line":200,"column":2},"end":{"line":200,"column":26}},"6":{"start":{"line":218,"column":34},"end":{"line":291,"column":10}},"7":{"start":{"line":294,"column":33},"end":{"line":367,"column":10}}},"fnMap":{"0":{"name":"(anonymous_0)","decl":{"start":{"line":195,"column":29},"end":{"line":195,"column":30}},"loc":{"start":{"line":195,"column":61},"end":{"line":197,"column":1}},"line":195},"1":{"name":"(anonymous_1)","decl":{"start":{"line":199,"column":28},"end":{"line":199,"column":29}},"loc":{"start":{"line":199,"column":59},"end":{"line":201,"column":1}},"line":199}},"branchMap":{},"s":{"0":2,"1":2,"2":2,"3":0,"4":2,"5":0,"6":2,"7":2},"f":{"0":0,"1":0},"b":{},"_coverageSchema":"1a1c01bbd47fc00a2c39e90264f33305004495a9","hash":"caaa15b1345be94e04a1137358a413ad14dd827f"}
,"/Users/adityakumar/Desktop/projects/rn-heroui/src/tokens/shadows.ts": {"path":"/Users/adityakumar/Desktop/projects/rn-heroui/src/tokens/shadows.ts","statementMap":{"0":{"start":{"line":1,"column":23},"end":{"line":75,"column":10}}},"fnMap":{},"branchMap":{},"s":{"0":2},"f":{},"b":{},"_coverageSchema":"1a1c01bbd47fc00a2c39e90264f33305004495a9","hash":"e959ae09e2baf48cf297e27e4d700fc27b6d72b3"}
,"/Users/adityakumar/Desktop/projects/rn-heroui/src/tokens/spacing.ts": {"path":"/Users/adityakumar/Desktop/projects/rn-heroui/src/tokens/spacing.ts","statementMap":{"0":{"start":{"line":1,"column":23},"end":{"line":64,"column":10}}},"fnMap":{},"branchMap":{},"s":{"0":2},"f":{},"b":{},"_coverageSchema":"1a1c01bbd47fc00a2c39e90264f33305004495a9","hash":"9993b486ba4e18b039ede525d10ababf35fdc62a"}
,"/Users/adityakumar/Desktop/projects/rn-heroui/src/tokens/typography.ts": {"path":"/Users/adityakumar/Desktop/projects/rn-heroui/src/tokens/typography.ts","statementMap":{"0":{"start":{"line":1,"column":26},"end":{"line":33,"column":10}}},"fnMap":{},"branchMap":{},"s":{"0":2},"f":{},"b":{},"_coverageSchema":"1a1c01bbd47fc00a2c39e90264f33305004495a9","hash":"835f6a4ffcd1cf72e46416a4c0c79bbd2f3ccca1"}
,"/Users/adityakumar/Desktop/projects/rn-heroui/src/utils/styleProps.ts": {"path":"/Users/adityakumar/Desktop/projects/rn-heroui/src/utils/styleProps.ts","statementMap":{"0":{"start":{"line":21,"column":32},"end":{"line":39,"column":1}},"1":{"start":{"line":22,"column":22},"end":{"line":22,"column":24}},"2":{"start":{"line":24,"column":2},"end":{"line":24,"column":58}},"3":{"start":{"line":24,"column":15},"end":{"line":24,"column":58}},"4":{"start":{"line":25,"column":2},"end":{"line":25,"column":63}},"5":{"start":{"line":25,"column":16},"end":{"line":25,"column":63}},"6":{"start":{"line":26,"column":2},"end":{"line":26,"column":65}},"7":{"start":{"line":26,"column":16},"end":{"line":26,"column":65}},"8":{"start":{"line":27,"column":2},"end":{"line":27,"column":66}},"9":{"start":{"line":27,"column":16},"end":{"line":27,"column":66}},"10":{"start":{"line":28,"column":2},"end":{"line":28,"column":64}},"11":{"start":{"line":28,"column":16},"end":{"line":28,"column":64}},"12":{"start":{"line":29,"column":2},"end":{"line":31,"column":3}},"13":{"start":{"line":30,"column":4},"end":{"line":30,"column":58}},"14":{"start":{"line":32,"column":2},"end":{"line":34,"column":3}},"15":{"start":{"line":33,"column":4},"end":{"line":33,"column":56}},"16":{"start":{"line":38,"column":2},"end":{"line":38,"column":16}}},"fnMap":{"0":{"name":"(anonymous_0)","decl":{"start":{"line":21,"column":32},"end":{"line":21,"column":33}},"loc":{"start":{"line":21,"column":71},"end":{"line":39,"column":1}},"line":21}},"branchMap":{"0":{"loc":{"start":{"line":24,"column":2},"end":{"line":24,"column":58}},"type":"if","locations":[{"start":{"line":24,"column":2},"end":{"line":24,"column":58}},{"start":{},"end":{}}],"line":24},"1":{"loc":{"start":{"line":25,"column":2},"end":{"line":25,"column":63}},"type":"if","locations":[{"start":{"line":25,"column":2},"end":{"line":25,"column":63}},{"start":{},"end":{}}],"line":25},"2":{"loc":{"start":{"line":26,"column":2},"end":{"line":26,"column":65}},"type":"if","locations":[{"start":{"line":26,"column":2},"end":{"line":26,"column":65}},{"start":{},"end":{}}],"line":26},"3":{"loc":{"start":{"line":27,"column":2},"end":{"line":27,"column":66}},"type":"if","locations":[{"start":{"line":27,"column":2},"end":{"line":27,"column":66}},{"start":{},"end":{}}],"line":27},"4":{"loc":{"start":{"line":28,"column":2},"end":{"line":28,"column":64}},"type":"if","locations":[{"start":{"line":28,"column":2},"end":{"line":28,"column":64}},{"start":{},"end":{}}],"line":28},"5":{"loc":{"start":{"line":29,"column":2},"end":{"line":31,"column":3}},"type":"if","locations":[{"start":{"line":29,"column":2},"end":{"line":31,"column":3}},{"start":{},"end":{}}],"line":29},"6":{"loc":{"start":{"line":32,"column":2},"end":{"line":34,"column":3}},"type":"if","locations":[{"start":{"line":32,"column":2},"end":{"line":34,"column":3}},{"start":{},"end":{}}],"line":32}},"s":{"0":1,"1":10,"2":10,"3":1,"4":10,"5":2,"6":10,"7":2,"8":10,"9":2,"10":10,"11":2,"12":10,"13":2,"14":10,"15":2,"16":10},"f":{"0":10},"b":{"0":[1,9],"1":[2,8],"2":[2,8],"3":[2,8],"4":[2,8],"5":[2,8],"6":[2,8]},"_coverageSchema":"1a1c01bbd47fc00a2c39e90264f33305004495a9","hash":"595c402d0d7655c96841d75ce9d6a02da4f06fd4"}
,"/Users/adityakumar/Desktop/projects/rn-heroui/src/utils/styled.ts": {"path":"/Users/adityakumar/Desktop/projects/rn-heroui/src/utils/styled.ts","statementMap":{"0":{"start":{"line":8,"column":24},"end":{"line":10,"column":1}},"1":{"start":{"line":9,"column":2},"end":{"line":9,"column":32}},"2":{"start":{"line":13,"column":26},"end":{"line":18,"column":1}},"3":{"start":{"line":17,"column":2},"end":{"line":17,"column":35}},"4":{"start":{"line":21,"column":27},"end":{"line":26,"column":1}},"5":{"start":{"line":25,"column":2},"end":{"line":25,"column":45}}},"fnMap":{"0":{"name":"(anonymous_0)","decl":{"start":{"line":8,"column":24},"end":{"line":8,"column":25}},"loc":{"start":{"line":8,"column":75},"end":{"line":10,"column":1}},"line":8},"1":{"name":"(anonymous_1)","decl":{"start":{"line":13,"column":26},"end":{"line":13,"column":27}},"loc":{"start":{"line":16,"column":5},"end":{"line":18,"column":1}},"line":16},"2":{"name":"(anonymous_2)","decl":{"start":{"line":21,"column":27},"end":{"line":21,"column":28}},"loc":{"start":{"line":24,"column":5},"end":{"line":26,"column":1}},"line":24}},"branchMap":{},"s":{"0":2,"1":7,"2":2,"3":20,"4":2,"5":10},"f":{"0":7,"1":20,"2":10},"b":{},"_coverageSchema":"1a1c01bbd47fc00a2c39e90264f33305004495a9","hash":"208ec08ffe029eceb074ee73024d02e30f3c988e"}
,"/Users/adityakumar/Desktop/projects/rn-heroui/src/utils/themeUtils.ts": {"path":"/Users/adityakumar/Desktop/projects/rn-heroui/src/utils/themeUtils.ts","statementMap":{"0":{"start":{"line":16,"column":32},"end":{"line":37,"column":1}},"1":{"start":{"line":24,"column":40},"end":{"line":24,"column":42}},"2":{"start":{"line":27,"column":2},"end":{"line":31,"column":3}},"3":{"start":{"line":27,"column":15},"end":{"line":27,"column":17}},"4":{"start":{"line":28,"column":22},"end":{"line":28,"column":30}},"5":{"start":{"line":29,"column":26},"end":{"line":29,"column":68}},"6":{"start":{"line":30,"column":4},"end":{"line":30,"column":47}},"7":{"start":{"line":34,"column":2},"end":{"line":34,"column":31}},"8":{"start":{"line":36,"column":2},"end":{"line":36,"column":15}},"9":{"start":{"line":45,"column":29},"end":{"line":55,"column":1}},"10":{"start":{"line":48,"column":2},"end":{"line":48,"column":38}},"11":{"start":{"line":48,"column":25},"end":{"line":48,"column":38}},"12":{"start":{"line":51,"column":18},"end":{"line":51,"column":59}},"13":{"start":{"line":52,"column":2},"end":{"line":54,"column":24}},"14":{"start":{"line":62,"column":28},"end":{"line":66,"column":1}},"15":{"start":{"line":64,"column":21},"end":{"line":64,"column":57}},"16":{"start":{"line":65,"column":2},"end":{"line":65,"column":32}},"17":{"start":{"line":74,"column":33},"end":{"line":82,"column":1}},"18":{"start":{"line":78,"column":2},"end":{"line":81,"column":4}},"19":{"start":{"line":90,"column":33},"end":{"line":95,"column":1}},"20":{"start":{"line":94,"column":2},"end":{"line":94,"column":50}},"21":{"start":{"line":106,"column":33},"end":{"line":139,"column":1}},"22":{"start":{"line":113,"column":36},"end":{"line":116,"column":3}},"23":{"start":{"line":118,"column":2},"end":{"line":121,"column":3}},"24":{"start":{"line":119,"column":4},"end":{"line":119,"column":43}},"25":{"start":{"line":120,"column":4},"end":{"line":120,"column":78}},"26":{"start":{"line":123,"column":2},"end":{"line":126,"column":3}},"27":{"start":{"line":124,"column":4},"end":{"line":124,"column":39}},"28":{"start":{"line":125,"column":4},"end":{"line":125,"column":74}},"29":{"start":{"line":128,"column":2},"end":{"line":131,"column":3}},"30":{"start":{"line":129,"column":4},"end":{"line":129,"column":39}},"31":{"start":{"line":130,"column":4},"end":{"line":130,"column":74}},"32":{"start":{"line":133,"column":2},"end":{"line":136,"column":3}},"33":{"start":{"line":134,"column":4},"end":{"line":134,"column":37}},"34":{"start":{"line":135,"column":4},"end":{"line":135,"column":72}},"35":{"start":{"line":138,"column":2},"end":{"line":138,"column":21}},"36":{"start":{"line":144,"column":29},"end":{"line":238,"column":10}}},"fnMap":{"0":{"name":"(anonymous_0)","decl":{"start":{"line":16,"column":32},"end":{"line":16,"column":33}},"loc":{"start":{"line":19,"column":29},"end":{"line":37,"column":1}},"line":19},"1":{"name":"(anonymous_1)","decl":{"start":{"line":45,"column":29},"end":{"line":45,"column":30}},"loc":{"start":{"line":45,"column":75},"end":{"line":55,"column":1}},"line":45},"2":{"name":"(anonymous_2)","decl":{"start":{"line":62,"column":28},"end":{"line":62,"column":29}},"loc":{"start":{"line":62,"column":56},"end":{"line":66,"column":1}},"line":62},"3":{"name":"(anonymous_3)","decl":{"start":{"line":74,"column":33},"end":{"line":74,"column":34}},"loc":{"start":{"line":77,"column":18},"end":{"line":82,"column":1}},"line":77},"4":{"name":"(anonymous_4)","decl":{"start":{"line":90,"column":33},"end":{"line":90,"column":34}},"loc":{"start":{"line":93,"column":18},"end":{"line":95,"column":1}},"line":93},"5":{"name":"(anonymous_5)","decl":{"start":{"line":106,"column":33},"end":{"line":106,"column":34}},"loc":{"start":{"line":112,"column":19},"end":{"line":139,"column":1}},"line":112}},"branchMap":{"0":{"loc":{"start":{"line":48,"column":2},"end":{"line":48,"column":38}},"type":"if","locations":[{"start":{"line":48,"column":2},"end":{"line":48,"column":38}},{"start":{},"end":{}}],"line":48},"1":{"loc":{"start":{"line":118,"column":2},"end":{"line":121,"column":3}},"type":"if","locations":[{"start":{"line":118,"column":2},"end":{"line":121,"column":3}},{"start":{},"end":{}}],"line":118},"2":{"loc":{"start":{"line":123,"column":2},"end":{"line":126,"column":3}},"type":"if","locations":[{"start":{"line":123,"column":2},"end":{"line":126,"column":3}},{"start":{},"end":{}}],"line":123},"3":{"loc":{"start":{"line":128,"column":2},"end":{"line":131,"column":3}},"type":"if","locations":[{"start":{"line":128,"column":2},"end":{"line":131,"column":3}},{"start":{},"end":{}}],"line":128},"4":{"loc":{"start":{"line":133,"column":2},"end":{"line":136,"column":3}},"type":"if","locations":[{"start":{"line":133,"column":2},"end":{"line":136,"column":3}},{"start":{},"end":{}}],"line":133}},"s":{"0":1,"1":11,"2":11,"3":11,"4":198,"5":198,"6":198,"7":11,"8":11,"9":1,"10":198,"11":11,"12":187,"13":187,"14":1,"15":9,"16":9,"17":1,"18":3,"19":1,"20":1,"21":1,"22":3,"23":3,"24":2,"25":2,"26":3,"27":2,"28":2,"29":3,"30":1,"31":1,"32":3,"33":1,"34":1,"35":3,"36":1},"f":{"0":11,"1":198,"2":9,"3":3,"4":1,"5":3},"b":{"0":[11,187],"1":[2,1],"2":[2,1],"3":[1,2],"4":[1,2]},"_coverageSchema":"1a1c01bbd47fc00a2c39e90264f33305004495a9","hash":"31264046b55adadfbd1b07b8e2201488b51a138a"}
,"/Users/adityakumar/Desktop/projects/rn-heroui/src/variants/button.ts": {"path":"/Users/adityakumar/Desktop/projects/rn-heroui/src/variants/button.ts","statementMap":{"0":{"start":{"line":10,"column":31},"end":{"line":67,"column":1}},"1":{"start":{"line":16,"column":21},"end":{"line":20,"column":3}},"2":{"start":{"line":22,"column":21},"end":{"line":38,"column":3}},"3":{"start":{"line":40,"column":24},"end":{"line":60,"column":3}},"4":{"start":{"line":62,"column":2},"end":{"line":66,"column":4}}},"fnMap":{"0":{"name":"(anonymous_0)","decl":{"start":{"line":10,"column":31},"end":{"line":10,"column":32}},"loc":{"start":{"line":15,"column":5},"end":{"line":67,"column":1}},"line":15}},"branchMap":{},"s":{"0":0,"1":0,"2":0,"3":0,"4":0},"f":{"0":0},"b":{}}
,"/Users/adityakumar/Desktop/projects/rn-heroui/src/variants/input.ts": {"path":"/Users/adityakumar/Desktop/projects/rn-heroui/src/variants/input.ts","statementMap":{"0":{"start":{"line":9,"column":30},"end":{"line":82,"column":1}},"1":{"start":{"line":17,"column":21},"end":{"line":19,"column":3}},"2":{"start":{"line":21,"column":21},"end":{"line":40,"column":3}},"3":{"start":{"line":42,"column":25},"end":{"line":46,"column":3}},"4":{"start":{"line":43,"column":4},"end":{"line":43,"column":51}},"5":{"start":{"line":43,"column":18},"end":{"line":43,"column":51}},"6":{"start":{"line":44,"column":4},"end":{"line":44,"column":53}},"7":{"start":{"line":44,"column":19},"end":{"line":44,"column":53}},"8":{"start":{"line":45,"column":4},"end":{"line":45,"column":39}},"9":{"start":{"line":48,"column":24},"end":{"line":74,"column":3}},"10":{"start":{"line":76,"column":2},"end":{"line":81,"column":4}}},"fnMap":{"0":{"name":"(anonymous_0)","decl":{"start":{"line":9,"column":30},"end":{"line":9,"column":31}},"loc":{"start":{"line":16,"column":5},"end":{"line":82,"column":1}},"line":16},"1":{"name":"(anonymous_1)","decl":{"start":{"line":42,"column":25},"end":{"line":42,"column":26}},"loc":{"start":{"line":42,"column":31},"end":{"line":46,"column":3}},"line":42}},"branchMap":{"0":{"loc":{"start":{"line":13,"column":2},"end":{"line":13,"column":27}},"type":"default-arg","locations":[{"start":{"line":13,"column":22},"end":{"line":13,"column":27}}],"line":13},"1":{"loc":{"start":{"line":14,"column":2},"end":{"line":14,"column":28}},"type":"default-arg","locations":[{"start":{"line":14,"column":23},"end":{"line":14,"column":28}}],"line":14},"2":{"loc":{"start":{"line":15,"column":2},"end":{"line":15,"column":29}},"type":"default-arg","locations":[{"start":{"line":15,"column":24},"end":{"line":15,"column":29}}],"line":15},"3":{"loc":{"start":{"line":43,"column":4},"end":{"line":43,"column":51}},"type":"if","locations":[{"start":{"line":43,"column":4},"end":{"line":43,"column":51}},{"start":{},"end":{}}],"line":43},"4":{"loc":{"start":{"line":44,"column":4},"end":{"line":44,"column":53}},"type":"if","locations":[{"start":{"line":44,"column":4},"end":{"line":44,"column":53}},{"start":{},"end":{}}],"line":44},"5":{"loc":{"start":{"line":80,"column":13},"end":{"line":80,"column":33}},"type":"cond-expr","locations":[{"start":{"line":80,"column":26},"end":{"line":80,"column":29}},{"start":{"line":80,"column":32},"end":{"line":80,"column":33}}],"line":80}},"s":{"0":0,"1":0,"2":0,"3":0,"4":0,"5":0,"6":0,"7":0,"8":0,"9":0,"10":0},"f":{"0":0,"1":0},"b":{"0":[0],"1":[0],"2":[0],"3":[0,0],"4":[0,0],"5":[0,0]}}
}
