TN:
SF:src/index.tsx
FNF:0
FNH:0
LF:0
LH:0
BRF:0
BRH:0
end_of_record
TN:
SF:src/components/Accordion/Accordion.tsx
FN:36,(anonymous_0)
FN:78,(anonymous_1)
FN:109,(anonymous_2)
FN:204,(anonymous_3)
FN:228,(anonymous_4)
FN:255,(anonymous_5)
FN:263,(anonymous_6)
FN:272,(anonymous_7)
FN:278,(anonymous_8)
FN:366,(anonymous_9)
FN:416,(anonymous_10)
FNF:11
FNH:0
FNDA:0,(anonymous_0)
FNDA:0,(anonymous_1)
FNDA:0,(anonymous_2)
FNDA:0,(anonymous_3)
FNDA:0,(anonymous_4)
FNDA:0,(anonymous_5)
FNDA:0,(anonymous_6)
FNDA:0,(anonymous_7)
FNDA:0,(anonymous_8)
FNDA:0,(anonymous_9)
FNDA:0,(anonymous_10)
DA:34,0
DA:36,0
DA:37,0
DA:38,0
DA:39,0
DA:41,0
DA:77,0
DA:99,0
DA:100,0
DA:104,0
DA:105,0
DA:109,0
DA:110,0
DA:112,0
DA:114,0
DA:115,0
DA:117,0
DA:118,0
DA:120,0
DA:122,0
DA:123,0
DA:125,0
DA:129,0
DA:130,0
DA:133,0
DA:136,0
DA:145,0
DA:165,0
DA:203,0
DA:219,0
DA:220,0
DA:221,0
DA:222,0
DA:223,0
DA:225,0
DA:226,0
DA:228,0
DA:229,0
DA:230,0
DA:231,0
DA:232,0
DA:234,0
DA:238,0
DA:242,0
DA:255,0
DA:263,0
DA:272,0
DA:273,0
DA:274,0
DA:278,0
DA:279,0
DA:284,0
DA:286,0
DA:293,0
DA:301,0
DA:308,0
DA:316,0
DA:366,0
DA:367,0
DA:368,0
DA:371,0
DA:372,0
DA:379,0
DA:380,0
DA:394,0
DA:407,0
DA:416,0
DA:461,0
LF:68
LH:0
BRDA:38,0,0,0
BRDA:38,0,1,0
BRDA:81,1,0,0
BRDA:82,2,0,0
BRDA:83,3,0,0
BRDA:86,4,0,0
BRDA:87,5,0,0
BRDA:89,6,0,0
BRDA:91,7,0,0
BRDA:92,8,0,0
BRDA:105,9,0,0
BRDA:105,9,1,0
BRDA:112,10,0,0
BRDA:112,10,1,0
BRDA:114,11,0,0
BRDA:114,11,1,0
BRDA:120,12,0,0
BRDA:120,12,1,0
BRDA:122,13,0,0
BRDA:122,13,1,0
BRDA:129,14,0,0
BRDA:129,14,1,0
BRDA:138,15,0,0
BRDA:138,15,1,0
BRDA:139,16,0,0
BRDA:139,16,1,0
BRDA:212,17,0,0
BRDA:226,18,0,0
BRDA:226,18,1,0
BRDA:229,19,0,0
BRDA:229,19,1,0
BRDA:230,20,0,0
BRDA:230,20,1,0
BRDA:231,21,0,0
BRDA:231,21,1,0
BRDA:232,22,0,0
BRDA:232,22,1,0
BRDA:234,23,0,0
BRDA:234,23,1,0
BRDA:238,24,0,0
BRDA:238,24,1,0
BRDA:242,25,0,0
BRDA:242,25,1,0
BRDA:273,26,0,0
BRDA:273,26,1,0
BRDA:284,27,0,0
BRDA:284,27,1,0
BRDA:284,27,2,0
BRDA:284,27,3,0
BRDA:284,27,4,0
BRDA:310,28,0,0
BRDA:310,28,1,0
BRDA:323,29,0,0
BRDA:323,29,1,0
BRDA:327,30,0,0
BRDA:327,30,1,0
BRDA:328,31,0,0
BRDA:328,31,1,0
BRDA:353,32,0,0
BRDA:353,32,1,0
BRDA:358,33,0,0
BRDA:358,33,1,0
BRDA:367,34,0,0
BRDA:367,34,1,0
BRDA:371,35,0,0
BRDA:371,35,1,0
BRDA:379,36,0,0
BRDA:379,36,1,0
BRDA:419,37,0,0
BRDA:419,37,1,0
BRDA:427,38,0,0
BRDA:427,38,1,0
BRDA:433,39,0,0
BRDA:433,39,1,0
BRDA:438,40,0,0
BRDA:438,40,1,0
BRDA:439,41,0,0
BRDA:439,41,1,0
BRDA:449,42,0,0
BRDA:449,42,1,0
BRF:80
BRH:0
end_of_record
TN:
SF:src/components/Alert/Alert.tsx
FN:80,(anonymous_0)
FN:98,(anonymous_1)
FN:130,(anonymous_2)
FN:135,(anonymous_3)
FN:143,(anonymous_4)
FN:144,(anonymous_5)
FN:153,(anonymous_6)
FN:162,(anonymous_7)
FN:241,(anonymous_8)
FNF:9
FNH:0
FNDA:0,(anonymous_0)
FNDA:0,(anonymous_1)
FNDA:0,(anonymous_2)
FNDA:0,(anonymous_3)
FNDA:0,(anonymous_4)
FNDA:0,(anonymous_5)
FNDA:0,(anonymous_6)
FNDA:0,(anonymous_7)
FNDA:0,(anonymous_8)
DA:80,0
DA:81,0
DA:83,0
DA:85,0
DA:87,0
DA:89,0
DA:91,0
DA:93,0
DA:97,0
DA:121,0
DA:122,0
DA:123,0
DA:124,0
DA:126,0
DA:127,0
DA:130,0
DA:131,0
DA:132,0
DA:135,0
DA:136,0
DA:137,0
DA:139,0
DA:140,0
DA:143,0
DA:144,0
DA:146,0
DA:147,0
DA:150,0
DA:153,0
DA:158,0
DA:159,0
DA:162,0
DA:163,0
DA:238,0
DA:241,0
DA:242,0
DA:249,0
DA:252,0
DA:253,0
DA:255,0
DA:314,0
DA:316,0
DA:371,0
LF:43
LH:0
BRDA:81,0,0,0
BRDA:81,0,1,0
BRDA:81,0,2,0
BRDA:81,0,3,0
BRDA:81,0,4,0
BRDA:81,0,5,0
BRDA:103,1,0,0
BRDA:104,2,0,0
BRDA:105,3,0,0
BRDA:109,4,0,0
BRDA:110,5,0,0
BRDA:111,6,0,0
BRDA:127,7,0,0
BRDA:127,7,1,0
BRDA:136,8,0,0
BRDA:136,8,1,0
BRDA:146,9,0,0
BRDA:146,9,1,0
BRDA:158,10,0,0
BRDA:158,10,1,0
BRDA:172,11,0,0
BRDA:172,11,1,0
BRDA:174,12,0,0
BRDA:174,12,1,0
BRDA:178,13,0,0
BRDA:178,13,1,0
BRDA:180,14,0,0
BRDA:180,14,1,0
BRDA:185,15,0,0
BRDA:185,15,1,0
BRDA:187,16,0,0
BRDA:187,16,1,0
BRDA:191,17,0,0
BRDA:191,17,1,0
BRDA:193,18,0,0
BRDA:193,18,1,0
BRDA:198,19,0,0
BRDA:198,19,1,0
BRDA:200,20,0,0
BRDA:200,20,1,0
BRDA:204,21,0,0
BRDA:204,21,1,0
BRDA:206,22,0,0
BRDA:206,22,1,0
BRDA:211,23,0,0
BRDA:211,23,1,0
BRDA:213,24,0,0
BRDA:213,24,1,0
BRDA:217,25,0,0
BRDA:217,25,1,0
BRDA:219,26,0,0
BRDA:219,26,1,0
BRDA:224,27,0,0
BRDA:224,27,1,0
BRDA:226,28,0,0
BRDA:226,28,1,0
BRDA:230,29,0,0
BRDA:230,29,1,0
BRDA:232,30,0,0
BRDA:232,30,1,0
BRDA:262,31,0,0
BRDA:262,31,1,0
BRDA:262,32,0,0
BRDA:262,32,1,0
BRDA:265,33,0,0
BRDA:265,33,1,0
BRDA:267,34,0,0
BRDA:267,34,1,0
BRDA:274,35,0,0
BRDA:274,35,1,0
BRDA:291,36,0,0
BRDA:291,36,1,0
BRDA:314,37,0,0
BRDA:314,37,1,0
BRDA:325,38,0,0
BRDA:325,38,1,0
BRDA:327,39,0,0
BRDA:327,39,1,0
BRDA:338,40,0,0
BRDA:338,40,1,0
BRDA:341,41,0,0
BRDA:341,41,1,0
BRDA:348,42,0,0
BRDA:348,42,1,0
BRDA:352,43,0,0
BRDA:352,43,1,0
BRDA:361,44,0,0
BRDA:361,44,1,0
BRF:88
BRH:0
end_of_record
TN:
SF:src/components/Avatar/Avatar.tsx
FN:39,(anonymous_0)
FN:71,(anonymous_1)
FNF:2
FNH:0
FNDA:0,(anonymous_0)
FNDA:0,(anonymous_1)
DA:38,0
DA:52,0
DA:54,0
DA:61,0
DA:68,0
DA:69,0
DA:71,0
DA:72,0
DA:73,0
DA:74,0
DA:76,0
DA:79,0
DA:105,0
DA:107,0
DA:123,0
LF:15
LH:0
BRDA:44,0,0,0
BRDA:45,1,0,0
BRDA:46,2,0,0
BRDA:73,3,0,0
BRDA:73,3,1,0
BRDA:74,4,0,0
BRDA:74,4,1,0
BRDA:74,5,0,0
BRDA:74,5,1,0
BRDA:76,6,0,0
BRDA:76,6,1,0
BRDA:88,7,0,0
BRDA:88,7,1,0
BRDA:90,8,0,0
BRDA:90,8,1,0
BRDA:105,9,0,0
BRDA:105,9,1,0
BRDA:109,10,0,0
BRDA:109,10,1,0
BRDA:113,11,0,0
BRDA:113,11,1,0
BRDA:115,12,0,0
BRDA:115,12,1,0
BRF:23
BRH:0
end_of_record
TN:
SF:src/components/Badge/Badge.tsx
FN:64,(anonymous_0)
FN:112,(anonymous_1)
FN:118,(anonymous_2)
FN:158,(anonymous_3)
FN:172,(anonymous_4)
FNF:5
FNH:0
FNDA:0,(anonymous_0)
FNDA:0,(anonymous_1)
FNDA:0,(anonymous_2)
FNDA:0,(anonymous_3)
FNDA:0,(anonymous_4)
DA:63,0
DA:84,0
DA:87,0
DA:89,0
DA:110,0
DA:112,0
DA:113,0
DA:118,0
DA:119,0
DA:121,0
DA:123,0
DA:128,0
DA:136,0
DA:148,0
DA:154,0
DA:158,0
DA:159,0
DA:160,0
DA:162,0
DA:164,0
DA:166,0
DA:168,0
DA:172,0
DA:173,0
DA:174,0
DA:176,0
DA:179,0
DA:226,0
DA:248,0
DA:249,0
DA:257,0
DA:261,0
LF:32
LH:0
BRDA:67,0,0,0
BRDA:68,1,0,0
BRDA:69,2,0,0
BRDA:70,3,0,0
BRDA:71,4,0,0
BRDA:72,5,0,0
BRDA:73,6,0,0
BRDA:74,7,0,0
BRDA:75,8,0,0
BRDA:76,9,0,0
BRDA:80,10,0,0
BRDA:87,11,0,0
BRDA:87,11,1,0
BRDA:110,12,0,0
BRDA:110,12,1,0
BRDA:110,13,0,0
BRDA:110,13,1,0
BRDA:113,14,0,0
BRDA:113,14,1,0
BRDA:121,15,0,0
BRDA:121,15,1,0
BRDA:121,15,2,0
BRDA:121,15,3,0
BRDA:121,15,4,0
BRDA:130,16,0,0
BRDA:130,16,1,0
BRDA:138,17,0,0
BRDA:138,17,1,0
BRDA:143,18,0,0
BRDA:143,18,1,0
BRDA:160,19,0,0
BRDA:160,19,1,0
BRDA:160,19,2,0
BRDA:160,19,3,0
BRDA:173,20,0,0
BRDA:173,20,1,0
BRDA:173,21,0,0
BRDA:173,21,1,0
BRDA:181,22,0,0
BRDA:181,22,1,0
BRDA:184,23,0,0
BRDA:184,23,1,0
BRDA:190,24,0,0
BRDA:190,24,1,0
BRDA:199,25,0,0
BRDA:199,25,1,0
BRDA:203,26,0,0
BRDA:203,26,1,0
BRDA:203,26,2,0
BRDA:213,27,0,0
BRDA:213,27,1,0
BRDA:226,28,0,0
BRDA:226,28,1,0
BRDA:231,29,0,0
BRDA:231,29,1,0
BRDA:233,30,0,0
BRDA:233,30,1,0
BRDA:238,31,0,0
BRDA:238,31,1,0
BRDA:238,31,2,0
BRDA:240,32,0,0
BRDA:240,32,1,0
BRDA:240,33,0,0
BRDA:240,33,1,0
BRDA:248,34,0,0
BRDA:248,34,1,0
BRF:66
BRH:0
end_of_record
TN:
SF:src/components/BottomSheet/BottomSheet.tsx
FN:47,(anonymous_0)
FN:114,(anonymous_1)
FN:124,(anonymous_2)
FN:156,(anonymous_3)
FN:165,(anonymous_4)
FN:173,(anonymous_5)
FN:202,(anonymous_6)
FN:204,(anonymous_7)
FN:215,(anonymous_8)
FN:228,(anonymous_9)
FN:232,(anonymous_10)
FN:244,(anonymous_11)
FN:272,(anonymous_12)
FN:276,(anonymous_13)
FN:281,(anonymous_14)
FN:391,(anonymous_15)
FN:440,(anonymous_16)
FN:472,(anonymous_17)
FNF:18
FNH:0
FNDA:0,(anonymous_0)
FNDA:0,(anonymous_1)
FNDA:0,(anonymous_2)
FNDA:0,(anonymous_3)
FNDA:0,(anonymous_4)
FNDA:0,(anonymous_5)
FNDA:0,(anonymous_6)
FNDA:0,(anonymous_7)
FNDA:0,(anonymous_8)
FNDA:0,(anonymous_9)
FNDA:0,(anonymous_10)
FNDA:0,(anonymous_11)
FNDA:0,(anonymous_12)
FNDA:0,(anonymous_13)
FNDA:0,(anonymous_14)
FNDA:0,(anonymous_15)
FNDA:0,(anonymous_16)
FNDA:0,(anonymous_17)
DA:35,0
DA:45,0
DA:47,0
DA:48,0
DA:49,0
DA:50,0
DA:52,0
DA:114,0
DA:115,0
DA:116,0
DA:119,0
DA:120,0
DA:124,0
DA:143,0
DA:144,0
DA:147,0
DA:148,0
DA:151,0
DA:152,0
DA:155,0
DA:156,0
DA:165,0
DA:166,0
DA:168,0
DA:169,0
DA:170,0
DA:171,0
DA:173,0
DA:174,0
DA:175,0
DA:178,0
DA:181,0
DA:182,0
DA:183,0
DA:185,0
DA:186,0
DA:201,0
DA:204,0
DA:205,0
DA:207,0
DA:208,0
DA:214,0
DA:216,0
DA:217,0
DA:218,0
DA:225,0
DA:227,0
DA:230,0
DA:234,0
DA:235,0
DA:238,0
DA:239,0
DA:241,0
DA:246,0
DA:247,0
DA:250,0
DA:254,0
DA:255,0
DA:256,0
DA:257,0
DA:261,0
DA:262,0
DA:264,0
DA:266,0
DA:267,0
DA:272,0
DA:276,0
DA:281,0
DA:282,0
DA:283,0
DA:284,0
DA:287,0
DA:328,0
DA:330,0
DA:391,0
DA:397,0
DA:398,0
DA:400,0
DA:422,0
DA:440,0
DA:445,0
DA:447,0
DA:455,0
DA:456,0
DA:457,0
DA:468,0
DA:472,0
DA:476,0
DA:478,0
DA:487,0
DA:490,0
DA:491,0
DA:492,0
DA:493,0
LF:94
LH:0
BRDA:49,0,0,0
BRDA:49,0,1,0
BRDA:115,1,0,0
BRDA:115,1,1,0
BRDA:127,2,0,0
BRDA:128,3,0,0
BRDA:129,4,0,0
BRDA:130,5,0,0
BRDA:131,6,0,0
BRDA:132,7,0,0
BRDA:133,8,0,0
BRDA:134,9,0,0
BRDA:135,10,0,0
BRDA:166,11,0,0
BRDA:166,11,1,0
BRDA:168,12,0,0
BRDA:168,12,1,0
BRDA:169,13,0,0
BRDA:169,13,1,0
BRDA:174,14,0,0
BRDA:174,14,1,0
BRDA:181,15,0,0
BRDA:181,15,1,0
BRDA:217,16,0,0
BRDA:217,16,1,0
BRDA:238,17,0,0
BRDA:238,17,1,0
BRDA:250,18,0,0
BRDA:250,18,1,0
BRDA:251,19,0,0
BRDA:251,19,1,0
BRDA:251,19,2,0
BRDA:262,20,0,0
BRDA:262,20,1,0
BRDA:266,21,0,0
BRDA:266,21,1,0
BRDA:282,22,0,0
BRDA:282,22,1,0
BRDA:283,23,0,0
BRDA:283,23,1,0
BRDA:328,24,0,0
BRDA:328,24,1,0
BRDA:341,25,0,0
BRDA:341,25,1,0
BRDA:344,26,0,0
BRDA:344,26,1,0
BRDA:359,27,0,0
BRDA:359,27,1,0
BRDA:372,28,0,0
BRDA:372,28,1,0
BRDA:394,29,0,0
BRDA:395,30,0,0
BRDA:424,31,0,0
BRDA:424,31,1,0
BRDA:424,31,2,0
BRDA:430,32,0,0
BRDA:430,32,1,0
BRDA:430,32,2,0
BRDA:443,33,0,0
BRDA:455,34,0,0
BRDA:455,34,1,0
BRF:61
BRH:0
end_of_record
TN:
SF:src/components/Button/Button.tsx
FN:43,(anonymous_0)
FN:86,(anonymous_1)
FN:90,(anonymous_2)
FN:97,(anonymous_3)
FNF:4
FNH:0
FNDA:0,(anonymous_0)
FNDA:0,(anonymous_1)
FNDA:0,(anonymous_2)
FNDA:0,(anonymous_3)
DA:42,0
DA:61,0
DA:62,0
DA:64,0
DA:66,0
DA:86,0
DA:90,0
DA:91,0
DA:97,0
DA:98,0
DA:104,0
DA:137,0
LF:12
LH:0
BRDA:47,0,0,0
BRDA:48,1,0,0
BRDA:49,2,0,0
BRDA:50,3,0,0
BRDA:51,4,0,0
BRDA:52,5,0,0
BRDA:69,6,0,0
BRDA:69,6,1,0
BRDA:69,7,0,0
BRDA:69,7,1,0
BRDA:70,8,0,0
BRDA:70,8,1,0
BRDA:112,9,0,0
BRDA:112,9,1,0
BRDA:114,10,0,0
BRDA:114,10,1,0
BRDA:116,11,0,0
BRDA:116,11,1,0
BRDA:121,12,0,0
BRDA:121,12,1,0
BRDA:128,13,0,0
BRDA:128,13,1,0
BRDA:130,14,0,0
BRDA:130,14,1,0
BRF:24
BRH:0
end_of_record
TN:
SF:src/components/Card/Card.tsx
FN:28,(anonymous_0)
FN:86,(anonymous_1)
FN:103,(anonymous_2)
FN:120,(anonymous_3)
FNF:4
FNH:0
FNDA:0,(anonymous_0)
FNDA:0,(anonymous_1)
FNDA:0,(anonymous_2)
FNDA:0,(anonymous_3)
DA:27,0
DA:40,0
DA:41,0
DA:43,0
DA:56,0
DA:58,0
DA:59,0
DA:71,0
DA:79,0
DA:86,0
DA:87,0
DA:89,0
DA:95,0
DA:103,0
DA:104,0
DA:106,0
DA:112,0
DA:120,0
DA:121,0
DA:123,0
DA:129,0
LF:21
LH:0
BRDA:31,0,0,0
BRDA:32,1,0,0
BRDA:34,2,0,0
BRDA:41,3,0,0
BRDA:41,3,1,0
BRDA:47,4,0,0
BRDA:47,4,1,0
BRDA:48,5,0,0
BRDA:48,5,1,0
BRDA:49,6,0,0
BRDA:49,6,1,0
BRDA:58,7,0,0
BRDA:58,7,1,0
BRDA:58,8,0,0
BRDA:58,8,1,0
BRF:15
BRH:0
end_of_record
TN:
SF:src/components/Checkbox/Checkbox.tsx
FN:88,(anonymous_0)
FN:92,(anonymous_1)
FN:97,(anonymous_2)
FN:153,(anonymous_3)
FN:164,(anonymous_4)
FN:171,(anonymous_5)
FN:191,(anonymous_6)
FN:245,(anonymous_7)
FNF:8
FNH:0
FNDA:0,(anonymous_0)
FNDA:0,(anonymous_1)
FNDA:0,(anonymous_2)
FNDA:0,(anonymous_3)
FNDA:0,(anonymous_4)
FNDA:0,(anonymous_5)
FNDA:0,(anonymous_6)
FNDA:0,(anonymous_7)
DA:88,0
DA:89,0
DA:92,0
DA:94,0
DA:96,0
DA:124,0
DA:125,0
DA:126,0
DA:128,0
DA:129,0
DA:130,0
DA:132,0
DA:153,0
DA:154,0
DA:161,0
DA:164,0
DA:165,0
DA:166,0
DA:171,0
DA:172,0
DA:174,0
DA:175,0
DA:181,0
DA:182,0
DA:183,0
DA:185,0
DA:186,0
DA:189,0
DA:191,0
DA:195,0
DA:245,0
DA:246,0
DA:247,0
DA:248,0
DA:250,0
DA:253,0
DA:254,0
DA:257,0
DA:258,0
DA:261,0
DA:264,0
DA:297,0
LF:42
LH:0
BRDA:103,0,0,0
BRDA:104,1,0,0
BRDA:105,2,0,0
BRDA:106,3,0,0
BRDA:108,4,0,0
BRDA:109,5,0,0
BRDA:110,6,0,0
BRDA:111,7,0,0
BRDA:112,8,0,0
BRDA:113,9,0,0
BRDA:115,10,0,0
BRDA:129,11,0,0
BRDA:129,11,1,0
BRDA:130,12,0,0
BRDA:130,12,1,0
BRDA:165,13,0,0
BRDA:165,13,1,0
BRDA:166,14,0,0
BRDA:166,14,1,0
BRDA:172,15,0,0
BRDA:172,15,1,0
BRDA:172,16,0,0
BRDA:172,16,1,0
BRDA:174,17,0,0
BRDA:174,17,1,0
BRDA:182,18,0,0
BRDA:182,18,1,0
BRDA:200,19,0,0
BRDA:200,19,1,0
BRDA:208,20,0,0
BRDA:208,20,1,0
BRDA:208,21,0,0
BRDA:208,21,1,0
BRDA:210,22,0,0
BRDA:210,22,1,0
BRDA:214,23,0,0
BRDA:214,23,1,0
BRDA:214,24,0,0
BRDA:214,24,1,0
BRDA:230,25,0,0
BRDA:230,25,1,0
BRDA:233,26,0,0
BRDA:233,26,1,0
BRDA:233,26,2,0
BRDA:246,27,0,0
BRDA:246,27,1,0
BRDA:247,28,0,0
BRDA:247,28,1,0
BRDA:253,29,0,0
BRDA:253,29,1,0
BRDA:257,30,0,0
BRDA:257,30,1,0
BRDA:268,31,0,0
BRDA:268,31,1,0
BRDA:272,32,0,0
BRDA:272,32,1,0
BRDA:275,33,0,0
BRDA:275,33,1,0
BRDA:286,34,0,0
BRDA:286,34,1,0
BRDA:289,35,0,0
BRDA:289,35,1,0
BRF:62
BRH:0
end_of_record
TN:
SF:src/components/Chip/Chip.tsx
FN:40,(anonymous_0)
FN:80,(anonymous_1)
FNF:2
FNH:0
FNDA:0,(anonymous_0)
FNDA:0,(anonymous_1)
DA:39,0
DA:54,0
DA:56,0
DA:80,0
DA:81,0
DA:83,0
DA:88,0
DA:93,0
DA:99,0
DA:104,0
DA:108,0
DA:141,0
DA:159,0
DA:160,0
DA:172,0
DA:180,0
LF:16
LH:0
BRDA:43,0,0,0
BRDA:44,1,0,0
BRDA:45,2,0,0
BRDA:81,3,0,0
BRDA:81,3,1,0
BRDA:81,3,2,0
BRDA:81,3,3,0
BRDA:81,3,4,0
BRDA:120,4,0,0
BRDA:120,4,1,0
BRDA:130,5,0,0
BRDA:130,5,1,0
BRDA:142,6,0,0
BRDA:142,6,1,0
BRDA:146,7,0,0
BRDA:146,7,1,0
BRDA:159,8,0,0
BRDA:159,8,1,0
BRF:18
BRH:0
end_of_record
TN:
SF:src/components/Divider/Divider.tsx
FN:25,(anonymous_0)
FNF:1
FNH:0
FNDA:0,(anonymous_0)
DA:24,0
DA:26,0
DA:28,0
DA:41,0
DA:56,0
LF:5
LH:0
BRDA:25,0,0,0
BRDA:45,1,0,0
BRDA:45,1,1,0
BRF:3
BRH:0
end_of_record
TN:
SF:src/components/Drawer/Drawer.tsx
FN:49,(anonymous_0)
FN:110,(anonymous_1)
FN:131,(anonymous_2)
FN:164,(anonymous_3)
FN:173,(anonymous_4)
FN:189,(anonymous_5)
FN:196,(anonymous_6)
FN:232,(anonymous_7)
FN:237,(anonymous_8)
FN:260,(anonymous_9)
FN:295,(anonymous_10)
FN:302,(anonymous_11)
FN:307,(anonymous_12)
FN:314,(anonymous_13)
FN:434,(anonymous_14)
FN:484,(anonymous_15)
FN:516,(anonymous_16)
FNF:17
FNH:0
FNDA:0,(anonymous_0)
FNDA:0,(anonymous_1)
FNDA:0,(anonymous_2)
FNDA:0,(anonymous_3)
FNDA:0,(anonymous_4)
FNDA:0,(anonymous_5)
FNDA:0,(anonymous_6)
FNDA:0,(anonymous_7)
FNDA:0,(anonymous_8)
FNDA:0,(anonymous_9)
FNDA:0,(anonymous_10)
FNDA:0,(anonymous_11)
FNDA:0,(anonymous_12)
FNDA:0,(anonymous_13)
FNDA:0,(anonymous_14)
FNDA:0,(anonymous_15)
FNDA:0,(anonymous_16)
DA:34,0
DA:35,0
DA:47,0
DA:49,0
DA:50,0
DA:51,0
DA:52,0
DA:54,0
DA:110,0
DA:114,0
DA:116,0
DA:118,0
DA:127,0
DA:131,0
DA:148,0
DA:150,0
DA:151,0
DA:154,0
DA:157,0
DA:160,0
DA:163,0
DA:164,0
DA:173,0
DA:174,0
DA:176,0
DA:178,0
DA:180,0
DA:182,0
DA:184,0
DA:189,0
DA:190,0
DA:191,0
DA:192,0
DA:193,0
DA:194,0
DA:196,0
DA:197,0
DA:198,0
DA:201,0
DA:202,0
DA:205,0
DA:206,0
DA:207,0
DA:208,0
DA:209,0
DA:211,0
DA:212,0
DA:213,0
DA:228,0
DA:229,0
DA:231,0
DA:234,0
DA:235,0
DA:239,0
DA:240,0
DA:241,0
DA:242,0
DA:243,0
DA:244,0
DA:245,0
DA:246,0
DA:247,0
DA:248,0
DA:249,0
DA:250,0
DA:255,0
DA:258,0
DA:263,0
DA:267,0
DA:272,0
DA:274,0
DA:280,0
DA:281,0
DA:282,0
DA:283,0
DA:284,0
DA:285,0
DA:288,0
DA:289,0
DA:290,0
DA:295,0
DA:302,0
DA:307,0
DA:308,0
DA:309,0
DA:310,0
DA:314,0
DA:315,0
DA:324,0
DA:326,0
DA:335,0
DA:344,0
DA:353,0
DA:362,0
DA:366,0
DA:379,0
DA:381,0
DA:434,0
DA:439,0
DA:440,0
DA:442,0
DA:466,0
DA:484,0
DA:489,0
DA:491,0
DA:499,0
DA:500,0
DA:501,0
DA:512,0
DA:516,0
DA:520,0
DA:522,0
DA:531,0
DA:534,0
DA:535,0
DA:536,0
DA:537,0
LF:117
LH:0
BRDA:51,0,0,0
BRDA:51,0,1,0
BRDA:114,1,0,0
BRDA:114,1,1,0
BRDA:116,2,0,0
BRDA:116,2,1,0
BRDA:134,3,0,0
BRDA:135,4,0,0
BRDA:136,5,0,0
BRDA:137,6,0,0
BRDA:138,7,0,0
BRDA:139,8,0,0
BRDA:140,9,0,0
BRDA:141,10,0,0
BRDA:150,11,0,0
BRDA:150,11,1,0
BRDA:155,12,0,0
BRDA:155,12,1,0
BRDA:155,13,0,0
BRDA:155,13,1,0
BRDA:158,14,0,0
BRDA:158,14,1,0
BRDA:158,15,0,0
BRDA:158,15,1,0
BRDA:174,16,0,0
BRDA:174,16,1,0
BRDA:174,16,2,0
BRDA:174,16,3,0
BRDA:174,16,4,0
BRDA:190,17,0,0
BRDA:190,17,1,0
BRDA:191,18,0,0
BRDA:191,18,1,0
BRDA:197,19,0,0
BRDA:197,19,1,0
BRDA:206,20,0,0
BRDA:206,20,1,0
BRDA:239,21,0,0
BRDA:239,21,1,0
BRDA:242,22,0,0
BRDA:242,22,1,0
BRDA:245,23,0,0
BRDA:245,23,1,0
BRDA:248,24,0,0
BRDA:248,24,1,0
BRDA:255,25,0,0
BRDA:255,25,1,0
BRDA:255,26,0,0
BRDA:255,26,1,0
BRDA:263,27,0,0
BRDA:263,27,1,0
BRDA:263,28,0,0
BRDA:263,28,1,0
BRDA:267,29,0,0
BRDA:267,29,1,0
BRDA:267,30,0,0
BRDA:267,30,1,0
BRDA:274,31,0,0
BRDA:274,31,1,0
BRDA:274,31,2,0
BRDA:274,31,3,0
BRDA:274,31,4,0
BRDA:274,31,5,0
BRDA:274,31,6,0
BRDA:274,31,7,0
BRDA:274,31,8,0
BRDA:274,31,9,0
BRDA:274,31,10,0
BRDA:274,31,11,0
BRDA:274,31,12,0
BRDA:280,32,0,0
BRDA:280,32,1,0
BRDA:308,33,0,0
BRDA:308,33,1,0
BRDA:309,34,0,0
BRDA:309,34,1,0
BRDA:324,35,0,0
BRDA:324,35,1,0
BRDA:324,35,2,0
BRDA:324,35,3,0
BRDA:324,35,4,0
BRDA:379,36,0,0
BRDA:379,36,1,0
BRDA:392,37,0,0
BRDA:392,37,1,0
BRDA:395,38,0,0
BRDA:395,38,1,0
BRDA:410,39,0,0
BRDA:410,39,1,0
BRDA:437,40,0,0
BRDA:457,41,0,0
BRDA:457,41,1,0
BRDA:458,42,0,0
BRDA:458,42,1,0
BRDA:468,43,0,0
BRDA:468,43,1,0
BRDA:468,43,2,0
BRDA:474,44,0,0
BRDA:474,44,1,0
BRDA:474,44,2,0
BRDA:487,45,0,0
BRDA:499,46,0,0
BRDA:499,46,1,0
BRF:103
BRH:0
end_of_record
TN:
SF:src/components/Image/Image.tsx
FN:48,(anonymous_0)
FN:133,(anonymous_1)
FN:134,(anonymous_2)
FN:135,(anonymous_3)
FNF:4
FNH:0
FNDA:0,(anonymous_0)
FNDA:0,(anonymous_1)
FNDA:0,(anonymous_2)
FNDA:0,(anonymous_3)
DA:47,0
DA:66,0
DA:67,0
DA:68,0
DA:70,0
DA:79,0
DA:87,0
DA:115,0
DA:133,0
DA:134,0
DA:136,0
DA:137,0
DA:152,0
LF:13
LH:0
BRDA:54,0,0,0
BRDA:55,1,0,0
BRDA:56,2,0,0
BRDA:58,3,0,0
BRDA:59,4,0,0
BRDA:79,5,0,0
BRDA:79,5,1,0
BRDA:79,6,0,0
BRDA:79,6,1,0
BRDA:80,7,0,0
BRDA:80,7,1,0
BRDA:83,8,0,0
BRDA:83,8,1,0
BRDA:90,9,0,0
BRDA:90,9,1,0
BRDA:91,10,0,0
BRDA:91,10,1,0
BRDA:123,11,0,0
BRDA:123,11,1,0
BRDA:129,12,0,0
BRDA:129,12,1,0
BRDA:142,13,0,0
BRDA:142,13,1,0
BRDA:142,13,2,0
BRDA:142,13,3,0
BRF:25
BRH:0
end_of_record
TN:
SF:src/components/Input/Input.tsx
FN:46,(anonymous_0)
FN:132,(anonymous_1)
FN:137,(anonymous_2)
FNF:3
FNH:0
FNDA:0,(anonymous_0)
FNDA:0,(anonymous_1)
FNDA:0,(anonymous_2)
DA:45,0
DA:67,0
DA:68,0
DA:70,0
DA:71,0
DA:80,0
DA:132,0
DA:133,0
DA:134,0
DA:137,0
DA:138,0
DA:139,0
DA:142,0
DA:188,0
LF:14
LH:0
BRDA:56,0,0,0
BRDA:57,1,0,0
BRDA:58,2,0,0
BRDA:59,3,0,0
BRDA:60,4,0,0
BRDA:61,5,0,0
BRDA:70,6,0,0
BRDA:70,6,1,0
BRDA:87,7,0,0
BRDA:87,7,1,0
BRDA:89,8,0,0
BRDA:89,8,1,0
BRDA:102,9,0,0
BRDA:102,9,1,0
BRDA:115,10,0,0
BRDA:115,10,1,0
BRDA:144,11,0,0
BRDA:144,11,1,0
BRDA:147,12,0,0
BRDA:147,12,1,0
BRDA:151,13,0,0
BRDA:151,13,1,0
BRDA:157,14,0,0
BRDA:157,14,1,0
BRDA:168,15,0,0
BRDA:168,15,1,0
BRDA:168,15,2,0
BRDA:178,16,0,0
BRDA:178,16,1,0
BRDA:180,17,0,0
BRDA:180,17,1,0
BRDA:180,17,2,0
BRDA:181,18,0,0
BRDA:181,18,1,0
BRF:34
BRH:0
end_of_record
TN:
SF:src/components/InputOtp/InputOtp.tsx
FN:76,(anonymous_0)
FN:138,(anonymous_1)
FN:146,(anonymous_2)
FN:196,(anonymous_3)
FN:213,(anonymous_4)
FN:269,(anonymous_5)
FN:308,(anonymous_6)
FN:311,(anonymous_7)
FN:315,(anonymous_8)
FN:316,(anonymous_9)
FNF:10
FNH:0
FNDA:0,(anonymous_0)
FNDA:0,(anonymous_1)
FNDA:0,(anonymous_2)
FNDA:0,(anonymous_3)
FNDA:0,(anonymous_4)
FNDA:0,(anonymous_5)
FNDA:0,(anonymous_6)
FNDA:0,(anonymous_7)
FNDA:0,(anonymous_8)
FNDA:0,(anonymous_9)
DA:75,0
DA:102,0
DA:103,0
DA:106,0
DA:108,0
DA:109,0
DA:110,0
DA:112,0
DA:130,0
DA:138,0
DA:139,0
DA:140,0
DA:141,0
DA:144,0
DA:146,0
DA:147,0
DA:153,0
DA:155,0
DA:166,0
DA:173,0
DA:186,0
DA:196,0
DA:197,0
DA:200,0
DA:201,0
DA:202,0
DA:205,0
DA:206,0
DA:207,0
DA:211,0
DA:212,0
DA:213,0
DA:214,0
DA:215,0
DA:218,0
DA:219,0
DA:220,0
DA:222,0
DA:225,0
DA:226,0
DA:229,0
DA:230,0
DA:232,0
DA:236,0
DA:237,0
DA:238,0
DA:239,0
DA:240,0
DA:242,0
DA:245,0
DA:246,0
DA:250,0
DA:251,0
DA:255,0
DA:256,0
DA:257,0
DA:258,0
DA:260,0
DA:263,0
DA:264,0
DA:269,0
DA:270,0
DA:271,0
DA:275,0
DA:301,0
DA:309,0
DA:312,0
DA:315,0
DA:316,0
DA:351,0
LF:70
LH:0
BRDA:78,0,0,0
BRDA:79,1,0,0
BRDA:81,2,0,0
BRDA:82,3,0,0
BRDA:83,4,0,0
BRDA:84,5,0,0
BRDA:85,6,0,0
BRDA:86,7,0,0
BRDA:89,8,0,0
BRDA:90,9,0,0
BRDA:92,10,0,0
BRDA:93,11,0,0
BRDA:109,12,0,0
BRDA:109,12,1,0
BRDA:139,13,0,0
BRDA:139,13,1,0
BRDA:140,14,0,0
BRDA:140,14,1,0
BRDA:153,15,0,0
BRDA:153,15,1,0
BRDA:153,15,2,0
BRDA:153,15,3,0
BRDA:153,15,4,0
BRDA:158,16,0,0
BRDA:158,16,1,0
BRDA:160,17,0,0
BRDA:160,17,1,0
BRDA:169,18,0,0
BRDA:169,18,1,0
BRDA:176,19,0,0
BRDA:176,19,1,0
BRDA:178,20,0,0
BRDA:178,20,1,0
BRDA:188,21,0,0
BRDA:188,21,1,0
BRDA:197,22,0,0
BRDA:197,22,1,0
BRDA:197,23,0,0
BRDA:197,23,1,0
BRDA:201,24,0,0
BRDA:201,24,1,0
BRDA:201,25,0,0
BRDA:201,25,1,0
BRDA:211,26,0,0
BRDA:211,26,1,0
BRDA:214,27,0,0
BRDA:214,27,1,0
BRDA:219,28,0,0
BRDA:219,28,1,0
BRDA:229,29,0,0
BRDA:229,29,1,0
BRDA:236,30,0,0
BRDA:236,30,1,0
BRDA:239,31,0,0
BRDA:239,31,1,0
BRDA:245,32,0,0
BRDA:245,32,1,0
BRDA:250,33,0,0
BRDA:250,33,1,0
BRDA:257,34,0,0
BRDA:257,34,1,0
BRDA:263,35,0,0
BRDA:263,35,1,0
BRDA:270,36,0,0
BRDA:270,36,1,0
BRDA:270,37,0,0
BRDA:270,37,1,0
BRDA:270,37,2,0
BRDA:314,38,0,0
BRDA:314,38,1,0
BRDA:318,39,0,0
BRDA:318,39,1,0
BRDA:320,40,0,0
BRDA:320,40,1,0
BRDA:322,41,0,0
BRDA:322,41,1,0
BRDA:327,42,0,0
BRDA:327,42,1,0
BRDA:335,43,0,0
BRDA:335,43,1,0
BRDA:335,43,2,0
BRDA:341,44,0,0
BRDA:341,44,1,0
BRDA:341,44,2,0
BRF:84
BRH:0
end_of_record
TN:
SF:src/components/Modal/Modal.tsx
FN:41,(anonymous_0)
FN:87,(anonymous_1)
FN:126,(anonymous_2)
FN:138,(anonymous_3)
FN:152,(anonymous_4)
FN:192,(anonymous_5)
FN:206,(anonymous_6)
FN:224,(anonymous_7)
FN:246,(anonymous_8)
FN:315,(anonymous_9)
FN:360,(anonymous_10)
FNF:11
FNH:0
FNDA:0,(anonymous_0)
FNDA:0,(anonymous_1)
FNDA:0,(anonymous_2)
FNDA:0,(anonymous_3)
FNDA:0,(anonymous_4)
FNDA:0,(anonymous_5)
FNDA:0,(anonymous_6)
FNDA:0,(anonymous_7)
FNDA:0,(anonymous_8)
FNDA:0,(anonymous_9)
FNDA:0,(anonymous_10)
DA:39,0
DA:41,0
DA:42,0
DA:43,0
DA:44,0
DA:46,0
DA:87,0
DA:104,0
DA:106,0
DA:119,0
DA:126,0
DA:127,0
DA:129,0
DA:131,0
DA:134,0
DA:138,0
DA:139,0
DA:141,0
DA:143,0
DA:145,0
DA:148,0
DA:152,0
DA:153,0
DA:154,0
DA:155,0
DA:159,0
DA:187,0
DA:193,0
DA:194,0
DA:195,0
DA:206,0
DA:216,0
DA:224,0
DA:229,0
DA:236,0
DA:246,0
DA:252,0
DA:253,0
DA:255,0
DA:284,0
DA:305,0
DA:315,0
DA:321,0
DA:323,0
DA:332,0
DA:333,0
DA:345,0
DA:352,0
DA:360,0
DA:365,0
DA:367,0
DA:379,0
DA:386,0
LF:53
LH:0
BRDA:43,0,0,0
BRDA:43,0,1,0
BRDA:91,1,0,0
BRDA:92,2,0,0
BRDA:93,3,0,0
BRDA:94,4,0,0
BRDA:95,5,0,0
BRDA:96,6,0,0
BRDA:97,7,0,0
BRDA:98,8,0,0
BRDA:99,9,0,0
BRDA:100,10,0,0
BRDA:127,11,0,0
BRDA:127,11,1,0
BRDA:127,11,2,0
BRDA:127,11,3,0
BRDA:139,12,0,0
BRDA:139,12,1,0
BRDA:139,12,2,0
BRDA:139,12,3,0
BRDA:139,12,4,0
BRDA:153,13,0,0
BRDA:153,13,1,0
BRDA:169,14,0,0
BRDA:169,14,1,0
BRDA:171,15,0,0
BRDA:171,15,1,0
BRDA:177,16,0,0
BRDA:177,16,1,0
BRDA:177,17,0,0
BRDA:177,17,1,0
BRDA:177,18,0,0
BRDA:177,18,1,0
BRDA:179,19,0,0
BRDA:179,19,1,0
BRDA:181,20,0,0
BRDA:181,20,1,0
BRDA:181,21,0,0
BRDA:181,21,1,0
BRDA:181,22,0,0
BRDA:181,22,1,0
BRDA:183,23,0,0
BRDA:183,23,1,0
BRDA:183,24,0,0
BRDA:183,24,1,0
BRDA:183,25,0,0
BRDA:183,25,1,0
BRDA:191,26,0,0
BRDA:191,26,1,0
BRDA:193,27,0,0
BRDA:193,27,1,0
BRDA:249,28,0,0
BRDA:286,29,0,0
BRDA:286,29,1,0
BRDA:291,30,0,0
BRDA:291,30,1,0
BRDA:318,31,0,0
BRDA:332,32,0,0
BRDA:332,32,1,0
BRF:59
BRH:0
end_of_record
TN:
SF:src/components/Progress/Progress.tsx
FN:69,(anonymous_0)
FN:97,(anonymous_1)
FN:129,(anonymous_2)
FN:140,(anonymous_3)
FN:144,(anonymous_4)
FNF:5
FNH:0
FNDA:0,(anonymous_0)
FNDA:0,(anonymous_1)
FNDA:0,(anonymous_2)
FNDA:0,(anonymous_3)
FNDA:0,(anonymous_4)
DA:68,0
DA:88,0
DA:89,0
DA:90,0
DA:92,0
DA:97,0
DA:98,0
DA:99,0
DA:110,0
DA:111,0
DA:113,0
DA:123,0
DA:129,0
DA:130,0
DA:131,0
DA:134,0
DA:136,0
DA:140,0
DA:144,0
DA:145,0
DA:151,0
DA:156,0
DA:194,0
DA:239,0
LF:24
LH:0
BRDA:72,0,0,0
BRDA:73,1,0,0
BRDA:74,2,0,0
BRDA:75,3,0,0
BRDA:76,4,0,0
BRDA:77,5,0,0
BRDA:79,6,0,0
BRDA:81,7,0,0
BRDA:98,8,0,0
BRDA:98,8,1,0
BRDA:110,9,0,0
BRDA:110,9,1,0
BRDA:130,10,0,0
BRDA:130,10,1,0
BRDA:136,11,0,0
BRDA:136,11,1,0
BRDA:207,12,0,0
BRDA:207,12,1,0
BRDA:207,12,2,0
BRDA:209,13,0,0
BRDA:209,13,1,0
BRDA:212,14,0,0
BRDA:212,14,1,0
BRDA:212,14,2,0
BRDA:220,15,0,0
BRDA:220,15,1,0
BRF:26
BRH:0
end_of_record
TN:
SF:src/components/Radio/Radio.tsx
FN:45,(anonymous_0)
FN:99,(anonymous_1)
FN:131,(anonymous_2)
FN:244,(anonymous_3)
FN:289,(anonymous_4)
FN:300,(anonymous_5)
FN:309,(anonymous_6)
FNF:7
FNH:0
FNDA:0,(anonymous_0)
FNDA:0,(anonymous_1)
FNDA:0,(anonymous_2)
FNDA:0,(anonymous_3)
FNDA:0,(anonymous_4)
FNDA:0,(anonymous_5)
FNDA:0,(anonymous_6)
DA:43,0
DA:45,0
DA:46,0
DA:98,0
DA:124,0
DA:125,0
DA:127,0
DA:128,0
DA:129,0
DA:131,0
DA:132,0
DA:133,0
DA:135,0
DA:138,0
DA:176,0
DA:217,0
DA:243,0
DA:256,0
DA:257,0
DA:258,0
DA:260,0
DA:261,0
DA:264,0
DA:265,0
DA:266,0
DA:268,0
DA:289,0
DA:290,0
DA:292,0
DA:297,0
DA:300,0
DA:301,0
DA:302,0
DA:307,0
DA:309,0
DA:313,0
DA:353,0
DA:390,0
LF:38
LH:0
BRDA:106,0,0,0
BRDA:108,1,0,0
BRDA:109,2,0,0
BRDA:110,3,0,0
BRDA:111,4,0,0
BRDA:112,5,0,0
BRDA:113,6,0,0
BRDA:114,7,0,0
BRDA:128,8,0,0
BRDA:128,8,1,0
BRDA:129,9,0,0
BRDA:129,9,1,0
BRDA:132,10,0,0
BRDA:132,10,1,0
BRDA:145,11,0,0
BRDA:145,11,1,0
BRDA:148,12,0,0
BRDA:148,12,1,0
BRDA:158,13,0,0
BRDA:158,13,1,0
BRDA:160,14,0,0
BRDA:160,14,1,0
BRDA:163,15,0,0
BRDA:163,15,1,0
BRDA:194,16,0,0
BRDA:194,16,1,0
BRDA:197,17,0,0
BRDA:197,17,1,0
BRDA:200,18,0,0
BRDA:200,18,1,0
BRDA:206,19,0,0
BRDA:206,19,1,0
BRDA:206,19,2,0
BRDA:249,20,0,0
BRDA:260,21,0,0
BRDA:260,21,1,0
BRDA:265,22,0,0
BRDA:265,22,1,0
BRDA:290,23,0,0
BRDA:290,23,1,0
BRDA:290,24,0,0
BRDA:290,24,1,0
BRDA:301,25,0,0
BRDA:301,25,1,0
BRDA:302,26,0,0
BRDA:302,26,1,0
BRDA:318,27,0,0
BRDA:318,27,1,0
BRDA:325,28,0,0
BRDA:325,28,1,0
BRDA:335,29,0,0
BRDA:335,29,1,0
BRDA:343,30,0,0
BRDA:343,30,1,0
BRDA:357,31,0,0
BRDA:357,31,1,0
BRDA:364,32,0,0
BRDA:364,32,1,0
BRDA:373,33,0,0
BRDA:373,33,1,0
BRDA:373,33,2,0
BRDA:375,34,0,0
BRDA:375,34,1,0
BRDA:378,35,0,0
BRDA:378,35,1,0
BRF:65
BRH:0
end_of_record
TN:
SF:src/components/Select/Select.tsx
FN:78,(anonymous_0)
FN:107,(anonymous_1)
FN:127,(anonymous_2)
FN:161,(anonymous_3)
FN:266,(anonymous_4)
FN:290,(anonymous_5)
FN:295,(anonymous_6)
FN:296,(anonymous_7)
FN:303,(anonymous_8)
FNF:9
FNH:0
FNDA:0,(anonymous_0)
FNDA:0,(anonymous_1)
FNDA:0,(anonymous_2)
FNDA:0,(anonymous_3)
FNDA:0,(anonymous_4)
FNDA:0,(anonymous_5)
FNDA:0,(anonymous_6)
FNDA:0,(anonymous_7)
FNDA:0,(anonymous_8)
DA:77,0
DA:100,0
DA:101,0
DA:102,0
DA:104,0
DA:105,0
DA:107,0
DA:109,0
DA:127,0
DA:128,0
DA:130,0
DA:138,0
DA:144,0
DA:154,0
DA:161,0
DA:162,0
DA:163,0
DA:165,0
DA:166,0
DA:169,0
DA:248,0
DA:266,0
DA:290,0
DA:295,0
DA:297,0
DA:303,0
DA:330,0
LF:27
LH:0
BRDA:81,0,0,0
BRDA:87,1,0,0
BRDA:89,2,0,0
BRDA:90,3,0,0
BRDA:91,4,0,0
BRDA:92,5,0,0
BRDA:105,6,0,0
BRDA:105,6,1,0
BRDA:128,7,0,0
BRDA:128,7,1,0
BRDA:128,7,2,0
BRDA:128,7,3,0
BRDA:128,7,4,0
BRDA:132,8,0,0
BRDA:132,8,1,0
BRDA:146,9,0,0
BRDA:146,9,1,0
BRDA:162,10,0,0
BRDA:162,10,1,0
BRDA:176,11,0,0
BRDA:176,11,1,0
BRDA:194,12,0,0
BRDA:194,12,1,0
BRDA:254,13,0,0
BRDA:254,13,1,0
BRDA:257,14,0,0
BRDA:257,14,1,0
BRDA:264,15,0,0
BRDA:264,15,1,0
BRDA:266,16,0,0
BRDA:266,16,1,0
BRDA:270,17,0,0
BRDA:270,17,1,0
BRDA:275,18,0,0
BRDA:275,18,1,0
BRDA:275,18,2,0
BRDA:280,19,0,0
BRDA:280,19,1,0
BRDA:280,19,2,0
BRDA:301,20,0,0
BRDA:301,20,1,0
BRDA:303,21,0,0
BRDA:303,21,1,0
BRDA:309,22,0,0
BRDA:309,22,1,0
BRDA:314,23,0,0
BRDA:314,23,1,0
BRF:47
BRH:0
end_of_record
TN:
SF:src/components/Skeleton/Skeleton.tsx
FN:38,(anonymous_0)
FN:52,(anonymous_1)
FN:67,(anonymous_2)
FNF:3
FNH:0
FNDA:0,(anonymous_0)
FNDA:0,(anonymous_1)
FNDA:0,(anonymous_2)
DA:37,0
DA:49,0
DA:50,0
DA:52,0
DA:53,0
DA:54,0
DA:63,0
DA:67,0
DA:68,0
DA:74,0
DA:79,0
DA:108,0
DA:109,0
DA:121,0
DA:122,0
DA:141,0
DA:164,0
LF:17
LH:0
BRDA:40,0,0,0
BRDA:41,1,0,0
BRDA:53,2,0,0
BRDA:53,2,1,0
BRDA:53,3,0,0
BRDA:53,3,1,0
BRDA:100,4,0,0
BRDA:100,4,1,0
BRDA:108,5,0,0
BRDA:108,5,1,0
BRDA:108,6,0,0
BRDA:108,6,1,0
BRDA:121,7,0,0
BRDA:121,7,1,0
BRDA:121,8,0,0
BRDA:121,8,1,0
BRDA:131,9,0,0
BRDA:131,9,1,0
BRDA:154,10,0,0
BRDA:154,10,1,0
BRF:20
BRH:0
end_of_record
TN:
SF:src/components/Slider/Slider.tsx
FN:76,(anonymous_0)
FN:125,(anonymous_1)
FN:133,(anonymous_2)
FN:141,(anonymous_3)
FN:160,(anonymous_4)
FN:170,(anonymous_5)
FN:179,(anonymous_6)
FN:188,(anonymous_7)
FN:204,(anonymous_8)
FN:225,(anonymous_9)
FN:260,(anonymous_10)
FN:269,(anonymous_11)
FN:350,(anonymous_12)
FNF:13
FNH:0
FNDA:0,(anonymous_0)
FNDA:0,(anonymous_1)
FNDA:0,(anonymous_2)
FNDA:0,(anonymous_3)
FNDA:0,(anonymous_4)
FNDA:0,(anonymous_5)
FNDA:0,(anonymous_6)
FNDA:0,(anonymous_7)
FNDA:0,(anonymous_8)
FNDA:0,(anonymous_9)
FNDA:0,(anonymous_10)
FNDA:0,(anonymous_11)
FNDA:0,(anonymous_12)
DA:75,0
DA:98,0
DA:99,0
DA:100,0
DA:102,0
DA:103,0
DA:106,0
DA:107,0
DA:108,0
DA:110,0
DA:125,0
DA:126,0
DA:127,0
DA:130,0
DA:132,0
DA:134,0
DA:135,0
DA:141,0
DA:142,0
DA:143,0
DA:144,0
DA:148,0
DA:159,0
DA:161,0
DA:162,0
DA:164,0
DA:169,0
DA:171,0
DA:177,0
DA:181,0
DA:183,0
DA:190,0
DA:194,0
DA:197,0
DA:198,0
DA:199,0
DA:200,0
DA:202,0
DA:207,0
DA:211,0
DA:214,0
DA:215,0
DA:216,0
DA:217,0
DA:219,0
DA:223,0
DA:227,0
DA:230,0
DA:234,0
DA:237,0
DA:241,0
DA:247,0
DA:248,0
DA:249,0
DA:250,0
DA:252,0
DA:253,0
DA:257,0
DA:260,0
DA:261,0
DA:269,0
DA:270,0
DA:275,0
DA:279,0
DA:329,0
DA:351,0
DA:372,0
LF:67
LH:0
BRDA:79,0,0,0
BRDA:80,1,0,0
BRDA:82,2,0,0
BRDA:83,3,0,0
BRDA:84,4,0,0
BRDA:85,5,0,0
BRDA:86,6,0,0
BRDA:87,7,0,0
BRDA:103,8,0,0
BRDA:103,8,1,0
BRDA:126,9,0,0
BRDA:126,9,1,0
BRDA:142,10,0,0
BRDA:142,10,1,0
BRDA:161,11,0,0
BRDA:161,11,1,0
BRDA:275,12,0,0
BRDA:275,12,1,0
BRDA:302,13,0,0
BRDA:302,13,1,0
BRDA:335,14,0,0
BRDA:335,14,1,0
BRDA:335,14,2,0
BRDA:337,15,0,0
BRDA:337,15,1,0
BRDA:340,16,0,0
BRDA:340,16,1,0
BRF:27
BRH:0
end_of_record
TN:
SF:src/components/Spacer/Spacer.tsx
FN:48,(anonymous_0)
FN:50,(anonymous_1)
FNF:2
FNH:0
FNDA:0,(anonymous_0)
FNDA:0,(anonymous_1)
DA:47,0
DA:50,0
DA:51,0
DA:54,0
DA:61,0
DA:73,0
LF:6
LH:0
BRDA:48,0,0,0
BRDA:48,1,0,0
BRDA:56,2,0,0
BRDA:56,2,1,0
BRDA:57,3,0,0
BRDA:57,3,1,0
BRF:6
BRH:0
end_of_record
TN:
SF:src/components/Spinner/Spinner.tsx
FN:68,(anonymous_0)
FN:116,(anonymous_1)
FN:232,(anonymous_2)
FN:245,(anonymous_3)
FN:249,(anonymous_4)
FN:253,(anonymous_5)
FN:257,(anonymous_6)
FN:261,(anonymous_7)
FN:265,(anonymous_8)
FN:269,(anonymous_9)
FN:273,(anonymous_10)
FN:277,(anonymous_11)
FN:355,(anonymous_12)
FN:412,(anonymous_13)
FNF:14
FNH:0
FNDA:0,(anonymous_0)
FNDA:0,(anonymous_1)
FNDA:0,(anonymous_2)
FNDA:0,(anonymous_3)
FNDA:0,(anonymous_4)
FNDA:0,(anonymous_5)
FNDA:0,(anonymous_6)
FNDA:0,(anonymous_7)
FNDA:0,(anonymous_8)
FNDA:0,(anonymous_9)
FNDA:0,(anonymous_10)
FNDA:0,(anonymous_11)
FNDA:0,(anonymous_12)
FNDA:0,(anonymous_13)
DA:67,0
DA:81,0
DA:82,0
DA:83,0
DA:84,0
DA:85,0
DA:86,0
DA:87,0
DA:88,0
DA:89,0
DA:90,0
DA:92,0
DA:116,0
DA:118,0
DA:125,0
DA:126,0
DA:135,0
DA:149,0
DA:150,0
DA:159,0
DA:171,0
DA:185,0
DA:186,0
DA:195,0
DA:207,0
DA:232,0
DA:233,0
DA:234,0
DA:236,0
DA:237,0
DA:239,0
DA:242,0
DA:243,0
DA:245,0
DA:249,0
DA:253,0
DA:257,0
DA:261,0
DA:265,0
DA:269,0
DA:273,0
DA:277,0
DA:281,0
DA:355,0
DA:356,0
DA:358,0
DA:368,0
DA:390,0
DA:399,0
DA:408,0
DA:413,0
DA:414,0
DA:415,0
DA:416,0
DA:418,0
DA:449,0
DA:461,0
DA:480,0
LF:58
LH:0
BRDA:70,0,0,0
BRDA:71,1,0,0
BRDA:72,2,0,0
BRDA:74,3,0,0
BRDA:125,4,0,0
BRDA:125,4,1,0
BRDA:125,5,0,0
BRDA:125,5,1,0
BRDA:149,6,0,0
BRDA:149,6,1,0
BRDA:185,7,0,0
BRDA:185,7,1,0
BRDA:233,8,0,0
BRDA:233,8,1,0
BRDA:236,9,0,0
BRDA:236,9,1,0
BRDA:331,10,0,0
BRDA:331,10,1,0
BRDA:331,11,0,0
BRDA:331,11,1,0
BRDA:332,12,0,0
BRDA:332,12,1,0
BRDA:332,13,0,0
BRDA:332,13,1,0
BRDA:356,14,0,0
BRDA:356,14,1,0
BRDA:356,14,2,0
BRDA:356,14,3,0
BRDA:356,14,4,0
BRDA:356,14,5,0
BRDA:356,14,6,0
BRDA:377,15,0,0
BRDA:377,15,1,0
BRDA:466,16,0,0
BRDA:466,16,1,0
BRDA:472,17,0,0
BRDA:472,17,1,0
BRF:37
BRH:0
end_of_record
TN:
SF:src/components/Switch/Switch.tsx
FN:37,(anonymous_0)
FN:81,(anonymous_1)
FN:88,(anonymous_2)
FN:98,(anonymous_3)
FN:106,(anonymous_4)
FNF:5
FNH:0
FNDA:0,(anonymous_0)
FNDA:0,(anonymous_1)
FNDA:0,(anonymous_2)
FNDA:0,(anonymous_3)
FNDA:0,(anonymous_4)
DA:36,0
DA:49,0
DA:50,0
DA:51,0
DA:52,0
DA:54,0
DA:56,0
DA:77,0
DA:79,0
DA:81,0
DA:82,0
DA:88,0
DA:89,0
DA:91,0
DA:92,0
DA:93,0
DA:95,0
DA:98,0
DA:106,0
DA:119,0
DA:137,0
DA:157,0
LF:22
LH:0
BRDA:40,0,0,0
BRDA:42,1,0,0
BRDA:43,2,0,0
BRDA:44,3,0,0
BRDA:52,4,0,0
BRDA:52,4,1,0
BRDA:54,5,0,0
BRDA:54,5,1,0
BRDA:82,6,0,0
BRDA:82,6,1,0
BRDA:89,7,0,0
BRDA:89,7,1,0
BRDA:92,8,0,0
BRDA:92,8,1,0
BRDA:126,9,0,0
BRDA:126,9,1,0
BRF:16
BRH:0
end_of_record
TN:
SF:src/components/Tabs/Tabs.tsx
FN:102,(anonymous_0)
FN:108,(anonymous_1)
FN:132,(anonymous_2)
FN:139,(anonymous_3)
FN:140,(anonymous_4)
FN:150,(anonymous_5)
FN:194,(anonymous_6)
FN:202,(anonymous_7)
FN:229,(anonymous_8)
FN:241,(anonymous_9)
FN:242,(anonymous_10)
FN:251,(anonymous_11)
FN:257,(anonymous_12)
FN:300,(anonymous_13)
FN:346,(anonymous_14)
FN:355,(anonymous_15)
FN:361,(anonymous_16)
FN:394,(anonymous_17)
FN:421,(anonymous_18)
FN:430,(anonymous_19)
FN:436,(anonymous_20)
FNF:21
FNH:0
FNDA:0,(anonymous_0)
FNDA:0,(anonymous_1)
FNDA:0,(anonymous_2)
FNDA:0,(anonymous_3)
FNDA:0,(anonymous_4)
FNDA:0,(anonymous_5)
FNDA:0,(anonymous_6)
FNDA:0,(anonymous_7)
FNDA:0,(anonymous_8)
FNDA:0,(anonymous_9)
FNDA:0,(anonymous_10)
FNDA:0,(anonymous_11)
FNDA:0,(anonymous_12)
FNDA:0,(anonymous_13)
FNDA:0,(anonymous_14)
FNDA:0,(anonymous_15)
FNDA:0,(anonymous_16)
FNDA:0,(anonymous_17)
FNDA:0,(anonymous_18)
FNDA:0,(anonymous_19)
FNDA:0,(anonymous_20)
DA:102,0
DA:103,0
DA:106,0
DA:108,0
DA:129,0
DA:132,0
DA:133,0
DA:134,0
DA:137,0
DA:138,0
DA:139,0
DA:140,0
DA:150,0
DA:151,0
DA:155,0
DA:156,0
DA:159,0
DA:160,0
DA:161,0
DA:164,0
DA:168,0
DA:186,0
DA:194,0
DA:195,0
DA:196,0
DA:199,0
DA:202,0
DA:203,0
DA:204,0
DA:205,0
DA:209,0
DA:213,0
DA:214,0
DA:215,0
DA:216,0
DA:217,0
DA:228,0
DA:230,0
DA:232,0
DA:233,0
DA:235,0
DA:240,0
DA:242,0
DA:243,0
DA:244,0
DA:245,0
DA:251,0
DA:257,0
DA:258,0
DA:269,0
DA:270,0
DA:276,0
DA:277,0
DA:284,0
DA:285,0
DA:292,0
DA:300,0
DA:301,0
DA:302,0
DA:304,0
DA:307,0
DA:337,0
DA:347,0
DA:349,0
DA:351,0
DA:356,0
DA:357,0
DA:361,0
DA:395,0
DA:397,0
DA:398,0
DA:401,0
DA:422,0
DA:424,0
DA:426,0
DA:431,0
DA:432,0
DA:436,0
DA:470,0
LF:79
LH:0
BRDA:111,0,0,0
BRDA:112,1,0,0
BRDA:113,2,0,0
BRDA:114,3,0,0
BRDA:115,4,0,0
BRDA:116,5,0,0
BRDA:117,6,0,0
BRDA:120,7,0,0
BRDA:121,8,0,0
BRDA:122,9,0,0
BRDA:124,10,0,0
BRDA:133,11,0,0
BRDA:133,11,1,0
BRDA:150,12,0,0
BRDA:150,12,1,0
BRDA:152,13,0,0
BRDA:152,13,1,0
BRDA:156,14,0,0
BRDA:156,14,1,0
BRDA:195,15,0,0
BRDA:195,15,1,0
BRDA:204,16,0,0
BRDA:204,16,1,0
BRDA:204,17,0,0
BRDA:204,17,1,0
BRDA:214,18,0,0
BRDA:214,18,1,0
BRDA:230,19,0,0
BRDA:230,19,1,0
BRDA:230,20,0,0
BRDA:230,20,1,0
BRDA:232,21,0,0
BRDA:232,21,1,0
BRDA:266,22,0,0
BRDA:266,22,1,0
BRDA:269,23,0,0
BRDA:269,23,1,0
BRDA:272,24,0,0
BRDA:272,24,1,0
BRDA:276,25,0,0
BRDA:276,25,1,0
BRDA:280,26,0,0
BRDA:280,26,1,0
BRDA:284,27,0,0
BRDA:284,27,1,0
BRDA:287,28,0,0
BRDA:287,28,1,0
BRDA:295,29,0,0
BRDA:295,29,1,0
BRDA:301,30,0,0
BRDA:301,30,1,0
BRDA:301,31,0,0
BRDA:301,31,1,0
BRDA:304,32,0,0
BRDA:304,32,1,0
BRDA:312,33,0,0
BRDA:312,33,1,0
BRDA:314,34,0,0
BRDA:314,34,1,0
BRDA:316,35,0,0
BRDA:316,35,1,0
BRDA:317,36,0,0
BRDA:317,36,1,0
BRDA:329,37,0,0
BRDA:329,37,1,0
BRDA:332,38,0,0
BRDA:332,38,1,0
BRDA:333,39,0,0
BRDA:333,39,1,0
BRDA:339,40,0,0
BRDA:339,40,1,0
BRDA:341,41,0,0
BRDA:341,41,1,0
BRDA:341,41,2,0
BRDA:349,42,0,0
BRDA:349,42,1,0
BRDA:362,43,0,0
BRDA:362,43,1,0
BRDA:368,44,0,0
BRDA:368,44,1,0
BRDA:369,45,0,0
BRDA:369,45,1,0
BRDA:375,46,0,0
BRDA:375,46,1,0
BRDA:397,47,0,0
BRDA:397,47,1,0
BRDA:397,48,0,0
BRDA:397,48,1,0
BRDA:405,49,0,0
BRDA:405,49,1,0
BRDA:414,50,0,0
BRDA:414,50,1,0
BRDA:416,51,0,0
BRDA:416,51,1,0
BRDA:416,51,2,0
BRDA:424,52,0,0
BRDA:424,52,1,0
BRDA:437,53,0,0
BRDA:437,53,1,0
BRDA:443,54,0,0
BRDA:443,54,1,0
BRDA:444,55,0,0
BRDA:444,55,1,0
BRDA:450,56,0,0
BRDA:450,56,1,0
BRF:105
BRH:0
end_of_record
TN:
SF:src/components/Textarea/Textarea.tsx
FN:69,(anonymous_0)
FN:111,(anonymous_1)
FNF:2
FNH:0
FNDA:0,(anonymous_0)
FNDA:0,(anonymous_1)
DA:68,0
DA:91,0
DA:93,0
DA:111,0
DA:112,0
DA:114,0
DA:122,0
DA:128,0
DA:138,0
DA:145,0
DA:182,0
DA:223,0
LF:12
LH:0
BRDA:75,0,0,0
BRDA:77,1,0,0
BRDA:78,2,0,0
BRDA:80,3,0,0
BRDA:81,4,0,0
BRDA:82,5,0,0
BRDA:112,6,0,0
BRDA:112,6,1,0
BRDA:112,6,2,0
BRDA:112,6,3,0
BRDA:112,6,4,0
BRDA:116,7,0,0
BRDA:116,7,1,0
BRDA:130,8,0,0
BRDA:130,8,1,0
BRDA:152,9,0,0
BRDA:152,9,1,0
BRDA:184,10,0,0
BRDA:184,10,1,0
BRDA:187,11,0,0
BRDA:187,11,1,0
BRDA:197,12,0,0
BRDA:197,12,1,0
BRDA:203,13,0,0
BRDA:203,13,1,0
BRDA:208,14,0,0
BRDA:208,14,1,0
BRDA:208,14,2,0
BRDA:213,15,0,0
BRDA:213,15,1,0
BRDA:213,15,2,0
BRF:31
BRH:0
end_of_record
TN:
SF:src/components/Toast/Toast.tsx
FN:104,(anonymous_0)
FN:129,(anonymous_1)
FN:140,(anonymous_2)
FN:143,(anonymous_3)
FN:149,(anonymous_4)
FN:150,(anonymous_5)
FN:150,(anonymous_6)
FN:154,(anonymous_7)
FN:156,(anonymous_8)
FN:185,(anonymous_9)
FN:191,(anonymous_10)
FN:219,(anonymous_11)
FN:235,(anonymous_12)
FN:260,(anonymous_13)
FN:279,(anonymous_14)
FN:283,(anonymous_15)
FN:297,(anonymous_16)
FN:302,(anonymous_17)
FN:306,(anonymous_18)
FN:316,(anonymous_19)
FN:333,(anonymous_20)
FN:388,(anonymous_21)
FN:470,(anonymous_22)
FN:475,(anonymous_23)
FN:550,(anonymous_24)
FN:563,(anonymous_25)
FN:578,(anonymous_26)
FN:593,(anonymous_27)
FN:608,(anonymous_28)
FN:623,(anonymous_29)
FN:635,(anonymous_30)
FNF:31
FNH:0
FNDA:0,(anonymous_0)
FNDA:0,(anonymous_1)
FNDA:0,(anonymous_2)
FNDA:0,(anonymous_3)
FNDA:0,(anonymous_4)
FNDA:0,(anonymous_5)
FNDA:0,(anonymous_6)
FNDA:0,(anonymous_7)
FNDA:0,(anonymous_8)
FNDA:0,(anonymous_9)
FNDA:0,(anonymous_10)
FNDA:0,(anonymous_11)
FNDA:0,(anonymous_12)
FNDA:0,(anonymous_13)
FNDA:0,(anonymous_14)
FNDA:0,(anonymous_15)
FNDA:0,(anonymous_16)
FNDA:0,(anonymous_17)
FNDA:0,(anonymous_18)
FNDA:0,(anonymous_19)
FNDA:0,(anonymous_20)
FNDA:0,(anonymous_21)
FNDA:0,(anonymous_22)
FNDA:0,(anonymous_23)
FNDA:0,(anonymous_24)
FNDA:0,(anonymous_25)
FNDA:0,(anonymous_26)
FNDA:0,(anonymous_27)
FNDA:0,(anonymous_28)
FNDA:0,(anonymous_29)
FNDA:0,(anonymous_30)
DA:102,0
DA:104,0
DA:105,0
DA:106,0
DA:107,0
DA:109,0
DA:113,0
DA:129,0
DA:137,0
DA:139,0
DA:141,0
DA:142,0
DA:143,0
DA:144,0
DA:149,0
DA:150,0
DA:154,0
DA:155,0
DA:156,0
DA:157,0
DA:161,0
DA:163,0
DA:185,0
DA:191,0
DA:192,0
DA:193,0
DA:194,0
DA:195,0
DA:196,0
DA:198,0
DA:215,0
DA:217,0
DA:220,0
DA:235,0
DA:236,0
DA:237,0
DA:238,0
DA:239,0
DA:240,0
DA:258,0
DA:260,0
DA:262,0
DA:263,0
DA:264,0
DA:266,0
DA:267,0
DA:274,0
DA:275,0
DA:276,0
DA:279,0
DA:280,0
DA:283,0
DA:286,0
DA:297,0
DA:298,0
DA:299,0
DA:302,0
DA:303,0
DA:304,0
DA:306,0
DA:308,0
DA:309,0
DA:312,0
DA:316,0
DA:317,0
DA:319,0
DA:321,0
DA:323,0
DA:325,0
DA:327,0
DA:329,0
DA:333,0
DA:334,0
DA:385,0
DA:388,0
DA:389,0
DA:396,0
DA:399,0
DA:400,0
DA:401,0
DA:403,0
DA:470,0
DA:475,0
DA:476,0
DA:482,0
DA:487,0
DA:489,0
DA:548,0
DA:551,0
DA:552,0
DA:555,0
DA:558,0
DA:559,0
DA:564,0
DA:565,0
DA:568,0
DA:571,0
DA:574,0
DA:579,0
DA:580,0
DA:583,0
DA:586,0
DA:589,0
DA:594,0
DA:595,0
DA:598,0
DA:601,0
DA:604,0
DA:609,0
DA:610,0
DA:613,0
DA:616,0
DA:619,0
DA:624,0
DA:625,0
DA:628,0
DA:630,0
DA:635,0
DA:636,0
DA:637,0
LF:120
LH:0
BRDA:106,0,0,0
BRDA:106,0,1,0
BRDA:131,1,0,0
BRDA:132,2,0,0
BRDA:133,3,0,0
BRDA:134,4,0,0
BRDA:135,5,0,0
BRDA:200,6,0,0
BRDA:200,6,1,0
BRDA:201,7,0,0
BRDA:201,7,1,0
BRDA:202,8,0,0
BRDA:202,8,1,0
BRDA:203,9,0,0
BRDA:203,9,1,0
BRDA:204,10,0,0
BRDA:204,10,1,0
BRDA:215,11,0,0
BRDA:215,11,1,0
BRDA:247,12,0,0
BRDA:248,13,0,0
BRDA:249,14,0,0
BRDA:252,15,0,0
BRDA:253,16,0,0
BRDA:254,17,0,0
BRDA:255,18,0,0
BRDA:262,19,0,0
BRDA:262,19,1,0
BRDA:274,20,0,0
BRDA:274,20,1,0
BRDA:275,21,0,0
BRDA:275,21,1,0
BRDA:303,22,0,0
BRDA:303,22,1,0
BRDA:308,23,0,0
BRDA:308,23,1,0
BRDA:317,24,0,0
BRDA:317,24,1,0
BRDA:317,24,2,0
BRDA:317,24,3,0
BRDA:317,24,4,0
BRDA:317,24,5,0
BRDA:342,25,0,0
BRDA:342,25,1,0
BRDA:344,26,0,0
BRDA:344,26,1,0
BRDA:348,27,0,0
BRDA:348,27,1,0
BRDA:351,28,0,0
BRDA:351,28,1,0
BRDA:353,29,0,0
BRDA:353,29,1,0
BRDA:357,30,0,0
BRDA:357,30,1,0
BRDA:360,31,0,0
BRDA:360,31,1,0
BRDA:362,32,0,0
BRDA:362,32,1,0
BRDA:366,33,0,0
BRDA:366,33,1,0
BRDA:369,34,0,0
BRDA:369,34,1,0
BRDA:371,35,0,0
BRDA:371,35,1,0
BRDA:375,36,0,0
BRDA:375,36,1,0
BRDA:378,37,0,0
BRDA:378,37,1,0
BRDA:380,38,0,0
BRDA:380,38,1,0
BRDA:382,39,0,0
BRDA:382,39,1,0
BRDA:409,40,0,0
BRDA:409,40,1,0
BRDA:410,41,0,0
BRDA:410,41,1,0
BRDA:436,42,0,0
BRDA:436,42,1,0
BRDA:487,43,0,0
BRDA:487,43,1,0
BRDA:494,44,0,0
BRDA:494,44,1,0
BRDA:496,45,0,0
BRDA:496,45,1,0
BRDA:505,46,0,0
BRDA:505,46,1,0
BRDA:508,47,0,0
BRDA:508,47,1,0
BRDA:517,48,0,0
BRDA:517,48,1,0
BRDA:524,49,0,0
BRDA:524,49,1,0
BRDA:532,50,0,0
BRDA:532,50,1,0
BRDA:532,50,2,0
BRDA:551,51,0,0
BRDA:551,51,1,0
BRDA:558,52,0,0
BRDA:558,52,1,0
BRDA:564,53,0,0
BRDA:564,53,1,0
BRDA:571,54,0,0
BRDA:571,54,1,0
BRDA:579,55,0,0
BRDA:579,55,1,0
BRDA:586,56,0,0
BRDA:586,56,1,0
BRDA:594,57,0,0
BRDA:594,57,1,0
BRDA:601,58,0,0
BRDA:601,58,1,0
BRDA:609,59,0,0
BRDA:609,59,1,0
BRDA:616,60,0,0
BRDA:616,60,1,0
BRDA:624,61,0,0
BRDA:624,61,1,0
BRF:117
BRH:0
end_of_record
TN:
SF:src/components/Tooltip/Tooltip.tsx
FN:77,(anonymous_0)
FN:160,(anonymous_1)
FN:161,(anonymous_2)
FN:167,(anonymous_3)
FN:205,(anonymous_4)
FN:244,(anonymous_5)
FN:250,(anonymous_6)
FN:261,(anonymous_7)
FN:276,(anonymous_8)
FN:280,(anonymous_9)
FN:286,(anonymous_10)
FN:291,(anonymous_11)
FN:390,(anonymous_12)
FN:435,(anonymous_13)
FN:465,(anonymous_14)
FNF:15
FNH:0
FNDA:0,(anonymous_0)
FNDA:0,(anonymous_1)
FNDA:0,(anonymous_2)
FNDA:0,(anonymous_3)
FNDA:0,(anonymous_4)
FNDA:0,(anonymous_5)
FNDA:0,(anonymous_6)
FNDA:0,(anonymous_7)
FNDA:0,(anonymous_8)
FNDA:0,(anonymous_9)
FNDA:0,(anonymous_10)
FNDA:0,(anonymous_11)
FNDA:0,(anonymous_12)
FNDA:0,(anonymous_13)
FNDA:0,(anonymous_14)
DA:24,0
DA:77,0
DA:97,0
DA:98,0
DA:99,0
DA:105,0
DA:107,0
DA:108,0
DA:110,0
DA:111,0
DA:114,0
DA:115,0
DA:117,0
DA:132,0
DA:160,0
DA:161,0
DA:162,0
DA:167,0
DA:168,0
DA:169,0
DA:170,0
DA:171,0
DA:173,0
DA:174,0
DA:176,0
DA:177,0
DA:178,0
DA:179,0
DA:180,0
DA:181,0
DA:182,0
DA:183,0
DA:184,0
DA:185,0
DA:186,0
DA:187,0
DA:188,0
DA:189,0
DA:190,0
DA:191,0
DA:192,0
DA:193,0
DA:194,0
DA:195,0
DA:199,0
DA:200,0
DA:202,0
DA:205,0
DA:206,0
DA:208,0
DA:210,0
DA:211,0
DA:213,0
DA:215,0
DA:216,0
DA:220,0
DA:221,0
DA:222,0
DA:223,0
DA:225,0
DA:226,0
DA:229,0
DA:230,0
DA:244,0
DA:245,0
DA:248,0
DA:253,0
DA:256,0
DA:257,0
DA:264,0
DA:267,0
DA:268,0
DA:273,0
DA:276,0
DA:278,0
DA:279,0
DA:280,0
DA:281,0
DA:282,0
DA:286,0
DA:291,0
DA:292,0
DA:299,0
DA:300,0
DA:312,0
DA:313,0
DA:325,0
DA:326,0
DA:338,0
DA:352,0
DA:387,0
DA:390,0
DA:391,0
DA:392,0
DA:395,0
DA:397,0
DA:436,0
DA:437,0
DA:438,0
DA:454,0
DA:466,0
DA:467,0
DA:468,0
DA:469,0
DA:470,0
DA:487,0
LF:106
LH:0
BRDA:80,0,0,0
BRDA:81,1,0,0
BRDA:82,2,0,0
BRDA:83,3,0,0
BRDA:85,4,0,0
BRDA:88,5,0,0
BRDA:89,6,0,0
BRDA:90,7,0,0
BRDA:91,8,0,0
BRDA:92,9,0,0
BRDA:111,10,0,0
BRDA:111,10,1,0
BRDA:170,11,0,0
BRDA:170,11,1,0
BRDA:176,12,0,0
BRDA:176,12,1,0
BRDA:178,13,0,0
BRDA:178,13,1,0
BRDA:179,14,0,0
BRDA:179,14,1,0
BRDA:180,15,0,0
BRDA:180,15,1,0
BRDA:181,16,0,0
BRDA:181,16,1,0
BRDA:183,17,0,0
BRDA:183,17,1,0
BRDA:184,18,0,0
BRDA:184,18,1,0
BRDA:185,19,0,0
BRDA:185,19,1,0
BRDA:186,20,0,0
BRDA:186,20,1,0
BRDA:188,21,0,0
BRDA:188,21,1,0
BRDA:189,22,0,0
BRDA:189,22,1,0
BRDA:190,23,0,0
BRDA:190,23,1,0
BRDA:191,24,0,0
BRDA:191,24,1,0
BRDA:193,25,0,0
BRDA:193,25,1,0
BRDA:194,26,0,0
BRDA:194,26,1,0
BRDA:195,27,0,0
BRDA:195,27,1,0
BRDA:210,28,0,0
BRDA:210,28,1,0
BRDA:215,29,0,0
BRDA:215,29,1,0
BRDA:220,30,0,0
BRDA:220,30,1,0
BRDA:221,31,0,0
BRDA:221,31,1,0
BRDA:229,32,0,0
BRDA:229,32,1,0
BRDA:230,33,0,0
BRDA:230,33,1,0
BRDA:245,34,0,0
BRDA:245,34,1,0
BRDA:256,35,0,0
BRDA:256,35,1,0
BRDA:267,36,0,0
BRDA:267,36,1,0
BRDA:282,37,0,0
BRDA:282,37,1,0
BRDA:299,38,0,0
BRDA:299,38,1,0
BRDA:312,39,0,0
BRDA:312,39,1,0
BRDA:325,40,0,0
BRDA:325,40,1,0
BRDA:354,41,0,0
BRDA:354,41,1,0
BRDA:391,42,0,0
BRDA:391,42,1,0
BRDA:415,43,0,0
BRDA:415,43,1,0
BRDA:419,44,0,0
BRDA:419,44,1,0
BRDA:437,45,0,0
BRDA:437,45,1,0
BRDA:437,46,0,0
BRDA:437,46,1,0
BRDA:443,47,0,0
BRDA:443,47,1,0
BRDA:466,48,0,0
BRDA:466,48,1,0
BRF:88
BRH:0
end_of_record
TN:
SF:src/factories/createStyledComponent.tsx
FN:13,(anonymous_0)
FN:23,(anonymous_1)
FN:42,(anonymous_2)
FN:52,(anonymous_3)
FNF:4
FNH:0
FNDA:0,(anonymous_0)
FNDA:0,(anonymous_1)
FNDA:0,(anonymous_2)
FNDA:0,(anonymous_3)
DA:13,0
DA:23,0
DA:24,0
DA:25,0
DA:27,0
DA:28,0
DA:30,0
DA:42,0
DA:52,0
DA:53,0
DA:54,0
DA:56,0
DA:57,0
DA:59,0
LF:14
LH:0
BRDA:28,0,0,0
BRDA:28,0,1,0
BRDA:57,1,0,0
BRDA:57,1,1,0
BRF:4
BRH:0
end_of_record
TN:
SF:src/hooks/useColorMode.ts
FN:11,(anonymous_0)
FNF:1
FNH:1
FNDA:10,(anonymous_0)
DA:11,1
DA:12,10
DA:14,10
LF:3
LH:3
BRF:0
BRH:0
end_of_record
TN:
SF:src/hooks/useDisclosure.ts
FN:60,(anonymous_0)
FN:75,(anonymous_1)
FN:82,(anonymous_2)
FN:89,(anonymous_3)
FN:98,(anonymous_4)
FNF:5
FNH:5
FNDA:25,(anonymous_0)
FNDA:10,(anonymous_1)
FNDA:4,(anonymous_2)
FNDA:6,(anonymous_3)
FNDA:2,(anonymous_4)
DA:60,1
DA:68,25
DA:70,25
DA:72,25
DA:73,25
DA:75,25
DA:76,10
DA:77,8
DA:79,10
DA:82,25
DA:83,4
DA:84,3
DA:86,4
DA:89,25
DA:90,6
DA:91,1
DA:93,5
DA:97,25
DA:98,2
DA:104,25
LF:20
LH:20
BRDA:61,0,0,14
BRDA:64,1,0,22
BRDA:73,2,0,5
BRDA:73,2,1,20
BRDA:76,3,0,8
BRDA:76,3,1,2
BRDA:83,4,0,3
BRDA:83,4,1,1
BRDA:90,5,0,1
BRDA:90,5,1,5
BRF:10
BRH:10
end_of_record
TN:
SF:src/hooks/useResponsive.ts
FN:27,(anonymous_0)
FN:37,(anonymous_1)
FN:76,(anonymous_2)
FN:81,(anonymous_3)
FN:82,(anonymous_4)
FN:86,(anonymous_5)
FN:99,(anonymous_6)
FN:101,(anonymous_7)
FN:111,(anonymous_8)
FNF:9
FNH:9
FNDA:15,(anonymous_0)
FNDA:14,(anonymous_1)
FNDA:15,(anonymous_2)
FNDA:8,(anonymous_3)
FNDA:7,(anonymous_4)
FNDA:8,(anonymous_5)
FNDA:8,(anonymous_6)
FNDA:8,(anonymous_7)
FNDA:2,(anonymous_8)
DA:17,1
DA:27,1
DA:28,15
DA:29,14
DA:30,10
DA:31,9
DA:37,1
DA:41,14
DA:42,11
DA:45,11
DA:46,1
DA:47,10
DA:48,3
DA:49,7
DA:50,2
DA:51,5
DA:52,2
DA:55,3
DA:58,1
DA:59,1
DA:60,0
DA:61,0
DA:64,3
DA:76,1
DA:77,15
DA:81,15
DA:82,8
DA:83,7
DA:86,8
DA:89,15
DA:91,15
DA:99,8
DA:101,8
DA:111,1
DA:112,2
DA:113,2
LF:36
LH:34
BRDA:28,0,0,1
BRDA:28,0,1,14
BRDA:29,1,0,4
BRDA:29,1,1,10
BRDA:30,2,0,1
BRDA:30,2,1,9
BRDA:41,3,0,11
BRDA:41,3,1,3
BRDA:41,4,0,14
BRDA:41,4,1,11
BRDA:41,4,2,11
BRDA:45,5,0,1
BRDA:45,5,1,10
BRDA:45,6,0,11
BRDA:45,6,1,1
BRDA:47,7,0,3
BRDA:47,7,1,7
BRDA:47,8,0,10
BRDA:47,8,1,3
BRDA:49,9,0,2
BRDA:49,9,1,5
BRDA:49,10,0,7
BRDA:49,10,1,3
BRDA:51,11,0,2
BRDA:51,11,1,3
BRDA:51,12,0,5
BRDA:51,12,1,4
BRDA:55,13,0,2
BRDA:55,13,1,1
BRDA:58,14,0,0
BRDA:58,14,1,1
BRDA:59,15,0,1
BRDA:59,15,1,0
BRDA:60,16,0,0
BRDA:60,16,1,0
BRDA:61,17,0,0
BRDA:61,17,1,0
BRF:37
BRH:31
end_of_record
TN:
SF:src/hooks/useTheme.ts
FN:5,(anonymous_0)
FNF:1
FNH:1
FNDA:11,(anonymous_0)
DA:5,2
DA:6,11
DA:7,11
DA:8,0
DA:10,11
LF:5
LH:4
BRDA:7,0,0,0
BRDA:7,0,1,11
BRF:2
BRH:1
end_of_record
TN:
SF:src/primitives/Box/Box.tsx
FN:81,(anonymous_0)
FN:199,(anonymous_1)
FN:203,(anonymous_2)
FN:228,(anonymous_3)
FN:270,(anonymous_4)
FN:275,(anonymous_5)
FN:280,(anonymous_6)
FN:285,(anonymous_7)
FNF:8
FNH:0
FNDA:0,(anonymous_0)
FNDA:0,(anonymous_1)
FNDA:0,(anonymous_2)
FNDA:0,(anonymous_3)
FNDA:0,(anonymous_4)
FNDA:0,(anonymous_5)
FNDA:0,(anonymous_6)
FNDA:0,(anonymous_7)
DA:81,0
DA:85,0
DA:88,0
DA:89,0
DA:90,0
DA:91,0
DA:92,0
DA:93,0
DA:94,0
DA:97,0
DA:98,0
DA:99,0
DA:100,0
DA:101,0
DA:102,0
DA:103,0
DA:106,0
DA:107,0
DA:108,0
DA:109,0
DA:112,0
DA:113,0
DA:114,0
DA:115,0
DA:116,0
DA:119,0
DA:120,0
DA:121,0
DA:122,0
DA:123,0
DA:124,0
DA:125,0
DA:126,0
DA:129,0
DA:130,0
DA:131,0
DA:132,0
DA:133,0
DA:134,0
DA:135,0
DA:136,0
DA:139,0
DA:140,0
DA:141,0
DA:142,0
DA:143,0
DA:146,0
DA:147,0
DA:150,0
DA:156,0
DA:199,0
DA:200,0
DA:201,0
DA:203,0
DA:204,0
DA:205,0
DA:207,0
DA:211,0
DA:227,0
DA:229,0
DA:231,0
DA:232,0
DA:234,0
DA:236,0
DA:237,0
DA:249,0
DA:250,0
DA:257,0
DA:265,0
DA:270,0
DA:271,0
DA:273,0
DA:275,0
DA:276,0
DA:278,0
DA:280,0
DA:281,0
DA:283,0
DA:285,0
DA:286,0
DA:288,0
LF:81
LH:0
BRDA:88,0,0,0
BRDA:88,0,1,0
BRDA:89,1,0,0
BRDA:89,1,1,0
BRDA:90,2,0,0
BRDA:90,2,1,0
BRDA:91,3,0,0
BRDA:91,3,1,0
BRDA:92,4,0,0
BRDA:92,4,1,0
BRDA:93,5,0,0
BRDA:93,5,1,0
BRDA:94,6,0,0
BRDA:94,6,1,0
BRDA:97,7,0,0
BRDA:97,7,1,0
BRDA:98,8,0,0
BRDA:98,8,1,0
BRDA:99,9,0,0
BRDA:99,9,1,0
BRDA:100,10,0,0
BRDA:100,10,1,0
BRDA:101,11,0,0
BRDA:101,11,1,0
BRDA:102,12,0,0
BRDA:102,12,1,0
BRDA:103,13,0,0
BRDA:103,13,1,0
BRDA:106,14,0,0
BRDA:106,14,1,0
BRDA:107,15,0,0
BRDA:107,15,1,0
BRDA:109,16,0,0
BRDA:109,16,1,0
BRDA:112,17,0,0
BRDA:112,17,1,0
BRDA:114,18,0,0
BRDA:114,18,1,0
BRDA:116,19,0,0
BRDA:116,19,1,0
BRDA:119,20,0,0
BRDA:119,20,1,0
BRDA:120,21,0,0
BRDA:120,21,1,0
BRDA:121,22,0,0
BRDA:121,22,1,0
BRDA:122,23,0,0
BRDA:122,23,1,0
BRDA:123,24,0,0
BRDA:123,24,1,0
BRDA:124,25,0,0
BRDA:124,25,1,0
BRDA:125,26,0,0
BRDA:125,26,1,0
BRDA:126,27,0,0
BRDA:126,27,1,0
BRDA:129,28,0,0
BRDA:129,28,1,0
BRDA:130,29,0,0
BRDA:130,29,1,0
BRDA:132,30,0,0
BRDA:132,30,1,0
BRDA:133,31,0,0
BRDA:133,31,1,0
BRDA:135,32,0,0
BRDA:135,32,1,0
BRDA:136,33,0,0
BRDA:136,33,1,0
BRDA:139,34,0,0
BRDA:139,34,1,0
BRDA:140,35,0,0
BRDA:140,35,1,0
BRDA:141,36,0,0
BRDA:141,36,1,0
BRDA:142,37,0,0
BRDA:142,37,1,0
BRDA:143,38,0,0
BRDA:143,38,1,0
BRDA:146,39,0,0
BRDA:146,39,1,0
BRDA:204,40,0,0
BRDA:204,40,1,0
BRDA:228,41,0,0
BRDA:236,42,0,0
BRDA:236,42,1,0
BRDA:236,43,0,0
BRDA:236,43,1,0
BRDA:249,44,0,0
BRDA:249,44,1,0
BRF:89
BRH:0
end_of_record
TN:
SF:src/providers/ThemeProvider.tsx
FN:30,(anonymous_0)
FN:42,(anonymous_1)
FN:49,(anonymous_2)
FN:64,(anonymous_3)
FN:65,(anonymous_4)
FN:68,(anonymous_5)
FNF:6
FNH:5
FNDA:0,(anonymous_0)
FNDA:11,(anonymous_1)
FNDA:11,(anonymous_2)
FNDA:2,(anonymous_3)
FNDA:2,(anonymous_4)
FNDA:2,(anonymous_5)
DA:13,2
DA:30,2
DA:34,0
DA:36,0
DA:42,2
DA:47,11
DA:49,11
DA:50,11
DA:52,11
DA:54,11
DA:55,11
DA:58,0
DA:64,11
DA:65,2
DA:68,11
DA:69,2
DA:72,11
DA:80,2
LF:18
LH:15
BRDA:34,0,0,0
BRDA:34,0,1,0
BRDA:44,1,0,11
BRDA:50,2,0,9
BRDA:50,2,1,2
BRDA:52,3,0,9
BRDA:52,3,1,2
BRDA:54,4,0,11
BRDA:54,4,1,0
BRDA:65,5,0,1
BRDA:65,5,1,1
BRF:11
BRH:8
end_of_record
TN:
SF:src/theme/themes.ts
FNF:0
FNH:0
DA:8,2
DA:17,2
LF:2
LH:2
BRF:0
BRH:0
end_of_record
TN:
SF:src/theme/types.ts
FNF:0
FNH:0
LF:0
LH:0
BRF:0
BRH:0
end_of_record
TN:
SF:src/tokens/borderRadius.ts
FNF:0
FNH:0
DA:1,2
LF:1
LH:1
BRF:0
BRH:0
end_of_record
TN:
SF:src/tokens/colors.ts
FN:195,(anonymous_0)
FN:199,(anonymous_1)
FNF:2
FNH:0
FNDA:0,(anonymous_0)
FNDA:0,(anonymous_1)
DA:1,2
DA:96,2
DA:195,2
DA:196,0
DA:199,2
DA:200,0
DA:218,2
DA:294,2
LF:8
LH:6
BRF:0
BRH:0
end_of_record
TN:
SF:src/tokens/shadows.ts
FNF:0
FNH:0
DA:1,2
LF:1
LH:1
BRF:0
BRH:0
end_of_record
TN:
SF:src/tokens/spacing.ts
FNF:0
FNH:0
DA:1,2
LF:1
LH:1
BRF:0
BRH:0
end_of_record
TN:
SF:src/tokens/typography.ts
FNF:0
FNH:0
DA:1,2
LF:1
LH:1
BRF:0
BRH:0
end_of_record
TN:
SF:src/utils/styleProps.ts
FN:21,(anonymous_0)
FNF:1
FNH:1
FNDA:10,(anonymous_0)
DA:21,1
DA:22,10
DA:24,10
DA:25,10
DA:26,10
DA:27,10
DA:28,10
DA:29,10
DA:30,2
DA:32,10
DA:33,2
DA:38,10
LF:12
LH:12
BRDA:24,0,0,1
BRDA:24,0,1,9
BRDA:25,1,0,2
BRDA:25,1,1,8
BRDA:26,2,0,2
BRDA:26,2,1,8
BRDA:27,3,0,2
BRDA:27,3,1,8
BRDA:28,4,0,2
BRDA:28,4,1,8
BRDA:29,5,0,2
BRDA:29,5,1,8
BRDA:32,6,0,2
BRDA:32,6,1,8
BRF:14
BRH:14
end_of_record
TN:
SF:src/utils/styled.ts
FN:8,(anonymous_0)
FN:13,(anonymous_1)
FN:21,(anonymous_2)
FNF:3
FNH:3
FNDA:7,(anonymous_0)
FNDA:20,(anonymous_1)
FNDA:10,(anonymous_2)
DA:8,2
DA:9,7
DA:13,2
DA:17,20
DA:21,2
DA:25,10
LF:6
LH:6
BRF:0
BRH:0
end_of_record
TN:
SF:src/utils/themeUtils.ts
FN:16,(anonymous_0)
FN:45,(anonymous_1)
FN:62,(anonymous_2)
FN:74,(anonymous_3)
FN:90,(anonymous_4)
FN:106,(anonymous_5)
FNF:6
FNH:6
FNDA:11,(anonymous_0)
FNDA:198,(anonymous_1)
FNDA:9,(anonymous_2)
FNDA:3,(anonymous_3)
FNDA:1,(anonymous_4)
FNDA:3,(anonymous_5)
DA:16,1
DA:24,11
DA:27,11
DA:28,198
DA:29,198
DA:30,198
DA:34,11
DA:36,11
DA:45,1
DA:48,198
DA:51,187
DA:52,187
DA:62,1
DA:64,9
DA:65,9
DA:74,1
DA:78,3
DA:90,1
DA:94,1
DA:106,1
DA:113,3
DA:118,3
DA:119,2
DA:120,2
DA:123,3
DA:124,2
DA:125,2
DA:128,3
DA:129,1
DA:130,1
DA:133,3
DA:134,1
DA:135,1
DA:138,3
DA:144,1
LF:35
LH:35
BRDA:48,0,0,11
BRDA:48,0,1,187
BRDA:118,1,0,2
BRDA:118,1,1,1
BRDA:123,2,0,2
BRDA:123,2,1,1
BRDA:128,3,0,1
BRDA:128,3,1,2
BRDA:133,4,0,1
BRDA:133,4,1,2
BRF:10
BRH:10
end_of_record
TN:
SF:src/variants/button.ts
FN:10,(anonymous_0)
FNF:1
FNH:0
FNDA:0,(anonymous_0)
DA:10,0
DA:16,0
DA:22,0
DA:40,0
DA:62,0
LF:5
LH:0
BRF:0
BRH:0
end_of_record
TN:
SF:src/variants/input.ts
FN:9,(anonymous_0)
FN:42,(anonymous_1)
FNF:2
FNH:0
FNDA:0,(anonymous_0)
FNDA:0,(anonymous_1)
DA:9,0
DA:17,0
DA:21,0
DA:42,0
DA:43,0
DA:44,0
DA:45,0
DA:48,0
DA:76,0
LF:9
LH:0
BRDA:13,0,0,0
BRDA:14,1,0,0
BRDA:15,2,0,0
BRDA:43,3,0,0
BRDA:43,3,1,0
BRDA:44,4,0,0
BRDA:44,4,1,0
BRDA:80,5,0,0
BRDA:80,5,1,0
BRF:9
BRH:0
end_of_record
